UERANSIM v3.2.6
[2024-08-12 11:21:43.271] [nas] [info] UE switches to state [MM-DEREGISTERED/PLMN-SEARCH]
[2024-08-12 11:21:43.322] [rrc] [debug] New signal detected for cell[1], total [1] cells in coverage
[2024-08-12 11:21:43.323] [nas] [info] Selected plmn[001/01]
[2024-08-12 11:21:43.325] [rrc] [warning] Suitable cell selection failed in [1] cells. [0] out of PLMN, [0] no SI, [0] reserved, [1] barred, ftai [0]
[2024-08-12 11:21:43.326] [rrc] [warning] Acceptable cell selection failed in [1] cells. [0] no SI, [0] reserved, [1] barred, ftai [0]
[2024-08-12 11:21:43.327] [rrc] [error] Cell selection failure, no suitable or acceptable cell found
[2024-08-12 11:21:48.806] [nas] [info] UE switches to state [MM-DEREGISTERED/NO-CELL-AVAILABLE]
[2024-08-12 11:22:15.797] [rrc] [warning] Suitable cell selection failed in [1] cells. [0] out of PLMN, [0] no SI, [0] reserved, [1] barred, ftai [0]
[2024-08-12 11:22:15.799] [rrc] [warning] Acceptable cell selection failed in [1] cells. [0] no SI, [0] reserved, [1] barred, ftai [0]
[2024-08-12 11:22:15.799] [rrc] [error] Cell selection failure, no suitable or acceptable cell found
[2024-08-12 11:22:45.858] [rrc] [warning] Suitable cell selection failed in [1] cells. [0] out of PLMN, [0] no SI, [0] reserved, [1] barred, ftai [0]
[2024-08-12 11:22:45.859] [rrc] [warning] Acceptable cell selection failed in [1] cells. [0] no SI, [0] reserved, [1] barred, ftai [0]
[2024-08-12 11:22:45.859] [rrc] [error] Cell selection failure, no suitable or acceptable cell found
[2024-08-12 11:23:15.908] [rrc] [warning] Suitable cell selection failed in [1] cells. [0] out of PLMN, [0] no SI, [0] reserved, [1] barred, ftai [0]
[2024-08-12 11:23:15.910] [rrc] [warning] Acceptable cell selection failed in [1] cells. [0] no SI, [0] reserved, [1] barred, ftai [0]
[2024-08-12 11:23:15.910] [rrc] [error] Cell selection failure, no suitable or acceptable cell found
[2024-08-12 11:23:46.057] [rrc] [warning] Suitable cell selection failed in [1] cells. [0] out of PLMN, [0] no SI, [0] reserved, [1] barred, ftai [0]
[2024-08-12 11:23:46.058] [rrc] [warning] Acceptable cell selection failed in [1] cells. [0] no SI, [0] reserved, [1] barred, ftai [0]
[2024-08-12 11:23:46.058] [rrc] [error] Cell selection failure, no suitable or acceptable cell found
[2024-08-12 11:24:16.110] [rrc] [warning] Suitable cell selection failed in [1] cells. [0] out of PLMN, [0] no SI, [0] reserved, [1] barred, ftai [0]
[2024-08-12 11:24:16.110] [rrc] [warning] Acceptable cell selection failed in [1] cells. [0] no SI, [0] reserved, [1] barred, ftai [0]
[2024-08-12 11:24:16.111] [rrc] [error] Cell selection failure, no suitable or acceptable cell found
[2024-08-12 11:24:46.177] [rrc] [warning] Suitable cell selection failed in [1] cells. [0] out of PLMN, [0] no SI, [0] reserved, [1] barred, ftai [0]
[2024-08-12 11:24:46.178] [rrc] [warning] Acceptable cell selection failed in [1] cells. [0] no SI, [0] reserved, [1] barred, ftai [0]
[2024-08-12 11:24:46.179] [rrc] [error] Cell selection failure, no suitable or acceptable cell found
[2024-08-12 11:25:16.238] [rrc] [warning] Suitable cell selection failed in [1] cells. [0] out of PLMN, [0] no SI, [0] reserved, [1] barred, ftai [0]
[2024-08-12 11:25:16.239] [rrc] [warning] Acceptable cell selection failed in [1] cells. [0] no SI, [0] reserved, [1] barred, ftai [0]
[2024-08-12 11:25:16.240] [rrc] [error] Cell selection failure, no suitable or acceptable cell found
[2024-08-12 11:25:46.286] [rrc] [warning] Suitable cell selection failed in [1] cells. [0] out of PLMN, [0] no SI, [0] reserved, [1] barred, ftai [0]
[2024-08-12 11:25:46.287] [rrc] [warning] Acceptable cell selection failed in [1] cells. [0] no SI, [0] reserved, [1] barred, ftai [0]
[2024-08-12 11:25:46.289] [rrc] [error] Cell selection failure, no suitable or acceptable cell found
[2024-08-12 11:26:16.448] [rrc] [warning] Suitable cell selection failed in [1] cells. [0] out of PLMN, [0] no SI, [0] reserved, [1] barred, ftai [0]
[2024-08-12 11:26:16.449] [rrc] [warning] Acceptable cell selection failed in [1] cells. [0] no SI, [0] reserved, [1] barred, ftai [0]
[2024-08-12 11:26:16.449] [rrc] [error] Cell selection failure, no suitable or acceptable cell found
[2024-08-12 11:26:46.538] [rrc] [warning] Suitable cell selection failed in [1] cells. [0] out of PLMN, [0] no SI, [0] reserved, [1] barred, ftai [0]
[2024-08-12 11:26:46.540] [rrc] [warning] Acceptable cell selection failed in [1] cells. [0] no SI, [0] reserved, [1] barred, ftai [0]
[2024-08-12 11:26:46.540] [rrc] [error] Cell selection failure, no suitable or acceptable cell found
[2024-08-12 11:27:16.596] [rrc] [warning] Suitable cell selection failed in [1] cells. [0] out of PLMN, [0] no SI, [0] reserved, [1] barred, ftai [0]
[2024-08-12 11:27:16.597] [rrc] [warning] Acceptable cell selection failed in [1] cells. [0] no SI, [0] reserved, [1] barred, ftai [0]
[2024-08-12 11:27:16.598] [rrc] [error] Cell selection failure, no suitable or acceptable cell found
[2024-08-12 11:27:46.634] [rrc] [warning] Suitable cell selection failed in [1] cells. [0] out of PLMN, [0] no SI, [0] reserved, [1] barred, ftai [0]
[2024-08-12 11:27:46.636] [rrc] [warning] Acceptable cell selection failed in [1] cells. [0] no SI, [0] reserved, [1] barred, ftai [0]
[2024-08-12 11:27:46.638] [rrc] [error] Cell selection failure, no suitable or acceptable cell found
[2024-08-12 11:28:16.686] [rrc] [warning] Suitable cell selection failed in [1] cells. [0] out of PLMN, [0] no SI, [0] reserved, [1] barred, ftai [0]
[2024-08-12 11:28:16.687] [rrc] [warning] Acceptable cell selection failed in [1] cells. [0] no SI, [0] reserved, [1] barred, ftai [0]
[2024-08-12 11:28:16.687] [rrc] [error] Cell selection failure, no suitable or acceptable cell found
[2024-08-12 11:28:46.723] [rrc] [warning] Suitable cell selection failed in [1] cells. [0] out of PLMN, [0] no SI, [0] reserved, [1] barred, ftai [0]
[2024-08-12 11:28:46.724] [rrc] [warning] Acceptable cell selection failed in [1] cells. [0] no SI, [0] reserved, [1] barred, ftai [0]
[2024-08-12 11:28:46.725] [rrc] [error] Cell selection failure, no suitable or acceptable cell found
[2024-08-12 11:29:16.740] [rrc] [warning] Suitable cell selection failed in [1] cells. [0] out of PLMN, [0] no SI, [0] reserved, [1] barred, ftai [0]
[2024-08-12 11:29:16.741] [rrc] [warning] Acceptable cell selection failed in [1] cells. [0] no SI, [0] reserved, [1] barred, ftai [0]
[2024-08-12 11:29:16.742] [rrc] [error] Cell selection failure, no suitable or acceptable cell found
[2024-08-12 11:29:46.769] [rrc] [warning] Suitable cell selection failed in [1] cells. [0] out of PLMN, [0] no SI, [0] reserved, [1] barred, ftai [0]
[2024-08-12 11:29:46.772] [rrc] [warning] Acceptable cell selection failed in [1] cells. [0] no SI, [0] reserved, [1] barred, ftai [0]
[2024-08-12 11:29:46.774] [rrc] [error] Cell selection failure, no suitable or acceptable cell found
[2024-08-12 11:30:16.805] [rrc] [warning] Suitable cell selection failed in [1] cells. [0] out of PLMN, [0] no SI, [0] reserved, [1] barred, ftai [0]
[2024-08-12 11:30:16.806] [rrc] [warning] Acceptable cell selection failed in [1] cells. [0] no SI, [0] reserved, [1] barred, ftai [0]
[2024-08-12 11:30:16.807] [rrc] [error] Cell selection failure, no suitable or acceptable cell found
[2024-08-12 11:30:46.841] [rrc] [warning] Suitable cell selection failed in [1] cells. [0] out of PLMN, [0] no SI, [0] reserved, [1] barred, ftai [0]
[2024-08-12 11:30:46.842] [rrc] [warning] Acceptable cell selection failed in [1] cells. [0] no SI, [0] reserved, [1] barred, ftai [0]
[2024-08-12 11:30:46.843] [rrc] [error] Cell selection failure, no suitable or acceptable cell found
[2024-08-12 11:31:03.068] [rrc] [debug] Signal lost for cell[1], total [0] cells in coverage
[2024-08-12 11:31:03.070] [nas] [error] PLMN selection failure, no cells in coverage
