Open5GS daemon v2.4.4

08/12 11:40:13.460: [app] INFO: Configuration: '/open5gs/install/etc/open5gs/ausf.yaml' (../lib/app/ogs-init.c:129)
08/12 11:40:13.460: [app] INFO: File Logging: '/open5gs/install/var/log/open5gs/ausf.log' (../lib/app/ogs-init.c:132)
08/12 11:40:13.468: [sbi] INFO: nghttp2_server() [127.0.0.11]:7777 (../lib/sbi/nghttp2-server.c:144)
08/12 11:40:13.469: [app] INFO: AUSF initialize...done (../src/ausf/app.c:31)
08/12 11:40:13.560: [ausf] INFO: [a34e59f8-589f-41ef-807f-4d95e9264aed] NF registred [Heartbeat:10s] (../src/ausf/nf-sm.c:198)
Open5GS daemon v2.4.4

08/13 14:28:28.349: [app] INFO: Configuration: '/open5gs/install/etc/open5gs/ausf.yaml' (../lib/app/ogs-init.c:129)
08/13 14:28:28.349: [app] INFO: File Logging: '/open5gs/install/var/log/open5gs/ausf.log' (../lib/app/ogs-init.c:132)
08/13 14:28:28.354: [sbi] INFO: nghttp2_server() [127.0.0.11]:7777 (../lib/sbi/nghttp2-server.c:144)
08/13 14:28:28.356: [app] INFO: AUSF initialize...done (../src/ausf/app.c:31)
08/13 14:28:28.363: [ausf] INFO: [4ebe206c-5980-41ef-be48-e712150be06f] NF registred [Heartbeat:10s] (../src/ausf/nf-sm.c:198)
Open5GS daemon v2.4.4

08/13 14:32:44.482: [app] INFO: Configuration: '/open5gs/install/etc/open5gs/ausf.yaml' (../lib/app/ogs-init.c:129)
08/13 14:32:44.482: [app] INFO: File Logging: '/open5gs/install/var/log/open5gs/ausf.log' (../lib/app/ogs-init.c:132)
08/13 14:32:44.484: [sbi] INFO: nghttp2_server() [127.0.0.11]:7777 (../lib/sbi/nghttp2-server.c:144)
08/13 14:32:44.496: [app] INFO: AUSF initialize...done (../src/ausf/app.c:31)
08/13 14:32:44.533: [ausf] INFO: [e7687344-5980-41ef-9962-c11e04b3f7ba] NF registred [Heartbeat:10s] (../src/ausf/nf-sm.c:198)
Open5GS daemon v2.4.4

08/13 14:57:14.570: [app] INFO: Configuration: '/open5gs/install/etc/open5gs/ausf.yaml' (../lib/app/ogs-init.c:129)
08/13 14:57:14.572: [app] INFO: File Logging: '/open5gs/install/var/log/open5gs/ausf.log' (../lib/app/ogs-init.c:132)
08/13 14:57:14.574: [sbi] INFO: nghttp2_server() [127.0.0.11]:7777 (../lib/sbi/nghttp2-server.c:144)
08/13 14:57:14.587: [app] INFO: AUSF initialize...done (../src/ausf/app.c:31)
08/13 14:57:14.599: [ausf] INFO: [53a66d1a-5984-41ef-a173-b774852ee4d5] NF registred [Heartbeat:10s] (../src/ausf/nf-sm.c:198)
08/13 14:57:14.677: [ausf] INFO: [53b17160-5984-41ef-9de3-ed9992936133] (NRF-notify) NF registered (../src/ausf/nnrf-handler.c:179)
08/13 14:57:14.677: [ausf] INFO: [53b17160-5984-41ef-9de3-ed9992936133] (NRF-notify) NF Profile updated (../src/ausf/nnrf-handler.c:198)
Open5GS daemon v2.4.4

08/13 15:01:29.336: [app] INFO: Configuration: '/open5gs/install/etc/open5gs/ausf.yaml' (../lib/app/ogs-init.c:129)
08/13 15:01:29.338: [app] INFO: File Logging: '/open5gs/install/var/log/open5gs/ausf.log' (../lib/app/ogs-init.c:132)
08/13 15:01:29.347: [sbi] INFO: nghttp2_server() [127.0.0.11]:7777 (../lib/sbi/nghttp2-server.c:144)
08/13 15:01:29.363: [app] INFO: AUSF initialize...done (../src/ausf/app.c:31)
08/13 15:01:29.374: [ausf] INFO: [eb80ef84-5984-41ef-9267-3558db7abc77] NF registred [Heartbeat:10s] (../src/ausf/nf-sm.c:198)
08/13 15:01:29.399: [ausf] INFO: [eb87a446-5984-41ef-8986-5f458285f45b] (NRF-notify) NF registered (../src/ausf/nnrf-handler.c:179)
08/13 15:01:29.401: [ausf] INFO: [eb87a446-5984-41ef-8986-5f458285f45b] (NRF-notify) NF Profile updated (../src/ausf/nnrf-handler.c:198)
Open5GS daemon v2.4.4

08/13 15:03:46.149: [app] INFO: Configuration: '/open5gs/install/etc/open5gs/ausf.yaml' (../lib/app/ogs-init.c:129)
08/13 15:03:46.149: [app] INFO: File Logging: '/open5gs/install/var/log/open5gs/ausf.log' (../lib/app/ogs-init.c:132)
08/13 15:03:46.150: [sbi] INFO: nghttp2_server() [127.0.0.11]:7777 (../lib/sbi/nghttp2-server.c:144)
08/13 15:03:46.165: [app] INFO: AUSF initialize...done (../src/ausf/app.c:31)
08/13 15:03:46.167: [ausf] INFO: [3d0c34c6-5985-41ef-931c-33f12af8322e] NF registred [Heartbeat:10s] (../src/ausf/nf-sm.c:198)
Open5GS daemon v2.4.4

08/13 15:05:49.567: [app] INFO: Configuration: '/open5gs/install/etc/open5gs/ausf.yaml' (../lib/app/ogs-init.c:129)
08/13 15:05:49.568: [app] INFO: File Logging: '/open5gs/install/var/log/open5gs/ausf.log' (../lib/app/ogs-init.c:132)
08/13 15:05:49.572: [sbi] INFO: nghttp2_server() [127.0.0.11]:7777 (../lib/sbi/nghttp2-server.c:144)
08/13 15:05:49.597: [app] INFO: AUSF initialize...done (../src/ausf/app.c:31)
08/13 15:05:49.601: [ausf] INFO: [869ca68e-5985-41ef-9bdc-e77ade128c85] NF registred [Heartbeat:10s] (../src/ausf/nf-sm.c:198)
08/13 15:05:49.718: [ausf] INFO: [86b026be-5985-41ef-8151-cf2dc44ba64d] (NRF-notify) NF registered (../src/ausf/nnrf-handler.c:179)
08/13 15:05:49.719: [ausf] INFO: [86b026be-5985-41ef-8151-cf2dc44ba64d] (NRF-notify) NF Profile updated (../src/ausf/nnrf-handler.c:198)
Open5GS daemon v2.4.4

08/13 15:06:47.205: [app] INFO: Configuration: '/open5gs/install/etc/open5gs/ausf.yaml' (../lib/app/ogs-init.c:129)
08/13 15:06:47.223: [app] INFO: File Logging: '/open5gs/install/var/log/open5gs/ausf.log' (../lib/app/ogs-init.c:132)
08/13 15:06:47.230: [sbi] INFO: nghttp2_server() [127.0.0.11]:7777 (../lib/sbi/nghttp2-server.c:144)
08/13 15:06:47.253: [app] INFO: AUSF initialize...done (../src/ausf/app.c:31)
08/13 15:06:47.273: [ausf] INFO: [a8fab3c4-5985-41ef-9b1a-a902530c0296] NF registred [Heartbeat:10s] (../src/ausf/nf-sm.c:198)
08/13 15:06:47.339: [ausf] INFO: [a9021ca4-5985-41ef-a425-99b465889064] (NRF-notify) NF registered (../src/ausf/nnrf-handler.c:179)
08/13 15:06:47.339: [ausf] INFO: [a9021ca4-5985-41ef-a425-99b465889064] (NRF-notify) NF Profile updated (../src/ausf/nnrf-handler.c:198)
Open5GS daemon v2.4.4

08/13 15:09:52.740: [app] INFO: Configuration: '/open5gs/install/etc/open5gs/ausf.yaml' (../lib/app/ogs-init.c:129)
08/13 15:09:52.740: [app] INFO: File Logging: '/open5gs/install/var/log/open5gs/ausf.log' (../lib/app/ogs-init.c:132)
08/13 15:09:52.754: [sbi] INFO: nghttp2_server() [127.0.0.11]:7777 (../lib/sbi/nghttp2-server.c:144)
08/13 15:09:52.775: [app] INFO: AUSF initialize...done (../src/ausf/app.c:31)
08/13 15:09:52.778: [ausf] INFO: [178f844a-5986-41ef-b4f6-fda2a56915a9] NF registred [Heartbeat:10s] (../src/ausf/nf-sm.c:198)
08/13 15:09:52.806: [ausf] INFO: [17936ea2-5986-41ef-aa8d-4b6b6f5f63f9] (NRF-notify) NF registered (../src/ausf/nnrf-handler.c:179)
08/13 15:09:52.806: [ausf] INFO: [17936ea2-5986-41ef-aa8d-4b6b6f5f63f9] (NRF-notify) NF Profile updated (../src/ausf/nnrf-handler.c:198)
Open5GS daemon v2.4.4

08/13 15:15:11.676: [app] INFO: Configuration: '/open5gs/install/etc/open5gs/ausf.yaml' (../lib/app/ogs-init.c:129)
08/13 15:15:11.676: [app] INFO: File Logging: '/open5gs/install/var/log/open5gs/ausf.log' (../lib/app/ogs-init.c:132)
08/13 15:15:11.682: [sbi] INFO: nghttp2_server() [127.0.0.11]:7777 (../lib/sbi/nghttp2-server.c:144)
08/13 15:15:11.710: [app] INFO: AUSF initialize...done (../src/ausf/app.c:31)
08/13 15:15:11.722: [ausf] INFO: [d5a7f638-5986-41ef-a9fd-9f9347cb3029] NF registred [Heartbeat:10s] (../src/ausf/nf-sm.c:198)
08/13 15:15:11.745: [ausf] INFO: [d5af31fa-5986-41ef-b02c-cb4c856efe1c] (NRF-notify) NF registered (../src/ausf/nnrf-handler.c:179)
08/13 15:15:11.745: [ausf] INFO: [d5af31fa-5986-41ef-b02c-cb4c856efe1c] (NRF-notify) NF Profile updated (../src/ausf/nnrf-handler.c:198)
Open5GS daemon v2.4.4

08/13 15:37:21.980: [app] INFO: Configuration: '/open5gs/install/etc/open5gs/ausf.yaml' (../lib/app/ogs-init.c:129)
08/13 15:37:21.980: [app] INFO: File Logging: '/open5gs/install/var/log/open5gs/ausf.log' (../lib/app/ogs-init.c:132)
08/13 15:37:22.003: [sbi] INFO: nghttp2_server() [127.0.0.11]:7777 (../lib/sbi/nghttp2-server.c:144)
08/13 15:37:22.010: [ausf] INFO: [ee96ea20-5989-41ef-a43a-818e56812080] NF registred [Heartbeat:10s] (../src/ausf/nf-sm.c:198)
08/13 15:37:22.025: [app] INFO: AUSF initialize...done (../src/ausf/app.c:31)
08/13 15:37:22.052: [ausf] INFO: [ee97f136-5989-41ef-a859-27075a5b86f4] (NRF-notify) NF registered (../src/ausf/nnrf-handler.c:179)
08/13 15:37:22.053: [ausf] INFO: [ee97f136-5989-41ef-a859-27075a5b86f4] (NRF-notify) NF Profile updated (../src/ausf/nnrf-handler.c:198)
Open5GS daemon v2.4.4

08/13 15:47:01.704: [app] INFO: Configuration: '/open5gs/install/etc/open5gs/ausf.yaml' (../lib/app/ogs-init.c:129)
08/13 15:47:01.708: [app] INFO: File Logging: '/open5gs/install/var/log/open5gs/ausf.log' (../lib/app/ogs-init.c:132)
08/13 15:47:01.718: [sbi] INFO: nghttp2_server() [127.0.0.11]:7777 (../lib/sbi/nghttp2-server.c:144)
08/13 15:47:01.733: [app] INFO: AUSF initialize...done (../src/ausf/app.c:31)
08/13 15:47:01.745: [ausf] INFO: [481f62ce-598b-41ef-9cdd-016f38b4b9a9] NF registred [Heartbeat:10s] (../src/ausf/nf-sm.c:198)
08/13 15:47:01.807: [ausf] INFO: [482a6cc8-598b-41ef-becd-7d0d896974e8] (NRF-notify) NF registered (../src/ausf/nnrf-handler.c:179)
08/13 15:47:01.808: [ausf] INFO: [482a6cc8-598b-41ef-becd-7d0d896974e8] (NRF-notify) NF Profile updated (../src/ausf/nnrf-handler.c:198)
Open5GS daemon v2.4.4

08/13 15:59:07.286: [app] INFO: Configuration: '/open5gs/install/etc/open5gs/ausf.yaml' (../lib/app/ogs-init.c:129)
08/13 15:59:07.298: [app] INFO: File Logging: '/open5gs/install/var/log/open5gs/ausf.log' (../lib/app/ogs-init.c:132)
08/13 15:59:07.309: [sbi] INFO: nghttp2_server() [127.0.0.11]:7777 (../lib/sbi/nghttp2-server.c:144)
08/13 15:59:07.325: [app] INFO: AUSF initialize...done (../src/ausf/app.c:31)
08/13 15:59:07.333: [ausf] INFO: [f89ccd20-598c-41ef-8213-adcabb8d1563] NF registred [Heartbeat:10s] (../src/ausf/nf-sm.c:198)
Open5GS daemon v2.4.4

08/13 16:04:15.635: [app] INFO: Configuration: '/open5gs/install/etc/open5gs/ausf.yaml' (../lib/app/ogs-init.c:129)
08/13 16:04:15.636: [app] INFO: File Logging: '/open5gs/install/var/log/open5gs/ausf.log' (../lib/app/ogs-init.c:132)
08/13 16:04:15.637: [sbi] INFO: nghttp2_server() [127.0.0.11]:7777 (../lib/sbi/nghttp2-server.c:144)
08/13 16:04:15.653: [app] INFO: AUSF initialize...done (../src/ausf/app.c:31)
08/13 16:04:15.661: [ausf] INFO: [b063e7ae-598d-41ef-b203-c1345f91bac2] NF registred [Heartbeat:10s] (../src/ausf/nf-sm.c:198)
08/13 16:04:15.726: [ausf] INFO: [b06ec804-598d-41ef-90ff-a5510e167e76] (NRF-notify) NF registered (../src/ausf/nnrf-handler.c:179)
08/13 16:04:15.727: [ausf] INFO: [b06ec804-598d-41ef-90ff-a5510e167e76] (NRF-notify) NF Profile updated (../src/ausf/nnrf-handler.c:198)
Open5GS daemon v2.4.4

08/14 08:25:05.251: [app] INFO: Configuration: '/open5gs/install/etc/open5gs/ausf.yaml' (../lib/app/ogs-init.c:129)
08/14 08:25:05.253: [app] INFO: File Logging: '/open5gs/install/var/log/open5gs/ausf.log' (../lib/app/ogs-init.c:132)
08/14 08:25:05.264: [sbi] INFO: nghttp2_server() [127.0.0.11]:7777 (../lib/sbi/nghttp2-server.c:144)
08/14 08:25:05.278: [app] INFO: AUSF initialize...done (../src/ausf/app.c:31)
08/14 08:25:05.289: [ausf] INFO: [b5804ca8-5a16-41ef-8315-0fe356bcff2e] NF registred [Heartbeat:10s] (../src/ausf/nf-sm.c:198)
Open5GS daemon v2.4.4

08/14 08:58:56.721: [app] INFO: Configuration: '/open5gs/install/etc/open5gs/ausf.yaml' (../lib/app/ogs-init.c:129)
08/14 08:58:56.721: [app] INFO: File Logging: '/open5gs/install/var/log/open5gs/ausf.log' (../lib/app/ogs-init.c:132)
08/14 08:58:56.747: [sbi] INFO: nghttp2_server() [127.0.0.11]:7777 (../lib/sbi/nghttp2-server.c:144)
08/14 08:58:56.844: [app] INFO: AUSF initialize...done (../src/ausf/app.c:31)
08/14 08:58:57.054: [ausf] INFO: [705b2292-5a1b-41ef-9a66-ef2d2f8ef93f] NF registred [Heartbeat:10s] (../src/ausf/nf-sm.c:198)
Open5GS daemon v2.4.4

08/14 09:01:18.514: [app] INFO: Configuration: '/open5gs/install/etc/open5gs/ausf.yaml' (../lib/app/ogs-init.c:129)
08/14 09:01:18.514: [app] INFO: File Logging: '/open5gs/install/var/log/open5gs/ausf.log' (../lib/app/ogs-init.c:132)
08/14 09:01:18.526: [sbi] INFO: nghttp2_server() [127.0.0.11]:7777 (../lib/sbi/nghttp2-server.c:144)
08/14 09:01:18.539: [app] INFO: AUSF initialize...done (../src/ausf/app.c:31)
08/14 09:01:18.549: [ausf] INFO: [c4dd6a0a-5a1b-41ef-8368-b5497b5890df] NF registred [Heartbeat:10s] (../src/ausf/nf-sm.c:198)
Open5GS daemon v2.4.4

08/14 09:02:40.614: [app] INFO: Configuration: '/open5gs/install/etc/open5gs/ausf.yaml' (../lib/app/ogs-init.c:129)
08/14 09:02:40.620: [app] INFO: File Logging: '/open5gs/install/var/log/open5gs/ausf.log' (../lib/app/ogs-init.c:132)
08/14 09:02:40.623: [sbi] INFO: nghttp2_server() [127.0.0.11]:7777 (../lib/sbi/nghttp2-server.c:144)
08/14 09:02:40.636: [app] INFO: AUSF initialize...done (../src/ausf/app.c:31)
08/14 09:02:40.651: [ausf] INFO: [f5ccc7be-5a1b-41ef-a94b-6ba8c7056e99] NF registred [Heartbeat:10s] (../src/ausf/nf-sm.c:198)
08/14 09:02:40.679: [ausf] INFO: [f5d3e968-5a1b-41ef-8b92-5f85ded643bd] (NRF-notify) NF registered (../src/ausf/nnrf-handler.c:179)
08/14 09:02:40.680: [ausf] INFO: [f5d3e968-5a1b-41ef-8b92-5f85ded643bd] (NRF-notify) NF Profile updated (../src/ausf/nnrf-handler.c:198)
08/14 09:07:42.608: [app] INFO: SIGHUP received (../src/main.c:58)
Open5GS daemon v2.4.4

08/14 09:24:12.299: [app] INFO: Configuration: '/open5gs/install/etc/open5gs/ausf.yaml' (../lib/app/ogs-init.c:129)
08/14 09:24:12.360: [app] INFO: File Logging: '/open5gs/install/var/log/open5gs/ausf.log' (../lib/app/ogs-init.c:132)
08/14 09:24:12.545: [sbi] INFO: nghttp2_server() [127.0.0.11]:7777 (../lib/sbi/nghttp2-server.c:144)
08/14 09:24:12.717: [app] INFO: AUSF initialize...done (../src/ausf/app.c:31)
08/14 09:24:12.839: [ausf] INFO: [f7d49156-5a1e-41ef-8b25-c523aa99879f] NF registred [Heartbeat:10s] (../src/ausf/nf-sm.c:198)
08/14 09:27:31.381: [app] INFO: SIGHUP received (../src/main.c:58)
Open5GS daemon v2.4.4

08/14 09:54:48.904: [app] INFO: Configuration: '/open5gs/install/etc/open5gs/ausf.yaml' (../lib/app/ogs-init.c:129)
08/14 09:54:48.924: [app] INFO: File Logging: '/open5gs/install/var/log/open5gs/ausf.log' (../lib/app/ogs-init.c:132)
08/14 09:54:48.989: [sbi] INFO: nghttp2_server() [127.0.0.11]:7777 (../lib/sbi/nghttp2-server.c:144)
08/14 09:54:49.081: [ausf] INFO: [3e732984-5a23-41ef-9300-d9b46972cda3] NF registred [Heartbeat:10s] (../src/ausf/nf-sm.c:198)
08/14 09:54:49.104: [app] INFO: AUSF initialize...done (../src/ausf/app.c:31)
08/14 09:54:49.326: [ausf] INFO: [3e9176e6-5a23-41ef-a327-b7d3da406efa] (NRF-notify) NF registered (../src/ausf/nnrf-handler.c:179)
08/14 09:54:49.329: [ausf] INFO: [3e9176e6-5a23-41ef-a327-b7d3da406efa] (NRF-notify) NF Profile updated (../src/ausf/nnrf-handler.c:198)
Open5GS daemon v2.4.4

08/14 14:14:37.393: [app] INFO: Configuration: '/open5gs/install/etc/open5gs/ausf.yaml' (../lib/app/ogs-init.c:129)
08/14 14:14:37.396: [app] INFO: File Logging: '/open5gs/install/var/log/open5gs/ausf.log' (../lib/app/ogs-init.c:132)
08/14 14:14:37.451: [sbi] INFO: nghttp2_server() [127.0.0.11]:7777 (../lib/sbi/nghttp2-server.c:144)
08/14 14:14:37.497: [app] INFO: AUSF initialize...done (../src/ausf/app.c:31)
08/14 14:14:37.592: [ausf] INFO: [89e1b95c-5a47-41ef-8225-15e34ccfd471] NF registred [Heartbeat:10s] (../src/ausf/nf-sm.c:198)
Open5GS daemon v2.4.4

08/14 14:19:23.836: [app] INFO: Configuration: '/open5gs/install/etc/open5gs/ausf.yaml' (../lib/app/ogs-init.c:129)
08/14 14:19:23.836: [app] INFO: File Logging: '/open5gs/install/var/log/open5gs/ausf.log' (../lib/app/ogs-init.c:132)
08/14 14:19:23.864: [sbi] INFO: nghttp2_server() [127.0.0.11]:7777 (../lib/sbi/nghttp2-server.c:144)
08/14 14:19:23.865: [app] INFO: AUSF initialize...done (../src/ausf/app.c:31)
08/14 14:19:23.870: [ausf] INFO: [349d4f82-5a48-41ef-8d5e-3504aca51454] NF registred [Heartbeat:10s] (../src/ausf/nf-sm.c:198)
08/14 14:20:34.728: [app] INFO: SIGHUP received (../src/main.c:58)
Open5GS daemon v2.4.4

08/14 14:22:41.496: [app] INFO: Configuration: '/open5gs/install/etc/open5gs/ausf.yaml' (../lib/app/ogs-init.c:129)
08/14 14:22:41.497: [app] INFO: File Logging: '/open5gs/install/var/log/open5gs/ausf.log' (../lib/app/ogs-init.c:132)
08/14 14:22:41.498: [sbi] INFO: nghttp2_server() [127.0.0.11]:7777 (../lib/sbi/nghttp2-server.c:144)
08/14 14:22:41.526: [app] INFO: AUSF initialize...done (../src/ausf/app.c:31)
08/14 14:22:41.580: [ausf] INFO: [aa69e982-5a48-41ef-9add-bff24af863be] NF registred [Heartbeat:10s] (../src/ausf/nf-sm.c:198)
08/14 14:24:23.128: [app] INFO: SIGHUP received (../src/main.c:58)
Open5GS daemon v2.4.4

08/14 14:27:14.604: [app] INFO: Configuration: '/open5gs/install/etc/open5gs/ausf.yaml' (../lib/app/ogs-init.c:129)
08/14 14:27:14.604: [app] INFO: File Logging: '/open5gs/install/var/log/open5gs/ausf.log' (../lib/app/ogs-init.c:132)
08/14 14:27:14.616: [sbi] INFO: nghttp2_server() [127.0.0.11]:7777 (../lib/sbi/nghttp2-server.c:144)
08/14 14:27:14.628: [app] INFO: AUSF initialize...done (../src/ausf/app.c:31)
08/14 14:27:14.645: [ausf] INFO: [4d3418fe-5a49-41ef-913c-03295297a135] NF registred [Heartbeat:10s] (../src/ausf/nf-sm.c:198)
08/14 14:27:14.654: [ausf] INFO: [4d3794b6-5a49-41ef-ad94-edd33d8dd166] (NRF-notify) NF registered (../src/ausf/nnrf-handler.c:179)
08/14 14:27:14.664: [ausf] INFO: [4d3794b6-5a49-41ef-ad94-edd33d8dd166] (NRF-notify) NF Profile updated (../src/ausf/nnrf-handler.c:198)
08/14 14:32:43.536: [app] INFO: SIGHUP received (../src/main.c:58)
Open5GS daemon v2.4.4

08/14 14:36:02.277: [app] INFO: Configuration: '/open5gs/install/etc/open5gs/ausf.yaml' (../lib/app/ogs-init.c:129)
08/14 14:36:02.278: [app] INFO: File Logging: '/open5gs/install/var/log/open5gs/ausf.log' (../lib/app/ogs-init.c:132)
08/14 14:36:02.287: [sbi] INFO: nghttp2_server() [127.0.0.11]:7777 (../lib/sbi/nghttp2-server.c:144)
08/14 14:36:02.300: [app] INFO: AUSF initialize...done (../src/ausf/app.c:31)
08/14 14:36:02.386: [ausf] INFO: [87b89422-5a4a-41ef-822d-89340e9ee622] NF registred [Heartbeat:10s] (../src/ausf/nf-sm.c:198)
Open5GS daemon v2.4.4

08/14 14:40:34.658: [app] INFO: Configuration: '/open5gs/install/etc/open5gs/ausf.yaml' (../lib/app/ogs-init.c:129)
08/14 14:40:34.659: [app] INFO: File Logging: '/open5gs/install/var/log/open5gs/ausf.log' (../lib/app/ogs-init.c:132)
08/14 14:40:34.660: [sbi] INFO: nghttp2_server() [127.0.0.11]:7777 (../lib/sbi/nghttp2-server.c:144)
08/14 14:40:34.668: [app] INFO: AUSF initialize...done (../src/ausf/app.c:31)
08/14 14:40:34.674: [ausf] INFO: [2a115a2e-5a4b-41ef-8455-fb1a655b1454] NF registred [Heartbeat:10s] (../src/ausf/nf-sm.c:198)
08/14 14:40:34.737: [ausf] INFO: [2a1aa9da-5a4b-41ef-a5ab-8dd5796d9f79] (NRF-notify) NF registered (../src/ausf/nnrf-handler.c:179)
08/14 14:40:34.738: [ausf] INFO: [2a1aa9da-5a4b-41ef-a5ab-8dd5796d9f79] (NRF-notify) NF Profile updated (../src/ausf/nnrf-handler.c:198)
Open5GS daemon v2.4.4

08/14 14:43:02.047: [app] INFO: Configuration: '/open5gs/install/etc/open5gs/ausf.yaml' (../lib/app/ogs-init.c:129)
08/14 14:43:02.048: [app] INFO: File Logging: '/open5gs/install/var/log/open5gs/ausf.log' (../lib/app/ogs-init.c:132)
08/14 14:43:02.054: [sbi] INFO: nghttp2_server() [127.0.0.11]:7777 (../lib/sbi/nghttp2-server.c:144)
08/14 14:43:02.066: [app] INFO: AUSF initialize...done (../src/ausf/app.c:31)
08/14 14:43:02.072: [ausf] INFO: [81ebca7c-5a4b-41ef-9759-55b2cc606927] NF registred [Heartbeat:10s] (../src/ausf/nf-sm.c:198)
08/14 14:43:02.089: [ausf] INFO: [81f07252-5a4b-41ef-8e2b-0537a1b5133d] (NRF-notify) NF registered (../src/ausf/nnrf-handler.c:179)
08/14 14:43:02.089: [ausf] INFO: [81f07252-5a4b-41ef-8e2b-0537a1b5133d] (NRF-notify) NF Profile updated (../src/ausf/nnrf-handler.c:198)
Open5GS daemon v2.4.4

08/14 14:44:34.114: [app] INFO: Configuration: '/open5gs/install/etc/open5gs/ausf.yaml' (../lib/app/ogs-init.c:129)
08/14 14:44:34.115: [app] INFO: File Logging: '/open5gs/install/var/log/open5gs/ausf.log' (../lib/app/ogs-init.c:132)
08/14 14:44:34.119: [sbi] INFO: nghttp2_server() [127.0.0.11]:7777 (../lib/sbi/nghttp2-server.c:144)
08/14 14:44:34.138: [app] INFO: AUSF initialize...done (../src/ausf/app.c:31)
08/14 14:44:34.197: [ausf] INFO: [b8cbda1e-5a4b-41ef-b317-2b0ff50e4eca] NF registred [Heartbeat:10s] (../src/ausf/nf-sm.c:198)
08/14 14:44:55.265: [app] INFO: SIGHUP received (../src/main.c:58)
Open5GS daemon v2.4.4

08/14 14:45:34.117: [app] INFO: Configuration: '/open5gs/install/etc/open5gs/ausf.yaml' (../lib/app/ogs-init.c:129)
08/14 14:45:34.117: [app] INFO: File Logging: '/open5gs/install/var/log/open5gs/ausf.log' (../lib/app/ogs-init.c:132)
08/14 14:45:34.124: [sbi] INFO: nghttp2_server() [127.0.0.11]:7777 (../lib/sbi/nghttp2-server.c:144)
08/14 14:45:34.127: [app] INFO: AUSF initialize...done (../src/ausf/app.c:31)
08/14 14:45:34.141: [ausf] INFO: [dc8fb4de-5a4b-41ef-80fc-6f1225476be5] NF registred [Heartbeat:10s] (../src/ausf/nf-sm.c:198)
Open5GS daemon v2.4.4

08/14 14:48:14.666: [app] INFO: Configuration: '/open5gs/install/etc/open5gs/ausf.yaml' (../lib/app/ogs-init.c:129)
08/14 14:48:14.668: [app] INFO: File Logging: '/open5gs/install/var/log/open5gs/ausf.log' (../lib/app/ogs-init.c:132)
08/14 14:48:14.679: [sbi] INFO: nghttp2_server() [127.0.0.11]:7777 (../lib/sbi/nghttp2-server.c:144)
08/14 14:48:14.688: [app] INFO: AUSF initialize...done (../src/ausf/app.c:31)
08/14 14:48:14.718: [ausf] INFO: [3c422cd6-5a4c-41ef-b28e-c7d5c62921b4] NF registred [Heartbeat:10s] (../src/ausf/nf-sm.c:198)
08/14 14:50:30.455: [app] INFO: SIGHUP received (../src/main.c:58)
Open5GS daemon v2.4.4

08/14 14:51:20.737: [app] INFO: Configuration: '/open5gs/install/etc/open5gs/ausf.yaml' (../lib/app/ogs-init.c:129)
08/14 14:51:20.738: [app] INFO: File Logging: '/open5gs/install/var/log/open5gs/ausf.log' (../lib/app/ogs-init.c:132)
08/14 14:51:20.739: [sbi] INFO: nghttp2_server() [127.0.0.11]:7777 (../lib/sbi/nghttp2-server.c:144)
08/14 14:51:20.742: [app] INFO: AUSF initialize...done (../src/ausf/app.c:31)
08/14 14:51:20.757: [ausf] INFO: [ab293ac2-5a4c-41ef-8633-419c950d4397] NF registred [Heartbeat:10s] (../src/ausf/nf-sm.c:198)
08/14 14:51:20.777: [ausf] INFO: [ab294756-5a4c-41ef-a5e4-b348a7496414] (NRF-notify) NF registered (../src/ausf/nnrf-handler.c:179)
08/14 14:51:20.778: [ausf] INFO: [ab294756-5a4c-41ef-a5e4-b348a7496414] (NRF-notify) NF Profile updated (../src/ausf/nnrf-handler.c:198)
Open5GS daemon v2.4.4

08/14 14:55:23.741: [app] INFO: Configuration: '/open5gs/install/etc/open5gs/ausf.yaml' (../lib/app/ogs-init.c:129)
08/14 14:55:23.742: [app] INFO: File Logging: '/open5gs/install/var/log/open5gs/ausf.log' (../lib/app/ogs-init.c:132)
08/14 14:55:23.749: [sbi] INFO: nghttp2_server() [127.0.0.11]:7777 (../lib/sbi/nghttp2-server.c:144)
08/14 14:55:23.777: [app] INFO: AUSF initialize...done (../src/ausf/app.c:31)
08/14 14:55:23.780: [ausf] INFO: [3c00c1d2-5a4d-41ef-a6eb-0b280ad62ecf] NF registred [Heartbeat:10s] (../src/ausf/nf-sm.c:198)
Open5GS daemon v2.4.4

08/15 12:14:20.086: [app] INFO: Configuration: '/open5gs/install/etc/open5gs/ausf.yaml' (../lib/app/ogs-init.c:129)
08/15 12:14:20.087: [app] INFO: File Logging: '/open5gs/install/var/log/open5gs/ausf.log' (../lib/app/ogs-init.c:132)
08/15 12:14:20.204: [sbi] INFO: nghttp2_server() [127.0.0.11]:7777 (../lib/sbi/nghttp2-server.c:144)
08/15 12:14:20.342: [app] INFO: AUSF initialize...done (../src/ausf/app.c:31)
08/15 12:14:20.378: [ausf] INFO: [e67f2e16-5aff-41ef-931a-cfd6877645dc] NF registred [Heartbeat:10s] (../src/ausf/nf-sm.c:198)
Open5GS daemon v2.4.4

08/15 12:16:51.786: [app] INFO: Configuration: '/open5gs/install/etc/open5gs/ausf.yaml' (../lib/app/ogs-init.c:129)
08/15 12:16:51.786: [app] INFO: File Logging: '/open5gs/install/var/log/open5gs/ausf.log' (../lib/app/ogs-init.c:132)
08/15 12:16:51.788: [sbi] INFO: nghttp2_server() [127.0.0.11]:7777 (../lib/sbi/nghttp2-server.c:144)
08/15 12:16:51.790: [app] INFO: AUSF initialize...done (../src/ausf/app.c:31)
08/15 12:16:51.798: [ausf] INFO: [40d93fd2-5b00-41ef-b3f4-8535be8a2f5e] NF registred [Heartbeat:10s] (../src/ausf/nf-sm.c:198)
08/15 12:17:12.055: [app] INFO: SIGHUP received (../src/main.c:58)
Open5GS daemon v2.4.4

08/15 12:17:40.765: [app] INFO: Configuration: '/open5gs/install/etc/open5gs/ausf.yaml' (../lib/app/ogs-init.c:129)
08/15 12:17:40.769: [app] INFO: File Logging: '/open5gs/install/var/log/open5gs/ausf.log' (../lib/app/ogs-init.c:132)
08/15 12:17:40.782: [sbi] INFO: nghttp2_server() [127.0.0.11]:7777 (../lib/sbi/nghttp2-server.c:144)
08/15 12:17:40.804: [app] INFO: AUSF initialize...done (../src/ausf/app.c:31)
08/15 12:17:40.843: [ausf] INFO: [5e0d05a2-5b00-41ef-bf04-4d3603dbed76] NF registred [Heartbeat:10s] (../src/ausf/nf-sm.c:198)
Open5GS daemon v2.4.4

08/15 12:23:09.585: [app] INFO: Configuration: '/open5gs/install/etc/open5gs/ausf.yaml' (../lib/app/ogs-init.c:129)
08/15 12:23:09.600: [app] INFO: File Logging: '/open5gs/install/var/log/open5gs/ausf.log' (../lib/app/ogs-init.c:132)
08/15 12:23:09.611: [sbi] INFO: nghttp2_server() [127.0.0.11]:7777 (../lib/sbi/nghttp2-server.c:144)
08/15 12:23:09.642: [app] INFO: AUSF initialize...done (../src/ausf/app.c:31)
08/15 12:23:09.648: [ausf] INFO: [220c8270-5b01-41ef-ac1b-a7b5355d0fbd] NF registred [Heartbeat:10s] (../src/ausf/nf-sm.c:198)
Open5GS daemon v2.4.4

08/15 12:31:00.010: [app] INFO: Configuration: '/open5gs/install/etc/open5gs/ausf.yaml' (../lib/app/ogs-init.c:129)
08/15 12:31:00.010: [app] INFO: File Logging: '/open5gs/install/var/log/open5gs/ausf.log' (../lib/app/ogs-init.c:132)
08/15 12:31:00.012: [sbi] INFO: nghttp2_server() [127.0.0.11]:7777 (../lib/sbi/nghttp2-server.c:144)
08/15 12:31:00.016: [app] INFO: AUSF initialize...done (../src/ausf/app.c:31)
08/15 12:31:00.031: [ausf] INFO: [3a6e00e0-5b02-41ef-b5f8-7b242bb01ff4] NF registred [Heartbeat:10s] (../src/ausf/nf-sm.c:198)
08/15 12:31:00.117: [ausf] INFO: [3a7b3c9c-5b02-41ef-9163-b5f59b597dd4] (NRF-notify) NF registered (../src/ausf/nnrf-handler.c:179)
08/15 12:31:00.117: [ausf] INFO: [3a7b3c9c-5b02-41ef-9163-b5f59b597dd4] (NRF-notify) NF Profile updated (../src/ausf/nnrf-handler.c:198)
Open5GS daemon v2.4.4

08/15 12:33:15.287: [app] INFO: Configuration: '/open5gs/install/etc/open5gs/ausf.yaml' (../lib/app/ogs-init.c:129)
08/15 12:33:15.287: [app] INFO: File Logging: '/open5gs/install/var/log/open5gs/ausf.log' (../lib/app/ogs-init.c:132)
08/15 12:33:15.316: [sbi] INFO: nghttp2_server() [127.0.0.11]:7777 (../lib/sbi/nghttp2-server.c:144)
08/15 12:33:15.339: [app] INFO: AUSF initialize...done (../src/ausf/app.c:31)
08/15 12:33:15.359: [ausf] INFO: [8b12893a-5b02-41ef-969c-43dbe9e434dc] NF registred [Heartbeat:10s] (../src/ausf/nf-sm.c:198)
Open5GS daemon v2.4.4

08/15 12:35:37.941: [app] INFO: Configuration: '/open5gs/install/etc/open5gs/ausf.yaml' (../lib/app/ogs-init.c:129)
08/15 12:35:37.977: [app] INFO: File Logging: '/open5gs/install/var/log/open5gs/ausf.log' (../lib/app/ogs-init.c:132)
08/15 12:35:38.001: [sbi] INFO: nghttp2_server() [127.0.0.11]:7777 (../lib/sbi/nghttp2-server.c:144)
08/15 12:35:38.015: [app] INFO: AUSF initialize...done (../src/ausf/app.c:31)
08/15 12:35:38.063: [ausf] INFO: [e01fb38a-5b02-41ef-96f9-8d0467793816] NF registred [Heartbeat:10s] (../src/ausf/nf-sm.c:198)
Open5GS daemon v2.4.4

08/15 12:37:24.979: [app] INFO: Configuration: '/open5gs/install/etc/open5gs/ausf.yaml' (../lib/app/ogs-init.c:129)
08/15 12:37:24.980: [app] INFO: File Logging: '/open5gs/install/var/log/open5gs/ausf.log' (../lib/app/ogs-init.c:132)
08/15 12:37:25.044: [sbi] INFO: nghttp2_server() [127.0.0.11]:7777 (../lib/sbi/nghttp2-server.c:144)
08/15 12:37:25.072: [app] INFO: AUSF initialize...done (../src/ausf/app.c:31)
08/15 12:37:25.087: [ausf] INFO: [1fe9b68c-5b03-41ef-b730-513e18fba14c] NF registred [Heartbeat:10s] (../src/ausf/nf-sm.c:198)
08/15 12:37:25.164: [ausf] INFO: [1fedda50-5b03-41ef-a569-ed43b2b534e0] (NRF-notify) NF registered (../src/ausf/nnrf-handler.c:179)
08/15 12:37:25.183: [ausf] INFO: [1fedda50-5b03-41ef-a569-ed43b2b534e0] (NRF-notify) NF Profile updated (../src/ausf/nnrf-handler.c:198)
Open5GS daemon v2.4.4

08/15 12:38:42.196: [app] INFO: Configuration: '/open5gs/install/etc/open5gs/ausf.yaml' (../lib/app/ogs-init.c:129)
08/15 12:38:42.204: [app] INFO: File Logging: '/open5gs/install/var/log/open5gs/ausf.log' (../lib/app/ogs-init.c:132)
08/15 12:38:42.212: [sbi] INFO: nghttp2_server() [127.0.0.11]:7777 (../lib/sbi/nghttp2-server.c:144)
08/15 12:38:42.242: [app] INFO: AUSF initialize...done (../src/ausf/app.c:31)
08/15 12:38:42.292: [ausf] INFO: [4dec105c-5b03-41ef-bf8b-e5c6540ae8fa] NF registred [Heartbeat:10s] (../src/ausf/nf-sm.c:198)
08/15 12:40:53.387: [app] INFO: SIGHUP received (../src/main.c:58)
Open5GS daemon v2.4.4

08/15 12:41:08.131: [app] INFO: Configuration: '/open5gs/install/etc/open5gs/ausf.yaml' (../lib/app/ogs-init.c:129)
08/15 12:41:08.132: [app] INFO: File Logging: '/open5gs/install/var/log/open5gs/ausf.log' (../lib/app/ogs-init.c:132)
08/15 12:41:08.135: [sbi] INFO: nghttp2_server() [127.0.0.11]:7777 (../lib/sbi/nghttp2-server.c:144)
08/15 12:41:08.149: [app] INFO: AUSF initialize...done (../src/ausf/app.c:31)
08/15 12:41:08.181: [ausf] INFO: [a4e61d30-5b03-41ef-a134-976c364711c8] NF registred [Heartbeat:10s] (../src/ausf/nf-sm.c:198)
08/15 12:41:08.291: [ausf] INFO: [a4fcc79c-5b03-41ef-b5c5-0f722addac11] (NRF-notify) NF registered (../src/ausf/nnrf-handler.c:179)
08/15 12:41:08.292: [ausf] INFO: [a4fcc79c-5b03-41ef-b5c5-0f722addac11] (NRF-notify) NF Profile updated (../src/ausf/nnrf-handler.c:198)
08/15 12:45:35.495: [app] INFO: SIGHUP received (../src/main.c:58)
Open5GS daemon v2.4.4

08/15 12:46:53.522: [app] INFO: Configuration: '/open5gs/install/etc/open5gs/ausf.yaml' (../lib/app/ogs-init.c:129)
08/15 12:46:53.522: [app] INFO: File Logging: '/open5gs/install/var/log/open5gs/ausf.log' (../lib/app/ogs-init.c:132)
08/15 12:46:53.534: [sbi] INFO: nghttp2_server() [127.0.0.11]:7777 (../lib/sbi/nghttp2-server.c:144)
08/15 12:46:53.538: [app] INFO: AUSF initialize...done (../src/ausf/app.c:31)
08/15 12:46:53.556: [ausf] INFO: [72c5e316-5b04-41ef-b964-7f3ef42ab9c4] NF registred [Heartbeat:10s] (../src/ausf/nf-sm.c:198)
08/15 12:46:53.609: [ausf] INFO: [72cfb62a-5b04-41ef-9284-ffdad57fe61b] (NRF-notify) NF registered (../src/ausf/nnrf-handler.c:179)
08/15 12:46:53.609: [ausf] INFO: [72cfb62a-5b04-41ef-9284-ffdad57fe61b] (NRF-notify) NF Profile updated (../src/ausf/nnrf-handler.c:198)
Open5GS daemon v2.4.4

08/15 12:56:29.966: [app] INFO: Configuration: '/open5gs/install/etc/open5gs/ausf.yaml' (../lib/app/ogs-init.c:129)
08/15 12:56:29.972: [app] INFO: File Logging: '/open5gs/install/var/log/open5gs/ausf.log' (../lib/app/ogs-init.c:132)
08/15 12:56:30.047: [sbi] INFO: nghttp2_server() [127.0.0.11]:7777 (../lib/sbi/nghttp2-server.c:144)
08/15 12:56:30.050: [app] INFO: AUSF initialize...done (../src/ausf/app.c:31)
08/15 12:56:30.055: [ausf] INFO: [ca63db22-5b05-41ef-a3bf-7f4576108399] NF registred [Heartbeat:10s] (../src/ausf/nf-sm.c:198)
Open5GS daemon v2.4.4

08/15 13:03:00.579: [app] INFO: Configuration: '/open5gs/install/etc/open5gs/ausf.yaml' (../lib/app/ogs-init.c:129)
08/15 13:03:00.581: [app] INFO: File Logging: '/open5gs/install/var/log/open5gs/ausf.log' (../lib/app/ogs-init.c:132)
08/15 13:03:00.582: [sbi] INFO: nghttp2_server() [127.0.0.11]:7777 (../lib/sbi/nghttp2-server.c:144)
08/15 13:03:00.631: [app] INFO: AUSF initialize...done (../src/ausf/app.c:31)
08/15 13:03:00.635: [ausf] INFO: [b32dc016-5b06-41ef-a75d-4779243d684c] NF registred [Heartbeat:10s] (../src/ausf/nf-sm.c:198)
08/15 13:03:00.683: [ausf] INFO: [b338e6c6-5b06-41ef-8f02-d1bb88d2d82f] (NRF-notify) NF registered (../src/ausf/nnrf-handler.c:179)
08/15 13:03:00.683: [ausf] INFO: [b338e6c6-5b06-41ef-8f02-d1bb88d2d82f] (NRF-notify) NF Profile updated (../src/ausf/nnrf-handler.c:198)
Open5GS daemon v2.4.4

08/15 13:15:37.978: [app] INFO: Configuration: '/open5gs/install/etc/open5gs/ausf.yaml' (../lib/app/ogs-init.c:129)
08/15 13:15:37.979: [app] INFO: File Logging: '/open5gs/install/var/log/open5gs/ausf.log' (../lib/app/ogs-init.c:132)
08/15 13:15:37.988: [sbi] INFO: nghttp2_server() [127.0.0.11]:7777 (../lib/sbi/nghttp2-server.c:144)
08/15 13:15:38.001: [ausf] INFO: [76a08b5e-5b08-41ef-a948-ab882141f88f] NF registred [Heartbeat:10s] (../src/ausf/nf-sm.c:198)
08/15 13:15:38.004: [app] INFO: AUSF initialize...done (../src/ausf/app.c:31)
08/15 13:15:38.020: [ausf] INFO: [76a3a7e4-5b08-41ef-b1cc-71d715c89b53] (NRF-notify) NF registered (../src/ausf/nnrf-handler.c:179)
08/15 13:15:38.021: [ausf] INFO: [76a3a7e4-5b08-41ef-b1cc-71d715c89b53] (NRF-notify) NF Profile updated (../src/ausf/nnrf-handler.c:198)
08/15 13:17:20.950: [app] INFO: SIGHUP received (../src/main.c:58)
Open5GS daemon v2.4.4

08/15 13:19:57.620: [app] INFO: Configuration: '/open5gs/install/etc/open5gs/ausf.yaml' (../lib/app/ogs-init.c:129)
08/15 13:19:57.620: [app] INFO: File Logging: '/open5gs/install/var/log/open5gs/ausf.log' (../lib/app/ogs-init.c:132)
08/15 13:19:57.653: [sbi] INFO: nghttp2_server() [127.0.0.11]:7777 (../lib/sbi/nghttp2-server.c:144)
08/15 13:19:57.659: [app] INFO: AUSF initialize...done (../src/ausf/app.c:31)
08/15 13:19:57.668: [ausf] INFO: [116395e6-5b09-41ef-9275-4d3d351f5689] NF registred [Heartbeat:10s] (../src/ausf/nf-sm.c:198)
08/15 13:19:57.819: [ausf] INFO: [1172fa0e-5b09-41ef-92cb-1350fd4861d3] (NRF-notify) NF registered (../src/ausf/nnrf-handler.c:179)
08/15 13:19:57.831: [ausf] INFO: [1172fa0e-5b09-41ef-92cb-1350fd4861d3] (NRF-notify) NF Profile updated (../src/ausf/nnrf-handler.c:198)
Open5GS daemon v2.4.4

08/16 09:14:25.739: [app] INFO: Configuration: '/open5gs/install/etc/open5gs/ausf.yaml' (../lib/app/ogs-init.c:129)
08/16 09:14:25.739: [app] INFO: File Logging: '/open5gs/install/var/log/open5gs/ausf.log' (../lib/app/ogs-init.c:132)
08/16 09:14:25.757: [sbi] INFO: nghttp2_server() [127.0.0.11]:7777 (../lib/sbi/nghttp2-server.c:144)
08/16 09:14:25.789: [app] INFO: AUSF initialize...done (../src/ausf/app.c:31)
08/16 09:14:25.808: [ausf] INFO: [eee9026a-5baf-41ef-b351-ff2a3312146d] NF registred [Heartbeat:10s] (../src/ausf/nf-sm.c:198)
08/16 09:14:25.838: [ausf] INFO: [eef1bb58-5baf-41ef-a3b9-5580fffe101a] (NRF-notify) NF registered (../src/ausf/nnrf-handler.c:179)
08/16 09:14:25.838: [ausf] INFO: [eef1bb58-5baf-41ef-a3b9-5580fffe101a] (NRF-notify) NF Profile updated (../src/ausf/nnrf-handler.c:198)
Open5GS daemon v2.4.4

08/16 09:31:46.832: [app] INFO: Configuration: '/open5gs/install/etc/open5gs/ausf.yaml' (../lib/app/ogs-init.c:129)
08/16 09:31:46.833: [app] INFO: File Logging: '/open5gs/install/var/log/open5gs/ausf.log' (../lib/app/ogs-init.c:132)
08/16 09:31:46.844: [sbi] INFO: nghttp2_server() [127.0.0.11]:7777 (../lib/sbi/nghttp2-server.c:144)
08/16 09:31:46.852: [app] INFO: AUSF initialize...done (../src/ausf/app.c:31)
08/16 09:31:46.859: [ausf] INFO: [5b73079e-5bb2-41ef-af0d-25cf6d72df23] NF registred [Heartbeat:10s] (../src/ausf/nf-sm.c:198)
08/16 09:31:46.928: [ausf] INFO: [5b7e2674-5bb2-41ef-9eea-5321a649fff1] (NRF-notify) NF registered (../src/ausf/nnrf-handler.c:179)
08/16 09:31:46.931: [ausf] INFO: [5b7e2674-5bb2-41ef-9eea-5321a649fff1] (NRF-notify) NF Profile updated (../src/ausf/nnrf-handler.c:198)
Open5GS daemon v2.4.4

08/16 09:32:16.390: [app] INFO: Configuration: '/open5gs/install/etc/open5gs/ausf.yaml' (../lib/app/ogs-init.c:129)
08/16 09:32:16.390: [app] INFO: File Logging: '/open5gs/install/var/log/open5gs/ausf.log' (../lib/app/ogs-init.c:132)
08/16 09:32:16.397: [sbi] INFO: nghttp2_server() [127.0.0.11]:7777 (../lib/sbi/nghttp2-server.c:144)
08/16 09:32:16.407: [app] INFO: AUSF initialize...done (../src/ausf/app.c:31)
08/16 09:32:16.412: [ausf] INFO: [6d111a4a-5bb2-41ef-a597-a12415c37e31] NF registred [Heartbeat:10s] (../src/ausf/nf-sm.c:198)
Open5GS daemon v2.4.4

08/16 09:34:13.584: [app] INFO: Configuration: '/open5gs/install/etc/open5gs/ausf.yaml' (../lib/app/ogs-init.c:129)
08/16 09:34:13.585: [app] INFO: File Logging: '/open5gs/install/var/log/open5gs/ausf.log' (../lib/app/ogs-init.c:132)
08/16 09:34:13.601: [sbi] INFO: nghttp2_server() [127.0.0.11]:7777 (../lib/sbi/nghttp2-server.c:144)
08/16 09:34:13.622: [app] INFO: AUSF initialize...done (../src/ausf/app.c:31)
08/16 09:34:13.633: [ausf] INFO: [b2edc478-5bb2-41ef-ac5e-bb4cc29565b1] NF registred [Heartbeat:10s] (../src/ausf/nf-sm.c:198)
Open5GS daemon v2.4.4

08/16 11:32:06.831: [app] INFO: Configuration: '/open5gs/install/etc/open5gs/ausf.yaml' (../lib/app/ogs-init.c:129)
08/16 11:32:06.831: [app] INFO: File Logging: '/open5gs/install/var/log/open5gs/ausf.log' (../lib/app/ogs-init.c:132)
08/16 11:32:06.878: [sbi] INFO: nghttp2_server() [127.0.0.11]:7777 (../lib/sbi/nghttp2-server.c:144)
08/16 11:32:07.022: [app] INFO: AUSF initialize...done (../src/ausf/app.c:31)
08/16 11:32:07.030: [ausf] INFO: [2aec7c70-5bc3-41ef-af5d-4b45c94329cd] NF registred [Heartbeat:10s] (../src/ausf/nf-sm.c:198)
Open5GS daemon v2.4.4

08/16 11:37:07.171: [app] INFO: Configuration: '/open5gs/install/etc/open5gs/ausf.yaml' (../lib/app/ogs-init.c:129)
08/16 11:37:07.175: [app] INFO: File Logging: '/open5gs/install/var/log/open5gs/ausf.log' (../lib/app/ogs-init.c:132)
08/16 11:37:07.201: [sbi] INFO: nghttp2_server() [127.0.0.11]:7777 (../lib/sbi/nghttp2-server.c:144)
08/16 11:37:07.250: [app] INFO: AUSF initialize...done (../src/ausf/app.c:31)
08/16 11:37:07.358: [ausf] INFO: [ddef5aea-5bc3-41ef-942e-b16af3cf7d0d] NF registred [Heartbeat:10s] (../src/ausf/nf-sm.c:198)
08/16 11:37:07.406: [ausf] INFO: [de04ff12-5bc3-41ef-be1b-4564d99f750d] (NRF-notify) NF registered (../src/ausf/nnrf-handler.c:179)
08/16 11:37:07.419: [ausf] INFO: [de04ff12-5bc3-41ef-be1b-4564d99f750d] (NRF-notify) NF Profile updated (../src/ausf/nnrf-handler.c:198)
08/16 11:39:10.321: [app] INFO: SIGHUP received (../src/main.c:58)
Open5GS daemon v2.4.4

08/16 11:43:49.028: [app] INFO: Configuration: '/open5gs/install/etc/open5gs/ausf.yaml' (../lib/app/ogs-init.c:129)
08/16 11:43:49.029: [app] INFO: File Logging: '/open5gs/install/var/log/open5gs/ausf.log' (../lib/app/ogs-init.c:132)
08/16 11:43:49.030: [sbi] INFO: nghttp2_server() [127.0.0.11]:7777 (../lib/sbi/nghttp2-server.c:144)
08/16 11:43:49.037: [app] INFO: AUSF initialize...done (../src/ausf/app.c:31)
08/16 11:43:49.038: [ausf] INFO: [cd7222aa-5bc4-41ef-a4b9-d5ebb3112b7d] NF registred [Heartbeat:10s] (../src/ausf/nf-sm.c:198)
Open5GS daemon v2.4.4

08/16 11:45:16.943: [app] INFO: Configuration: '/open5gs/install/etc/open5gs/ausf.yaml' (../lib/app/ogs-init.c:129)
08/16 11:45:16.946: [app] INFO: File Logging: '/open5gs/install/var/log/open5gs/ausf.log' (../lib/app/ogs-init.c:132)
08/16 11:45:16.952: [sbi] INFO: nghttp2_server() [127.0.0.11]:7777 (../lib/sbi/nghttp2-server.c:144)
08/16 11:45:16.958: [app] INFO: AUSF initialize...done (../src/ausf/app.c:31)
08/16 11:45:17.004: [ausf] INFO: [01d9b3dc-5bc5-41ef-815e-27c3659ee4cb] NF registred [Heartbeat:10s] (../src/ausf/nf-sm.c:198)
Open5GS daemon v2.4.4

08/16 11:46:51.904: [app] INFO: Configuration: '/open5gs/install/etc/open5gs/ausf.yaml' (../lib/app/ogs-init.c:129)
08/16 11:46:51.905: [app] INFO: File Logging: '/open5gs/install/var/log/open5gs/ausf.log' (../lib/app/ogs-init.c:132)
08/16 11:46:51.909: [sbi] INFO: nghttp2_server() [127.0.0.11]:7777 (../lib/sbi/nghttp2-server.c:144)
08/16 11:46:51.925: [app] INFO: AUSF initialize...done (../src/ausf/app.c:31)
08/16 11:46:51.965: [ausf] INFO: [3a733a42-5bc5-41ef-852a-cf6ac245464e] NF registred [Heartbeat:10s] (../src/ausf/nf-sm.c:198)
Open5GS daemon v2.4.4

08/16 11:49:10.707: [app] INFO: Configuration: '/open5gs/install/etc/open5gs/ausf.yaml' (../lib/app/ogs-init.c:129)
08/16 11:49:10.714: [app] INFO: File Logging: '/open5gs/install/var/log/open5gs/ausf.log' (../lib/app/ogs-init.c:132)
08/16 11:49:10.722: [sbi] INFO: nghttp2_server() [127.0.0.11]:7777 (../lib/sbi/nghttp2-server.c:144)
08/16 11:49:10.732: [ausf] INFO: [8d30531e-5bc5-41ef-8d84-c70d222370c8] NF registred [Heartbeat:10s] (../src/ausf/nf-sm.c:198)
08/16 11:49:10.733: [app] INFO: AUSF initialize...done (../src/ausf/app.c:31)
Open5GS daemon v2.4.4

08/16 11:52:33.830: [app] INFO: Configuration: '/open5gs/install/etc/open5gs/ausf.yaml' (../lib/app/ogs-init.c:129)
08/16 11:52:33.836: [app] INFO: File Logging: '/open5gs/install/var/log/open5gs/ausf.log' (../lib/app/ogs-init.c:132)
08/16 11:52:33.837: [sbi] INFO: nghttp2_server() [127.0.0.11]:7777 (../lib/sbi/nghttp2-server.c:144)
08/16 11:52:33.846: [app] INFO: AUSF initialize...done (../src/ausf/app.c:31)
08/16 11:52:33.855: [ausf] INFO: [0641632e-5bc6-41ef-8373-99650b33d0e6] NF registred [Heartbeat:10s] (../src/ausf/nf-sm.c:198)
Open5GS daemon v2.4.4

08/16 12:06:07.375: [app] INFO: Configuration: '/open5gs/install/etc/open5gs/ausf.yaml' (../lib/app/ogs-init.c:129)
08/16 12:06:07.382: [app] INFO: File Logging: '/open5gs/install/var/log/open5gs/ausf.log' (../lib/app/ogs-init.c:132)
08/16 12:06:07.398: [sbi] INFO: nghttp2_server() [127.0.0.11]:7777 (../lib/sbi/nghttp2-server.c:144)
08/16 12:06:07.458: [app] INFO: AUSF initialize...done (../src/ausf/app.c:31)
08/16 12:06:07.489: [ausf] INFO: [eb2cc914-5bc7-41ef-a592-ada9df1abbc4] NF registred [Heartbeat:10s] (../src/ausf/nf-sm.c:198)
08/16 12:06:07.564: [ausf] INFO: [eb38613e-5bc7-41ef-8a6f-875a72268472] (NRF-notify) NF registered (../src/ausf/nnrf-handler.c:179)
08/16 12:06:07.565: [ausf] INFO: [eb38613e-5bc7-41ef-8a6f-875a72268472] (NRF-notify) NF Profile updated (../src/ausf/nnrf-handler.c:198)
Open5GS daemon v2.4.4

08/16 12:10:15.063: [app] INFO: Configuration: '/open5gs/install/etc/open5gs/ausf.yaml' (../lib/app/ogs-init.c:129)
08/16 12:10:15.063: [app] INFO: File Logging: '/open5gs/install/var/log/open5gs/ausf.log' (../lib/app/ogs-init.c:132)
08/16 12:10:15.071: [sbi] INFO: nghttp2_server() [127.0.0.11]:7777 (../lib/sbi/nghttp2-server.c:144)
08/16 12:10:15.084: [app] INFO: AUSF initialize...done (../src/ausf/app.c:31)
08/16 12:10:15.097: [ausf] INFO: [7ecc8a60-5bc8-41ef-b240-57721841ccfc] NF registred [Heartbeat:10s] (../src/ausf/nf-sm.c:198)
08/16 12:10:15.131: [ausf] INFO: [7ece1772-5bc8-41ef-bfbc-ed56e4abdc51] (NRF-notify) NF registered (../src/ausf/nnrf-handler.c:179)
08/16 12:10:15.132: [ausf] INFO: [7ece1772-5bc8-41ef-bfbc-ed56e4abdc51] (NRF-notify) NF Profile updated (../src/ausf/nnrf-handler.c:198)
Open5GS daemon v2.4.4

08/16 12:11:03.446: [app] INFO: Configuration: '/open5gs/install/etc/open5gs/ausf.yaml' (../lib/app/ogs-init.c:129)
08/16 12:11:03.447: [app] INFO: File Logging: '/open5gs/install/var/log/open5gs/ausf.log' (../lib/app/ogs-init.c:132)
08/16 12:11:03.449: [sbi] INFO: nghttp2_server() [127.0.0.11]:7777 (../lib/sbi/nghttp2-server.c:144)
08/16 12:11:03.511: [app] INFO: AUSF initialize...done (../src/ausf/app.c:31)
08/16 12:11:03.565: [ausf] INFO: [9ba2a598-5bc8-41ef-bc9d-4d4a6449539a] NF registred [Heartbeat:10s] (../src/ausf/nf-sm.c:198)
Open5GS daemon v2.4.4

08/16 12:13:53.524: [app] INFO: Configuration: '/open5gs/install/etc/open5gs/ausf.yaml' (../lib/app/ogs-init.c:129)
08/16 12:13:53.532: [app] INFO: File Logging: '/open5gs/install/var/log/open5gs/ausf.log' (../lib/app/ogs-init.c:132)
08/16 12:13:53.552: [sbi] INFO: nghttp2_server() [127.0.0.11]:7777 (../lib/sbi/nghttp2-server.c:144)
08/16 12:13:53.625: [app] INFO: AUSF initialize...done (../src/ausf/app.c:31)
08/16 12:13:53.641: [ausf] INFO: [010657d6-5bc9-41ef-a261-158b2c6c7480] NF registred [Heartbeat:10s] (../src/ausf/nf-sm.c:198)
08/16 12:16:44.279: [app] INFO: SIGHUP received (../src/main.c:58)
Open5GS daemon v2.4.4

08/16 12:22:54.195: [app] INFO: Configuration: '/open5gs/install/etc/open5gs/ausf.yaml' (../lib/app/ogs-init.c:129)
08/16 12:22:54.196: [app] INFO: File Logging: '/open5gs/install/var/log/open5gs/ausf.log' (../lib/app/ogs-init.c:132)
08/16 12:22:54.198: [sbi] INFO: nghttp2_server() [127.0.0.11]:7777 (../lib/sbi/nghttp2-server.c:144)
08/16 12:22:54.202: [app] INFO: AUSF initialize...done (../src/ausf/app.c:31)
08/16 12:22:54.209: [ausf] INFO: [434651d6-5bca-41ef-bafc-b7e3015954b7] NF registred [Heartbeat:10s] (../src/ausf/nf-sm.c:198)
Open5GS daemon v2.4.4

08/16 12:25:38.620: [app] INFO: Configuration: '/open5gs/install/etc/open5gs/ausf.yaml' (../lib/app/ogs-init.c:129)
08/16 12:25:38.620: [app] INFO: File Logging: '/open5gs/install/var/log/open5gs/ausf.log' (../lib/app/ogs-init.c:132)
08/16 12:25:38.625: [sbi] INFO: nghttp2_server() [127.0.0.11]:7777 (../lib/sbi/nghttp2-server.c:144)
08/16 12:25:38.641: [app] INFO: AUSF initialize...done (../src/ausf/app.c:31)
08/16 12:25:38.656: [ausf] INFO: [a547f9d4-5bca-41ef-b615-4d995b43c12b] NF registred [Heartbeat:10s] (../src/ausf/nf-sm.c:198)
Open5GS daemon v2.4.4

08/16 12:28:11.702: [app] INFO: Configuration: '/open5gs/install/etc/open5gs/ausf.yaml' (../lib/app/ogs-init.c:129)
08/16 12:28:11.703: [app] INFO: File Logging: '/open5gs/install/var/log/open5gs/ausf.log' (../lib/app/ogs-init.c:132)
08/16 12:28:11.717: [sbi] INFO: nghttp2_server() [127.0.0.11]:7777 (../lib/sbi/nghttp2-server.c:144)
08/16 12:28:11.740: [app] INFO: AUSF initialize...done (../src/ausf/app.c:31)
08/16 12:28:11.763: [ausf] INFO: [0085eac2-5bcb-41ef-975a-8ba4408ddd17] NF registred [Heartbeat:10s] (../src/ausf/nf-sm.c:198)
08/16 12:30:05.505: [app] INFO: SIGHUP received (../src/main.c:58)
Open5GS daemon v2.4.4

08/16 12:30:26.672: [app] INFO: Configuration: '/open5gs/install/etc/open5gs/ausf.yaml' (../lib/app/ogs-init.c:129)
08/16 12:30:26.673: [app] INFO: File Logging: '/open5gs/install/var/log/open5gs/ausf.log' (../lib/app/ogs-init.c:132)
08/16 12:30:26.680: [sbi] INFO: nghttp2_server() [127.0.0.11]:7777 (../lib/sbi/nghttp2-server.c:144)
08/16 12:30:26.682: [app] INFO: AUSF initialize...done (../src/ausf/app.c:31)
08/16 12:30:26.724: [ausf] INFO: [50f9bcc2-5bcb-41ef-8ac2-1be11def579d] NF registred [Heartbeat:10s] (../src/ausf/nf-sm.c:198)
Open5GS daemon v2.4.4

08/16 12:35:04.514: [app] INFO: Configuration: '/open5gs/install/etc/open5gs/ausf.yaml' (../lib/app/ogs-init.c:129)
08/16 12:35:04.515: [app] INFO: File Logging: '/open5gs/install/var/log/open5gs/ausf.log' (../lib/app/ogs-init.c:132)
08/16 12:35:04.518: [sbi] INFO: nghttp2_server() [127.0.0.11]:7777 (../lib/sbi/nghttp2-server.c:144)
08/16 12:35:04.530: [app] INFO: AUSF initialize...done (../src/ausf/app.c:31)
08/16 12:35:04.530: [ausf] INFO: [f694172c-5bcb-41ef-90eb-f381e401a2af] NF registred [Heartbeat:10s] (../src/ausf/nf-sm.c:198)
08/16 12:35:04.614: [ausf] INFO: [f6a049de-5bcb-41ef-989d-755fae7f6e8c] (NRF-notify) NF registered (../src/ausf/nnrf-handler.c:179)
08/16 12:35:04.616: [ausf] INFO: [f6a049de-5bcb-41ef-989d-755fae7f6e8c] (NRF-notify) NF Profile updated (../src/ausf/nnrf-handler.c:198)
Open5GS daemon v2.4.4

08/16 12:40:45.967: [app] INFO: Configuration: '/open5gs/install/etc/open5gs/ausf.yaml' (../lib/app/ogs-init.c:129)
08/16 12:40:45.967: [app] INFO: File Logging: '/open5gs/install/var/log/open5gs/ausf.log' (../lib/app/ogs-init.c:132)
08/16 12:40:45.979: [sbi] INFO: nghttp2_server() [127.0.0.11]:7777 (../lib/sbi/nghttp2-server.c:144)
08/16 12:40:46.016: [app] INFO: AUSF initialize...done (../src/ausf/app.c:31)
08/16 12:40:46.031: [ausf] INFO: [c219e6ce-5bcc-41ef-8d46-b98aa652eb5c] NF registred [Heartbeat:10s] (../src/ausf/nf-sm.c:198)
Open5GS daemon v2.4.4

08/16 12:41:53.951: [app] INFO: Configuration: '/open5gs/install/etc/open5gs/ausf.yaml' (../lib/app/ogs-init.c:129)
08/16 12:41:53.952: [app] INFO: File Logging: '/open5gs/install/var/log/open5gs/ausf.log' (../lib/app/ogs-init.c:132)
08/16 12:41:53.956: [sbi] INFO: nghttp2_server() [127.0.0.11]:7777 (../lib/sbi/nghttp2-server.c:144)
08/16 12:41:53.964: [app] INFO: AUSF initialize...done (../src/ausf/app.c:31)
08/16 12:41:53.980: [ausf] INFO: [ea9fa08e-5bcc-41ef-99b3-c3844fb5c9c2] NF registred [Heartbeat:10s] (../src/ausf/nf-sm.c:198)
Open5GS daemon v2.4.4

08/16 12:42:57.077: [app] INFO: Configuration: '/open5gs/install/etc/open5gs/ausf.yaml' (../lib/app/ogs-init.c:129)
08/16 12:42:57.078: [app] INFO: File Logging: '/open5gs/install/var/log/open5gs/ausf.log' (../lib/app/ogs-init.c:132)
08/16 12:42:57.115: [sbi] INFO: nghttp2_server() [127.0.0.11]:7777 (../lib/sbi/nghttp2-server.c:144)
08/16 12:42:57.141: [app] INFO: AUSF initialize...done (../src/ausf/app.c:31)
08/16 12:42:57.141: [ausf] INFO: [1043985e-5bcd-41ef-bc34-8de1e4802e39] NF registred [Heartbeat:10s] (../src/ausf/nf-sm.c:198)
Open5GS daemon v2.4.4

08/16 12:46:18.686: [app] INFO: Configuration: '/open5gs/install/etc/open5gs/ausf.yaml' (../lib/app/ogs-init.c:129)
08/16 12:46:18.688: [app] INFO: File Logging: '/open5gs/install/var/log/open5gs/ausf.log' (../lib/app/ogs-init.c:132)
08/16 12:46:18.696: [sbi] INFO: nghttp2_server() [127.0.0.11]:7777 (../lib/sbi/nghttp2-server.c:144)
08/16 12:46:18.728: [app] INFO: AUSF initialize...done (../src/ausf/app.c:31)
08/16 12:46:18.752: [ausf] INFO: [886bb0fa-5bcd-41ef-98b0-7bd380ac8312] NF registred [Heartbeat:10s] (../src/ausf/nf-sm.c:198)
Open5GS daemon v2.4.4

08/16 13:01:08.790: [app] INFO: Configuration: '/open5gs/install/etc/open5gs/ausf.yaml' (../lib/app/ogs-init.c:129)
08/16 13:01:08.791: [app] INFO: File Logging: '/open5gs/install/var/log/open5gs/ausf.log' (../lib/app/ogs-init.c:132)
08/16 13:01:08.793: [sbi] INFO: nghttp2_server() [127.0.0.11]:7777 (../lib/sbi/nghttp2-server.c:144)
08/16 13:01:08.795: [app] INFO: AUSF initialize...done (../src/ausf/app.c:31)
08/16 13:01:08.808: [ausf] INFO: [9af5cc54-5bcf-41ef-9f07-0f822fc42bee] NF registred [Heartbeat:10s] (../src/ausf/nf-sm.c:198)
08/16 13:01:08.959: [ausf] INFO: [9b0c57f8-5bcf-41ef-95ce-639f7309daf6] (NRF-notify) NF registered (../src/ausf/nnrf-handler.c:179)
08/16 13:01:08.959: [ausf] INFO: [9b0c57f8-5bcf-41ef-95ce-639f7309daf6] (NRF-notify) NF Profile updated (../src/ausf/nnrf-handler.c:198)
Open5GS daemon v2.4.4

08/18 08:25:16.968: [app] INFO: Configuration: '/open5gs/install/etc/open5gs/ausf.yaml' (../lib/app/ogs-init.c:129)
08/18 08:25:16.969: [app] INFO: File Logging: '/open5gs/install/var/log/open5gs/ausf.log' (../lib/app/ogs-init.c:132)
08/18 08:25:16.976: [sbi] INFO: nghttp2_server() [127.0.0.11]:7777 (../lib/sbi/nghttp2-server.c:144)
08/18 08:25:16.999: [app] INFO: AUSF initialize...done (../src/ausf/app.c:31)
08/18 08:25:17.075: [ausf] INFO: [6622618c-5d3b-41ef-a50c-d127ca9a23fa] NF registred [Heartbeat:10s] (../src/ausf/nf-sm.c:198)
08/18 08:26:28.428: [app] INFO: SIGHUP received (../src/main.c:58)
Open5GS daemon v2.4.4

08/18 08:26:52.362: [app] INFO: Configuration: '/open5gs/install/etc/open5gs/ausf.yaml' (../lib/app/ogs-init.c:129)
08/18 08:26:52.363: [app] INFO: File Logging: '/open5gs/install/var/log/open5gs/ausf.log' (../lib/app/ogs-init.c:132)
08/18 08:26:52.370: [sbi] INFO: nghttp2_server() [127.0.0.11]:7777 (../lib/sbi/nghttp2-server.c:144)
08/18 08:26:52.377: [app] INFO: AUSF initialize...done (../src/ausf/app.c:31)
08/18 08:26:52.385: [ausf] INFO: [9efe5c9a-5d3b-41ef-b2cf-e16c1fc2206a] NF registred [Heartbeat:10s] (../src/ausf/nf-sm.c:198)
Open5GS daemon v2.4.4

08/18 08:28:10.696: [app] INFO: Configuration: '/open5gs/install/etc/open5gs/ausf.yaml' (../lib/app/ogs-init.c:129)
08/18 08:28:10.696: [app] INFO: File Logging: '/open5gs/install/var/log/open5gs/ausf.log' (../lib/app/ogs-init.c:132)
08/18 08:28:10.698: [sbi] INFO: nghttp2_server() [127.0.0.11]:7777 (../lib/sbi/nghttp2-server.c:144)
08/18 08:28:10.698: [app] INFO: AUSF initialize...done (../src/ausf/app.c:31)
08/18 08:28:10.707: [ausf] INFO: [cdae3fd8-5d3b-41ef-a40b-61660fd06a95] NF registred [Heartbeat:10s] (../src/ausf/nf-sm.c:198)
Open5GS daemon v2.4.4

08/18 08:45:48.406: [app] INFO: Configuration: '/open5gs/install/etc/open5gs/ausf.yaml' (../lib/app/ogs-init.c:129)
08/18 08:45:48.406: [app] INFO: File Logging: '/open5gs/install/var/log/open5gs/ausf.log' (../lib/app/ogs-init.c:132)
08/18 08:45:48.448: [sbi] INFO: nghttp2_server() [127.0.0.11]:7777 (../lib/sbi/nghttp2-server.c:144)
08/18 08:45:48.454: [app] INFO: AUSF initialize...done (../src/ausf/app.c:31)
08/18 08:45:48.474: [ausf] INFO: [442633bc-5d3e-41ef-8f86-23dc4713e5c6] NF registred [Heartbeat:10s] (../src/ausf/nf-sm.c:198)
Open5GS daemon v2.4.4

08/18 08:46:34.317: [app] INFO: Configuration: '/open5gs/install/etc/open5gs/ausf.yaml' (../lib/app/ogs-init.c:129)
08/18 08:46:34.319: [app] INFO: File Logging: '/open5gs/install/var/log/open5gs/ausf.log' (../lib/app/ogs-init.c:132)
08/18 08:46:34.324: [sbi] INFO: nghttp2_server() [127.0.0.11]:7777 (../lib/sbi/nghttp2-server.c:144)
08/18 08:46:34.356: [app] INFO: AUSF initialize...done (../src/ausf/app.c:31)
08/18 08:46:34.369: [ausf] INFO: [5f7e520c-5d3e-41ef-abc0-85ff0d750010] NF registred [Heartbeat:10s] (../src/ausf/nf-sm.c:198)
08/18 08:46:34.513: [ausf] INFO: [5f98e0ae-5d3e-41ef-9a00-e5de45781ee7] (NRF-notify) NF registered (../src/ausf/nnrf-handler.c:179)
08/18 08:46:34.514: [ausf] INFO: [5f98e0ae-5d3e-41ef-9a00-e5de45781ee7] (NRF-notify) NF Profile updated (../src/ausf/nnrf-handler.c:198)
Open5GS daemon v2.4.4

08/18 08:50:44.422: [app] INFO: Configuration: '/open5gs/install/etc/open5gs/ausf.yaml' (../lib/app/ogs-init.c:129)
08/18 08:50:44.428: [app] INFO: File Logging: '/open5gs/install/var/log/open5gs/ausf.log' (../lib/app/ogs-init.c:132)
08/18 08:50:44.436: [sbi] INFO: nghttp2_server() [127.0.0.11]:7777 (../lib/sbi/nghttp2-server.c:144)
08/18 08:50:44.438: [app] INFO: AUSF initialize...done (../src/ausf/app.c:31)
08/18 08:50:44.456: [ausf] INFO: [f4924664-5d3e-41ef-9738-83bc5c43c055] NF registred [Heartbeat:10s] (../src/ausf/nf-sm.c:198)
Open5GS daemon v2.4.4

08/18 08:55:18.211: [app] INFO: Configuration: '/open5gs/install/etc/open5gs/ausf.yaml' (../lib/app/ogs-init.c:129)
08/18 08:55:18.213: [app] INFO: File Logging: '/open5gs/install/var/log/open5gs/ausf.log' (../lib/app/ogs-init.c:132)
08/18 08:55:18.215: [sbi] INFO: nghttp2_server() [127.0.0.11]:7777 (../lib/sbi/nghttp2-server.c:144)
08/18 08:55:18.237: [app] INFO: AUSF initialize...done (../src/ausf/app.c:31)
08/18 08:55:18.240: [ausf] INFO: [97c1b2a2-5d3f-41ef-94aa-059984e79df5] NF registred [Heartbeat:10s] (../src/ausf/nf-sm.c:198)
08/18 08:55:18.255: [ausf] INFO: [97c5ab50-5d3f-41ef-a428-a77b313d5135] (NRF-notify) NF registered (../src/ausf/nnrf-handler.c:179)
08/18 08:55:18.258: [ausf] INFO: [97c5ab50-5d3f-41ef-a428-a77b313d5135] (NRF-notify) NF Profile updated (../src/ausf/nnrf-handler.c:198)
Open5GS daemon v2.4.4

08/18 08:58:06.121: [app] INFO: Configuration: '/open5gs/install/etc/open5gs/ausf.yaml' (../lib/app/ogs-init.c:129)
08/18 08:58:06.121: [app] INFO: File Logging: '/open5gs/install/var/log/open5gs/ausf.log' (../lib/app/ogs-init.c:132)
08/18 08:58:06.125: [sbi] INFO: nghttp2_server() [127.0.0.11]:7777 (../lib/sbi/nghttp2-server.c:144)
08/18 08:58:06.132: [app] INFO: AUSF initialize...done (../src/ausf/app.c:31)
08/18 08:58:06.137: [ausf] INFO: [fbd6b86e-5d3f-41ef-a137-752142b0b85d] NF registred [Heartbeat:10s] (../src/ausf/nf-sm.c:198)
08/18 08:58:06.235: [ausf] INFO: [fbe67c04-5d3f-41ef-bc7f-476130ef5f0c] (NRF-notify) NF registered (../src/ausf/nnrf-handler.c:179)
08/18 08:58:06.236: [ausf] INFO: [fbe67c04-5d3f-41ef-bc7f-476130ef5f0c] (NRF-notify) NF Profile updated (../src/ausf/nnrf-handler.c:198)
Open5GS daemon v2.4.4

08/18 14:13:58.324: [app] INFO: Configuration: '/open5gs/install/etc/open5gs/ausf.yaml' (../lib/app/ogs-init.c:129)
08/18 14:13:58.326: [app] INFO: File Logging: '/open5gs/install/var/log/open5gs/ausf.log' (../lib/app/ogs-init.c:132)
08/18 14:13:58.361: [sbi] INFO: nghttp2_server() [127.0.0.11]:7777 (../lib/sbi/nghttp2-server.c:144)
08/18 14:13:58.369: [app] INFO: AUSF initialize...done (../src/ausf/app.c:31)
08/18 14:13:58.374: [ausf] INFO: [1c3ff06c-5d6c-41ef-8e35-8f493e381050] NF registred [Heartbeat:10s] (../src/ausf/nf-sm.c:198)
08/18 14:15:30.776: [app] INFO: SIGHUP received (../src/main.c:58)
Open5GS daemon v2.4.4

08/18 14:15:43.824: [app] INFO: Configuration: '/open5gs/install/etc/open5gs/ausf.yaml' (../lib/app/ogs-init.c:129)
08/18 14:15:43.831: [app] INFO: File Logging: '/open5gs/install/var/log/open5gs/ausf.log' (../lib/app/ogs-init.c:132)
08/18 14:15:43.837: [sbi] INFO: nghttp2_server() [127.0.0.11]:7777 (../lib/sbi/nghttp2-server.c:144)
08/18 14:15:43.854: [app] INFO: AUSF initialize...done (../src/ausf/app.c:31)
08/18 14:15:43.865: [ausf] INFO: [5b1e92e8-5d6c-41ef-925f-0bb36b667776] NF registred [Heartbeat:10s] (../src/ausf/nf-sm.c:198)
Open5GS daemon v2.4.4

08/18 14:17:09.634: [app] INFO: Configuration: '/open5gs/install/etc/open5gs/ausf.yaml' (../lib/app/ogs-init.c:129)
08/18 14:17:09.636: [app] INFO: File Logging: '/open5gs/install/var/log/open5gs/ausf.log' (../lib/app/ogs-init.c:132)
08/18 14:17:09.641: [sbi] INFO: nghttp2_server() [127.0.0.11]:7777 (../lib/sbi/nghttp2-server.c:144)
08/18 14:17:09.642: [app] INFO: AUSF initialize...done (../src/ausf/app.c:31)
08/18 14:17:09.664: [ausf] INFO: [8e435dca-5d6c-41ef-8a1e-95bc68cdb9d6] NF registred [Heartbeat:10s] (../src/ausf/nf-sm.c:198)
08/18 14:24:18.945: [app] INFO: SIGHUP received (../src/main.c:58)
Open5GS daemon v2.4.4

08/18 14:24:36.976: [app] INFO: Configuration: '/open5gs/install/etc/open5gs/ausf.yaml' (../lib/app/ogs-init.c:129)
08/18 14:24:36.980: [app] INFO: File Logging: '/open5gs/install/var/log/open5gs/ausf.log' (../lib/app/ogs-init.c:132)
08/18 14:24:37.012: [sbi] INFO: nghttp2_server() [127.0.0.11]:7777 (../lib/sbi/nghttp2-server.c:144)
08/18 14:24:37.026: [app] INFO: AUSF initialize...done (../src/ausf/app.c:31)
08/18 14:24:37.050: [ausf] INFO: [98e90116-5d6d-41ef-967d-177ccd60484e] NF registred [Heartbeat:10s] (../src/ausf/nf-sm.c:198)
Open5GS daemon v2.4.4

08/18 14:27:19.912: [app] INFO: Configuration: '/open5gs/install/etc/open5gs/ausf.yaml' (../lib/app/ogs-init.c:129)
08/18 14:27:19.917: [app] INFO: File Logging: '/open5gs/install/var/log/open5gs/ausf.log' (../lib/app/ogs-init.c:132)
08/18 14:27:19.935: [sbi] INFO: nghttp2_server() [127.0.0.11]:7777 (../lib/sbi/nghttp2-server.c:144)
08/18 14:27:19.979: [app] INFO: AUSF initialize...done (../src/ausf/app.c:31)
08/18 14:27:19.996: [ausf] INFO: [fa061362-5d6d-41ef-a1b9-5dbb54b8d10b] NF registred [Heartbeat:10s] (../src/ausf/nf-sm.c:198)
Open5GS daemon v2.4.4

08/18 14:29:01.182: [app] INFO: Configuration: '/open5gs/install/etc/open5gs/ausf.yaml' (../lib/app/ogs-init.c:129)
08/18 14:29:01.200: [app] INFO: File Logging: '/open5gs/install/var/log/open5gs/ausf.log' (../lib/app/ogs-init.c:132)
08/18 14:29:01.213: [sbi] INFO: nghttp2_server() [127.0.0.11]:7777 (../lib/sbi/nghttp2-server.c:144)
08/18 14:29:01.226: [app] INFO: AUSF initialize...done (../src/ausf/app.c:31)
08/18 14:29:01.240: [ausf] INFO: [36648488-5d6e-41ef-af45-39ce77515d15] NF registred [Heartbeat:10s] (../src/ausf/nf-sm.c:198)
08/18 14:36:59.848: [app] INFO: SIGHUP received (../src/main.c:58)
Open5GS daemon v2.4.4

08/18 14:37:19.069: [app] INFO: Configuration: '/open5gs/install/etc/open5gs/ausf.yaml' (../lib/app/ogs-init.c:129)
08/18 14:37:19.070: [app] INFO: File Logging: '/open5gs/install/var/log/open5gs/ausf.log' (../lib/app/ogs-init.c:132)
08/18 14:37:19.082: [sbi] INFO: nghttp2_server() [127.0.0.11]:7777 (../lib/sbi/nghttp2-server.c:144)
08/18 14:37:19.085: [app] INFO: AUSF initialize...done (../src/ausf/app.c:31)
08/18 14:37:19.140: [ausf] INFO: [5f2539e8-5d6f-41ef-880b-1dbaf61ed3d4] NF registred [Heartbeat:10s] (../src/ausf/nf-sm.c:198)
Open5GS daemon v2.4.4

08/18 14:40:22.972: [app] INFO: Configuration: '/open5gs/install/etc/open5gs/ausf.yaml' (../lib/app/ogs-init.c:129)
08/18 14:40:22.973: [app] INFO: File Logging: '/open5gs/install/var/log/open5gs/ausf.log' (../lib/app/ogs-init.c:132)
08/18 14:40:22.984: [sbi] INFO: nghttp2_server() [127.0.0.11]:7777 (../lib/sbi/nghttp2-server.c:144)
08/18 14:40:23.005: [app] INFO: AUSF initialize...done (../src/ausf/app.c:31)
08/18 14:40:23.029: [ausf] INFO: [ccc28bea-5d6f-41ef-a6a7-65fabfcd72d3] NF registred [Heartbeat:10s] (../src/ausf/nf-sm.c:198)
08/18 14:40:23.177: [ausf] INFO: [ccd68e38-5d6f-41ef-998a-910391a200b0] (NRF-notify) NF registered (../src/ausf/nnrf-handler.c:179)
08/18 14:40:23.179: [ausf] INFO: [ccd68e38-5d6f-41ef-998a-910391a200b0] (NRF-notify) NF Profile updated (../src/ausf/nnrf-handler.c:198)
Open5GS daemon v2.4.4

08/18 14:41:38.619: [app] INFO: Configuration: '/open5gs/install/etc/open5gs/ausf.yaml' (../lib/app/ogs-init.c:129)
08/18 14:41:38.620: [app] INFO: File Logging: '/open5gs/install/var/log/open5gs/ausf.log' (../lib/app/ogs-init.c:132)
08/18 14:41:38.625: [sbi] INFO: nghttp2_server() [127.0.0.11]:7777 (../lib/sbi/nghttp2-server.c:144)
08/18 14:41:38.637: [app] INFO: AUSF initialize...done (../src/ausf/app.c:31)
08/18 14:41:38.643: [ausf] INFO: [f9d875fe-5d6f-41ef-87fa-d9537e87dc5d] NF registred [Heartbeat:10s] (../src/ausf/nf-sm.c:198)
08/18 14:43:22.128: [app] INFO: SIGHUP received (../src/main.c:58)
Open5GS daemon v2.4.4

08/18 14:46:19.729: [app] INFO: Configuration: '/open5gs/install/etc/open5gs/ausf.yaml' (../lib/app/ogs-init.c:129)
08/18 14:46:19.730: [app] INFO: File Logging: '/open5gs/install/var/log/open5gs/ausf.log' (../lib/app/ogs-init.c:132)
08/18 14:46:19.741: [sbi] INFO: nghttp2_server() [127.0.0.11]:7777 (../lib/sbi/nghttp2-server.c:144)
08/18 14:46:19.777: [app] INFO: AUSF initialize...done (../src/ausf/app.c:31)
08/18 14:46:19.797: [ausf] INFO: [a167894a-5d70-41ef-b155-f9d9c793df67] NF registred [Heartbeat:10s] (../src/ausf/nf-sm.c:198)
Open5GS daemon v2.4.4

08/19 11:56:53.904: [app] INFO: Configuration: '/open5gs/install/etc/open5gs/ausf.yaml' (../lib/app/ogs-init.c:129)
08/19 11:56:53.905: [app] INFO: File Logging: '/open5gs/install/var/log/open5gs/ausf.log' (../lib/app/ogs-init.c:132)
08/19 11:56:53.908: [sbi] INFO: nghttp2_server() [127.0.0.11]:7777 (../lib/sbi/nghttp2-server.c:144)
08/19 11:56:53.911: [app] INFO: AUSF initialize...done (../src/ausf/app.c:31)
08/19 11:56:53.919: [ausf] INFO: [20823b38-5e22-41ef-9d32-bbce997cf0f3] NF registred [Heartbeat:10s] (../src/ausf/nf-sm.c:198)
Open5GS daemon v2.4.4

08/19 11:58:24.309: [app] INFO: Configuration: '/open5gs/install/etc/open5gs/ausf.yaml' (../lib/app/ogs-init.c:129)
08/19 11:58:24.320: [app] INFO: File Logging: '/open5gs/install/var/log/open5gs/ausf.log' (../lib/app/ogs-init.c:132)
08/19 11:58:24.323: [sbi] INFO: nghttp2_server() [127.0.0.11]:7777 (../lib/sbi/nghttp2-server.c:144)
08/19 11:58:24.328: [app] INFO: AUSF initialize...done (../src/ausf/app.c:31)
08/19 11:58:24.360: [ausf] INFO: [56664e6a-5e22-41ef-9fbd-7d7657c237f0] NF registred [Heartbeat:10s] (../src/ausf/nf-sm.c:198)
Open5GS daemon v2.4.4

08/19 12:01:34.575: [app] INFO: Configuration: '/open5gs/install/etc/open5gs/ausf.yaml' (../lib/app/ogs-init.c:129)
08/19 12:01:34.577: [app] INFO: File Logging: '/open5gs/install/var/log/open5gs/ausf.log' (../lib/app/ogs-init.c:132)
08/19 12:01:34.599: [sbi] INFO: nghttp2_server() [127.0.0.11]:7777 (../lib/sbi/nghttp2-server.c:144)
08/19 12:01:34.643: [app] INFO: AUSF initialize...done (../src/ausf/app.c:31)
08/19 12:01:34.651: [ausf] INFO: [c7d04da8-5e22-41ef-bd8d-7d0476fd4634] NF registred [Heartbeat:10s] (../src/ausf/nf-sm.c:198)
08/19 12:01:34.722: [ausf] INFO: [c7d8c816-5e22-41ef-9a67-b59c75aaef48] (NRF-notify) NF registered (../src/ausf/nnrf-handler.c:179)
08/19 12:01:34.728: [ausf] INFO: [c7d8c816-5e22-41ef-9a67-b59c75aaef48] (NRF-notify) NF Profile updated (../src/ausf/nnrf-handler.c:198)
Open5GS daemon v2.4.4

08/19 12:06:31.893: [app] INFO: Configuration: '/open5gs/install/etc/open5gs/ausf.yaml' (../lib/app/ogs-init.c:129)
08/19 12:06:31.893: [app] INFO: File Logging: '/open5gs/install/var/log/open5gs/ausf.log' (../lib/app/ogs-init.c:132)
08/19 12:06:31.898: [sbi] INFO: nghttp2_server() [127.0.0.11]:7777 (../lib/sbi/nghttp2-server.c:144)
08/19 12:06:31.899: [app] INFO: AUSF initialize...done (../src/ausf/app.c:31)
08/19 12:06:32.055: [ausf] INFO: [79047892-5e23-41ef-95dd-3d5438614470] NF registred [Heartbeat:10s] (../src/ausf/nf-sm.c:198)
Open5GS daemon v2.4.4

08/19 12:08:52.021: [app] INFO: Configuration: '/open5gs/install/etc/open5gs/ausf.yaml' (../lib/app/ogs-init.c:129)
08/19 12:08:52.022: [app] INFO: File Logging: '/open5gs/install/var/log/open5gs/ausf.log' (../lib/app/ogs-init.c:132)
08/19 12:08:52.034: [sbi] INFO: nghttp2_server() [127.0.0.11]:7777 (../lib/sbi/nghttp2-server.c:144)
08/19 12:08:52.059: [app] INFO: AUSF initialize...done (../src/ausf/app.c:31)
08/19 12:08:52.117: [ausf] INFO: [cc8b8776-5e23-41ef-9252-871ad2ddbc77] NF registred [Heartbeat:10s] (../src/ausf/nf-sm.c:198)
08/19 12:08:52.176: [ausf] INFO: [cc9bd072-5e23-41ef-8924-bfbc18eb43e8] (NRF-notify) NF registered (../src/ausf/nnrf-handler.c:179)
08/19 12:08:52.177: [ausf] INFO: [cc9bd072-5e23-41ef-8924-bfbc18eb43e8] (NRF-notify) NF Profile updated (../src/ausf/nnrf-handler.c:198)
08/19 12:27:33.559: [app] INFO: SIGHUP received (../src/main.c:58)
Open5GS daemon v2.4.4

08/19 12:34:09.859: [app] INFO: Configuration: '/open5gs/install/etc/open5gs/ausf.yaml' (../lib/app/ogs-init.c:129)
08/19 12:34:09.860: [app] INFO: File Logging: '/open5gs/install/var/log/open5gs/ausf.log' (../lib/app/ogs-init.c:132)
08/19 12:34:09.865: [sbi] INFO: nghttp2_server() [127.0.0.11]:7777 (../lib/sbi/nghttp2-server.c:144)
08/19 12:34:09.879: [app] INFO: AUSF initialize...done (../src/ausf/app.c:31)
08/19 12:34:09.883: [ausf] INFO: [553e2742-5e27-41ef-a282-47d71a5a65af] NF registred [Heartbeat:10s] (../src/ausf/nf-sm.c:198)
Open5GS daemon v2.4.4

08/19 12:36:12.317: [app] INFO: Configuration: '/open5gs/install/etc/open5gs/ausf.yaml' (../lib/app/ogs-init.c:129)
08/19 12:36:12.319: [app] INFO: File Logging: '/open5gs/install/var/log/open5gs/ausf.log' (../lib/app/ogs-init.c:132)
08/19 12:36:12.322: [sbi] INFO: nghttp2_server() [127.0.0.11]:7777 (../lib/sbi/nghttp2-server.c:144)
08/19 12:36:12.330: [app] INFO: AUSF initialize...done (../src/ausf/app.c:31)
08/19 12:36:12.341: [ausf] INFO: [9e3b7026-5e27-41ef-ba81-45e3a91b7c71] NF registred [Heartbeat:10s] (../src/ausf/nf-sm.c:198)
08/19 12:36:12.518: [ausf] INFO: [9e4f7a4e-5e27-41ef-b514-eba9fe19a521] (NRF-notify) NF registered (../src/ausf/nnrf-handler.c:179)
08/19 12:36:12.523: [ausf] INFO: [9e4f7a4e-5e27-41ef-b514-eba9fe19a521] (NRF-notify) NF Profile updated (../src/ausf/nnrf-handler.c:198)
08/19 12:36:57.997: [app] INFO: SIGHUP received (../src/main.c:58)
Open5GS daemon v2.4.4

08/19 12:39:36.452: [app] INFO: Configuration: '/open5gs/install/etc/open5gs/ausf.yaml' (../lib/app/ogs-init.c:129)
08/19 12:39:36.453: [app] INFO: File Logging: '/open5gs/install/var/log/open5gs/ausf.log' (../lib/app/ogs-init.c:132)
08/19 12:39:36.460: [sbi] INFO: nghttp2_server() [127.0.0.11]:7777 (../lib/sbi/nghttp2-server.c:144)
08/19 12:39:36.483: [app] INFO: AUSF initialize...done (../src/ausf/app.c:31)
08/19 12:39:36.488: [ausf] INFO: [17e83e5e-5e28-41ef-a3c0-6b2f0f807fd7] NF registred [Heartbeat:10s] (../src/ausf/nf-sm.c:198)
08/19 12:39:36.517: [ausf] INFO: [17eed17e-5e28-41ef-ad2f-47c726f895ef] (NRF-notify) NF registered (../src/ausf/nnrf-handler.c:179)
08/19 12:39:36.517: [ausf] INFO: [17eed17e-5e28-41ef-ad2f-47c726f895ef] (NRF-notify) NF Profile updated (../src/ausf/nnrf-handler.c:198)
Open5GS daemon v2.4.4

08/19 12:48:33.470: [app] INFO: Configuration: '/open5gs/install/etc/open5gs/ausf.yaml' (../lib/app/ogs-init.c:129)
08/19 12:48:33.471: [app] INFO: File Logging: '/open5gs/install/var/log/open5gs/ausf.log' (../lib/app/ogs-init.c:132)
08/19 12:48:33.472: [sbi] INFO: nghttp2_server() [127.0.0.11]:7777 (../lib/sbi/nghttp2-server.c:144)
08/19 12:48:33.474: [app] INFO: AUSF initialize...done (../src/ausf/app.c:31)
08/19 12:48:33.477: [ausf] INFO: [57fe3c7c-5e29-41ef-bf95-7571d4659394] NF registred [Heartbeat:10s] (../src/ausf/nf-sm.c:198)
08/19 12:48:33.643: [ausf] INFO: [5813dc9e-5e29-41ef-baeb-877142076870] (NRF-notify) NF registered (../src/ausf/nnrf-handler.c:179)
08/19 12:48:33.643: [ausf] INFO: [5813dc9e-5e29-41ef-baeb-877142076870] (NRF-notify) NF Profile updated (../src/ausf/nnrf-handler.c:198)
Open5GS daemon v2.4.4

08/19 12:56:28.922: [app] INFO: Configuration: '/open5gs/install/etc/open5gs/ausf.yaml' (../lib/app/ogs-init.c:129)
08/19 12:56:28.928: [app] INFO: File Logging: '/open5gs/install/var/log/open5gs/ausf.log' (../lib/app/ogs-init.c:132)
08/19 12:56:28.930: [sbi] INFO: nghttp2_server() [127.0.0.11]:7777 (../lib/sbi/nghttp2-server.c:144)
08/19 12:56:28.959: [app] INFO: AUSF initialize...done (../src/ausf/app.c:31)
08/19 12:56:28.959: [ausf] INFO: [73636036-5e2a-41ef-a443-c323d9d086b2] NF registred [Heartbeat:10s] (../src/ausf/nf-sm.c:198)
Open5GS daemon v2.4.4

08/19 13:00:08.149: [app] INFO: Configuration: '/open5gs/install/etc/open5gs/ausf.yaml' (../lib/app/ogs-init.c:129)
08/19 13:00:08.150: [app] INFO: File Logging: '/open5gs/install/var/log/open5gs/ausf.log' (../lib/app/ogs-init.c:132)
08/19 13:00:08.152: [sbi] INFO: nghttp2_server() [127.0.0.11]:7777 (../lib/sbi/nghttp2-server.c:144)
08/19 13:00:08.163: [app] INFO: AUSF initialize...done (../src/ausf/app.c:31)
08/19 13:00:08.179: [ausf] INFO: [f60de57e-5e2a-41ef-b88c-c38d1dd9bee0] NF registred [Heartbeat:10s] (../src/ausf/nf-sm.c:198)
08/19 13:00:08.254: [ausf] INFO: [f61a7a00-5e2a-41ef-9de3-61938a350030] (NRF-notify) NF registered (../src/ausf/nnrf-handler.c:179)
08/19 13:00:08.255: [ausf] INFO: [f61a7a00-5e2a-41ef-9de3-61938a350030] (NRF-notify) NF Profile updated (../src/ausf/nnrf-handler.c:198)
Open5GS daemon v2.4.4

08/19 13:05:47.151: [app] INFO: Configuration: '/open5gs/install/etc/open5gs/ausf.yaml' (../lib/app/ogs-init.c:129)
08/19 13:05:47.152: [app] INFO: File Logging: '/open5gs/install/var/log/open5gs/ausf.log' (../lib/app/ogs-init.c:132)
08/19 13:05:47.164: [sbi] INFO: nghttp2_server() [127.0.0.11]:7777 (../lib/sbi/nghttp2-server.c:144)
08/19 13:05:47.166: [app] INFO: AUSF initialize...done (../src/ausf/app.c:31)
08/19 13:05:47.173: [ausf] INFO: [c01e9156-5e2b-41ef-b4fc-f5d53a83de8f] NF registred [Heartbeat:10s] (../src/ausf/nf-sm.c:198)
08/19 13:08:06.987: [app] INFO: SIGHUP received (../src/main.c:58)
Open5GS daemon v2.4.4

08/19 13:09:26.015: [app] INFO: Configuration: '/open5gs/install/etc/open5gs/ausf.yaml' (../lib/app/ogs-init.c:129)
08/19 13:09:26.018: [app] INFO: File Logging: '/open5gs/install/var/log/open5gs/ausf.log' (../lib/app/ogs-init.c:132)
08/19 13:09:26.040: [sbi] INFO: nghttp2_server() [127.0.0.11]:7777 (../lib/sbi/nghttp2-server.c:144)
08/19 13:09:26.042: [app] INFO: AUSF initialize...done (../src/ausf/app.c:31)
08/19 13:09:26.060: [ausf] INFO: [42946110-5e2c-41ef-aba4-995e11f4c435] NF registred [Heartbeat:10s] (../src/ausf/nf-sm.c:198)
08/19 13:09:26.157: [ausf] INFO: [429d2dea-5e2c-41ef-a778-bd68562d2738] (NRF-notify) NF registered (../src/ausf/nnrf-handler.c:179)
08/19 13:09:26.159: [ausf] INFO: [429d2dea-5e2c-41ef-a778-bd68562d2738] (NRF-notify) NF Profile updated (../src/ausf/nnrf-handler.c:198)
08/19 13:10:02.395: [app] INFO: SIGHUP received (../src/main.c:58)
Open5GS daemon v2.4.4

08/19 13:10:15.633: [app] INFO: Configuration: '/open5gs/install/etc/open5gs/ausf.yaml' (../lib/app/ogs-init.c:129)
08/19 13:10:15.633: [app] INFO: File Logging: '/open5gs/install/var/log/open5gs/ausf.log' (../lib/app/ogs-init.c:132)
08/19 13:10:15.636: [sbi] INFO: nghttp2_server() [127.0.0.11]:7777 (../lib/sbi/nghttp2-server.c:144)
08/19 13:10:15.637: [app] INFO: AUSF initialize...done (../src/ausf/app.c:31)
08/19 13:10:15.642: [ausf] INFO: [602495ce-5e2c-41ef-9163-df90ff38e062] NF registred [Heartbeat:10s] (../src/ausf/nf-sm.c:198)
08/19 13:10:15.741: [ausf] INFO: [602d487c-5e2c-41ef-9f54-b974c1defc35] (NRF-notify) NF registered (../src/ausf/nnrf-handler.c:179)
08/19 13:10:15.742: [ausf] INFO: [602d487c-5e2c-41ef-9f54-b974c1defc35] (NRF-notify) NF Profile updated (../src/ausf/nnrf-handler.c:198)
Open5GS daemon v2.4.4

08/19 13:17:56.854: [app] INFO: Configuration: '/open5gs/install/etc/open5gs/ausf.yaml' (../lib/app/ogs-init.c:129)
08/19 13:17:56.854: [app] INFO: File Logging: '/open5gs/install/var/log/open5gs/ausf.log' (../lib/app/ogs-init.c:132)
08/19 13:17:56.863: [sbi] INFO: nghttp2_server() [127.0.0.11]:7777 (../lib/sbi/nghttp2-server.c:144)
08/19 13:17:56.872: [app] INFO: AUSF initialize...done (../src/ausf/app.c:31)
08/19 13:17:56.885: [ausf] INFO: [730e39be-5e2d-41ef-9e03-491eeb785d78] NF registred [Heartbeat:10s] (../src/ausf/nf-sm.c:198)
Open5GS daemon v2.4.4

08/19 13:18:40.173: [app] INFO: Configuration: '/open5gs/install/etc/open5gs/ausf.yaml' (../lib/app/ogs-init.c:129)
08/19 13:18:40.186: [app] INFO: File Logging: '/open5gs/install/var/log/open5gs/ausf.log' (../lib/app/ogs-init.c:132)
08/19 13:18:40.201: [sbi] INFO: nghttp2_server() [127.0.0.11]:7777 (../lib/sbi/nghttp2-server.c:144)
08/19 13:18:40.221: [app] INFO: AUSF initialize...done (../src/ausf/app.c:31)
08/19 13:18:40.283: [ausf] INFO: [8ce1f24a-5e2d-41ef-945f-011011fd8cea] NF registred [Heartbeat:10s] (../src/ausf/nf-sm.c:198)
Open5GS daemon v2.4.4

08/19 13:20:59.803: [app] INFO: Configuration: '/open5gs/install/etc/open5gs/ausf.yaml' (../lib/app/ogs-init.c:129)
08/19 13:20:59.803: [app] INFO: File Logging: '/open5gs/install/var/log/open5gs/ausf.log' (../lib/app/ogs-init.c:132)
08/19 13:20:59.810: [sbi] INFO: nghttp2_server() [127.0.0.11]:7777 (../lib/sbi/nghttp2-server.c:144)
08/19 13:20:59.829: [app] INFO: AUSF initialize...done (../src/ausf/app.c:31)
08/19 13:20:59.844: [ausf] INFO: [e019bc68-5e2d-41ef-ac63-7fb3d67b7245] NF registred [Heartbeat:10s] (../src/ausf/nf-sm.c:198)
08/19 13:30:25.055: [app] INFO: SIGHUP received (../src/main.c:58)
Open5GS daemon v2.4.4

08/19 13:33:20.976: [app] INFO: Configuration: '/open5gs/install/etc/open5gs/ausf.yaml' (../lib/app/ogs-init.c:129)
08/19 13:33:20.983: [app] INFO: File Logging: '/open5gs/install/var/log/open5gs/ausf.log' (../lib/app/ogs-init.c:132)
08/19 13:33:20.998: [sbi] INFO: nghttp2_server() [127.0.0.11]:7777 (../lib/sbi/nghttp2-server.c:144)
08/19 13:33:21.033: [app] INFO: AUSF initialize...done (../src/ausf/app.c:31)
08/19 13:33:21.044: [ausf] INFO: [99e2099c-5e2f-41ef-878a-d769bac3328d] NF registred [Heartbeat:10s] (../src/ausf/nf-sm.c:198)
08/19 13:33:21.216: [ausf] INFO: [99fb43f8-5e2f-41ef-b907-3f23e6175440] (NRF-notify) NF registered (../src/ausf/nnrf-handler.c:179)
08/19 13:33:21.220: [ausf] INFO: [99fb43f8-5e2f-41ef-b907-3f23e6175440] (NRF-notify) NF Profile updated (../src/ausf/nnrf-handler.c:198)
Open5GS daemon v2.4.4

08/19 13:45:10.655: [app] INFO: Configuration: '/open5gs/install/etc/open5gs/ausf.yaml' (../lib/app/ogs-init.c:129)
08/19 13:45:10.655: [app] INFO: File Logging: '/open5gs/install/var/log/open5gs/ausf.log' (../lib/app/ogs-init.c:132)
08/19 13:45:10.658: [sbi] INFO: nghttp2_server() [127.0.0.11]:7777 (../lib/sbi/nghttp2-server.c:144)
08/19 13:45:10.663: [app] INFO: AUSF initialize...done (../src/ausf/app.c:31)
08/19 13:45:10.664: [ausf] INFO: [40df920e-5e31-41ef-92b4-254fe1410399] NF registred [Heartbeat:10s] (../src/ausf/nf-sm.c:198)
08/19 13:45:10.906: [ausf] INFO: [41043834-5e31-41ef-ac77-4b2beb8d805f] (NRF-notify) NF registered (../src/ausf/nnrf-handler.c:179)
08/19 13:45:10.907: [ausf] INFO: [41043834-5e31-41ef-ac77-4b2beb8d805f] (NRF-notify) NF Profile updated (../src/ausf/nnrf-handler.c:198)
Open5GS daemon v2.4.4

08/19 13:46:31.541: [app] INFO: Configuration: '/open5gs/install/etc/open5gs/ausf.yaml' (../lib/app/ogs-init.c:129)
08/19 13:46:31.543: [app] INFO: File Logging: '/open5gs/install/var/log/open5gs/ausf.log' (../lib/app/ogs-init.c:132)
08/19 13:46:31.544: [sbi] INFO: nghttp2_server() [127.0.0.11]:7777 (../lib/sbi/nghttp2-server.c:144)
08/19 13:46:31.566: [app] INFO: AUSF initialize...done (../src/ausf/app.c:31)
08/19 13:46:31.571: [ausf] INFO: [7115df1e-5e31-41ef-af5e-0bab3c7bd5d9] NF registred [Heartbeat:10s] (../src/ausf/nf-sm.c:198)
08/19 13:46:31.591: [ausf] INFO: [7118d0c0-5e31-41ef-86ca-a7224a554cf1] (NRF-notify) NF registered (../src/ausf/nnrf-handler.c:179)
08/19 13:46:31.591: [ausf] INFO: [7118d0c0-5e31-41ef-86ca-a7224a554cf1] (NRF-notify) NF Profile updated (../src/ausf/nnrf-handler.c:198)
Open5GS daemon v2.4.4

08/19 14:21:49.527: [app] INFO: Configuration: '/open5gs/install/etc/open5gs/ausf.yaml' (../lib/app/ogs-init.c:129)
08/19 14:21:49.527: [app] INFO: File Logging: '/open5gs/install/var/log/open5gs/ausf.log' (../lib/app/ogs-init.c:132)
08/19 14:21:49.531: [sbi] INFO: nghttp2_server() [127.0.0.11]:7777 (../lib/sbi/nghttp2-server.c:144)
08/19 14:21:49.534: [app] INFO: AUSF initialize...done (../src/ausf/app.c:31)
08/19 14:21:49.540: [ausf] INFO: [5f80fb58-5e36-41ef-a038-85ecdc3e1802] NF registred [Heartbeat:10s] (../src/ausf/nf-sm.c:198)
08/19 14:21:49.875: [ausf] INFO: [5faee6a8-5e36-41ef-9535-9153510cff42] (NRF-notify) NF registered (../src/ausf/nnrf-handler.c:179)
08/19 14:21:49.876: [ausf] INFO: [5faee6a8-5e36-41ef-9535-9153510cff42] (NRF-notify) NF Profile updated (../src/ausf/nnrf-handler.c:198)
Open5GS daemon v2.4.4

08/19 14:24:37.687: [app] INFO: Configuration: '/open5gs/install/etc/open5gs/ausf.yaml' (../lib/app/ogs-init.c:129)
08/19 14:24:37.688: [app] INFO: File Logging: '/open5gs/install/var/log/open5gs/ausf.log' (../lib/app/ogs-init.c:132)
08/19 14:24:37.690: [sbi] INFO: nghttp2_server() [127.0.0.11]:7777 (../lib/sbi/nghttp2-server.c:144)
08/19 14:24:37.691: [app] INFO: AUSF initialize...done (../src/ausf/app.c:31)
08/19 14:24:37.698: [ausf] INFO: [c3bc27b4-5e36-41ef-8be9-613bc1fabad9] NF registred [Heartbeat:10s] (../src/ausf/nf-sm.c:198)
Open5GS daemon v2.4.4

08/19 14:27:11.802: [app] INFO: Configuration: '/open5gs/install/etc/open5gs/ausf.yaml' (../lib/app/ogs-init.c:129)
08/19 14:27:11.805: [app] INFO: File Logging: '/open5gs/install/var/log/open5gs/ausf.log' (../lib/app/ogs-init.c:132)
08/19 14:27:11.814: [sbi] INFO: nghttp2_server() [127.0.0.11]:7777 (../lib/sbi/nghttp2-server.c:144)
08/19 14:27:11.824: [app] INFO: AUSF initialize...done (../src/ausf/app.c:31)
08/19 14:27:11.856: [ausf] INFO: [1f990ca0-5e37-41ef-a652-6b41307652ac] NF registred [Heartbeat:10s] (../src/ausf/nf-sm.c:198)
08/19 14:27:11.966: [ausf] INFO: [1fad1a10-5e37-41ef-a4a4-d762e07d9ad2] (NRF-notify) NF registered (../src/ausf/nnrf-handler.c:179)
08/19 14:27:11.967: [ausf] INFO: [1fad1a10-5e37-41ef-a4a4-d762e07d9ad2] (NRF-notify) NF Profile updated (../src/ausf/nnrf-handler.c:198)
Open5GS daemon v2.4.4

08/19 14:32:41.901: [app] INFO: Configuration: '/open5gs/install/etc/open5gs/ausf.yaml' (../lib/app/ogs-init.c:129)
08/19 14:32:41.902: [app] INFO: File Logging: '/open5gs/install/var/log/open5gs/ausf.log' (../lib/app/ogs-init.c:132)
08/19 14:32:41.907: [sbi] INFO: nghttp2_server() [127.0.0.11]:7777 (../lib/sbi/nghttp2-server.c:144)
08/19 14:32:41.923: [app] INFO: AUSF initialize...done (../src/ausf/app.c:31)
08/19 14:32:41.925: [ausf] INFO: [e459a5b8-5e37-41ef-9518-1dcf321a62f2] NF registred [Heartbeat:10s] (../src/ausf/nf-sm.c:198)
08/19 14:32:41.941: [ausf] INFO: [e459efdc-5e37-41ef-94c0-a95f2b3b2549] (NRF-notify) NF registered (../src/ausf/nnrf-handler.c:179)
08/19 14:32:41.944: [ausf] INFO: [e459efdc-5e37-41ef-94c0-a95f2b3b2549] (NRF-notify) NF Profile updated (../src/ausf/nnrf-handler.c:198)
Open5GS daemon v2.4.4

08/19 14:36:25.519: [app] INFO: Configuration: '/open5gs/install/etc/open5gs/ausf.yaml' (../lib/app/ogs-init.c:129)
08/19 14:36:25.521: [app] INFO: File Logging: '/open5gs/install/var/log/open5gs/ausf.log' (../lib/app/ogs-init.c:132)
08/19 14:36:25.577: [sbi] INFO: nghttp2_server() [127.0.0.11]:7777 (../lib/sbi/nghttp2-server.c:144)
08/19 14:36:25.578: [app] INFO: AUSF initialize...done (../src/ausf/app.c:31)
08/19 14:36:25.598: [ausf] INFO: [69aaf7da-5e38-41ef-b2db-7f9518a59331] NF registred [Heartbeat:10s] (../src/ausf/nf-sm.c:198)
08/19 14:36:25.655: [ausf] INFO: [69adc4a6-5e38-41ef-b702-d11e7e50d0be] (NRF-notify) NF registered (../src/ausf/nnrf-handler.c:179)
08/19 14:36:25.676: [ausf] INFO: [69adc4a6-5e38-41ef-b702-d11e7e50d0be] (NRF-notify) NF Profile updated (../src/ausf/nnrf-handler.c:198)
08/19 14:38:18.731: [app] INFO: SIGHUP received (../src/main.c:58)
Open5GS daemon v2.4.4

08/19 14:38:36.577: [app] INFO: Configuration: '/open5gs/install/etc/open5gs/ausf.yaml' (../lib/app/ogs-init.c:129)
08/19 14:38:36.578: [app] INFO: File Logging: '/open5gs/install/var/log/open5gs/ausf.log' (../lib/app/ogs-init.c:132)
08/19 14:38:36.590: [sbi] INFO: nghttp2_server() [127.0.0.11]:7777 (../lib/sbi/nghttp2-server.c:144)
08/19 14:38:36.608: [app] INFO: AUSF initialize...done (../src/ausf/app.c:31)
08/19 14:38:36.621: [ausf] INFO: [b7c0b98c-5e38-41ef-b10e-d5784bb878ea] NF registred [Heartbeat:10s] (../src/ausf/nf-sm.c:198)
Open5GS daemon v2.4.4

08/19 14:53:50.392: [app] INFO: Configuration: '/open5gs/install/etc/open5gs/ausf.yaml' (../lib/app/ogs-init.c:129)
08/19 14:53:50.392: [app] INFO: File Logging: '/open5gs/install/var/log/open5gs/ausf.log' (../lib/app/ogs-init.c:132)
08/19 14:53:50.404: [sbi] INFO: nghttp2_server() [127.0.0.11]:7777 (../lib/sbi/nghttp2-server.c:144)
08/19 14:53:50.410: [app] INFO: AUSF initialize...done (../src/ausf/app.c:31)
08/19 14:53:50.443: [ausf] INFO: [d86ef71e-5e3a-41ef-b38a-c3334362abc9] NF registred [Heartbeat:10s] (../src/ausf/nf-sm.c:198)
Open5GS daemon v2.4.4

08/19 14:56:59.383: [app] INFO: Configuration: '/open5gs/install/etc/open5gs/ausf.yaml' (../lib/app/ogs-init.c:129)
08/19 14:56:59.385: [app] INFO: File Logging: '/open5gs/install/var/log/open5gs/ausf.log' (../lib/app/ogs-init.c:132)
08/19 14:56:59.401: [sbi] INFO: nghttp2_server() [127.0.0.11]:7777 (../lib/sbi/nghttp2-server.c:144)
08/19 14:56:59.407: [app] INFO: AUSF initialize...done (../src/ausf/app.c:31)
08/19 14:56:59.467: [ausf] INFO: [49139466-5e3b-41ef-a2f4-d1b686f9a580] NF registred [Heartbeat:10s] (../src/ausf/nf-sm.c:198)
Open5GS daemon v2.4.4

08/19 14:59:27.086: [app] INFO: Configuration: '/open5gs/install/etc/open5gs/ausf.yaml' (../lib/app/ogs-init.c:129)
08/19 14:59:27.112: [app] INFO: File Logging: '/open5gs/install/var/log/open5gs/ausf.log' (../lib/app/ogs-init.c:132)
08/19 14:59:27.114: [sbi] INFO: nghttp2_server() [127.0.0.11]:7777 (../lib/sbi/nghttp2-server.c:144)
08/19 14:59:27.124: [ausf] INFO: [a120d7c2-5e3b-41ef-a2a8-6be18adb2366] NF registred [Heartbeat:10s] (../src/ausf/nf-sm.c:198)
08/19 14:59:27.149: [app] INFO: AUSF initialize...done (../src/ausf/app.c:31)
