Open5GS daemon v2.4.4

08/12 11:40:13.538: [app] INFO: Configuration: '/open5gs/install/etc/open5gs/udr.yaml' (../lib/app/ogs-init.c:129)
08/12 11:40:13.549: [app] INFO: File Logging: '/open5gs/install/var/log/open5gs/udr.log' (../lib/app/ogs-init.c:132)
08/12 11:40:13.565: [dbi] INFO: MongoDB URI: 'mongodb://localhost/open5gs' (../lib/dbi/ogs-mongoc.c:130)
08/12 11:40:13.567: [sbi] INFO: nghttp2_server() [127.0.0.20]:7777 (../lib/sbi/nghttp2-server.c:144)
08/12 11:40:13.572: [app] INFO: UDR initialize...done (../src/udr/app.c:31)
08/12 11:40:13.578: [udr] INFO: [a35b9e38-589f-41ef-b364-9dbd1ee7ce56] NF registred [Heartbeat:10s] (../src/udr/nf-sm.c:198)
Open5GS daemon v2.4.4

08/13 14:28:28.381: [app] INFO: Configuration: '/open5gs/install/etc/open5gs/udr.yaml' (../lib/app/ogs-init.c:129)
08/13 14:28:28.382: [app] INFO: File Logging: '/open5gs/install/var/log/open5gs/udr.log' (../lib/app/ogs-init.c:132)
08/13 14:28:28.429: [dbi] INFO: MongoDB URI: 'mongodb://localhost/open5gs' (../lib/dbi/ogs-mongoc.c:130)
08/13 14:28:28.431: [sbi] INFO: nghttp2_server() [127.0.0.20]:7777 (../lib/sbi/nghttp2-server.c:144)
08/13 14:28:28.432: [app] INFO: UDR initialize...done (../src/udr/app.c:31)
08/13 14:28:28.461: [udr] INFO: [4ec613ee-5980-41ef-b060-f950209d9236] NF registred [Heartbeat:10s] (../src/udr/nf-sm.c:198)
Open5GS daemon v2.4.4

08/13 14:32:44.504: [app] INFO: Configuration: '/open5gs/install/etc/open5gs/udr.yaml' (../lib/app/ogs-init.c:129)
08/13 14:32:44.507: [app] INFO: File Logging: '/open5gs/install/var/log/open5gs/udr.log' (../lib/app/ogs-init.c:132)
08/13 14:32:44.540: [dbi] INFO: MongoDB URI: 'mongodb://localhost/open5gs' (../lib/dbi/ogs-mongoc.c:130)
08/13 14:32:44.541: [sbi] INFO: nghttp2_server() [127.0.0.20]:7777 (../lib/sbi/nghttp2-server.c:144)
08/13 14:32:44.545: [app] INFO: UDR initialize...done (../src/udr/app.c:31)
08/13 14:32:44.557: [udr] INFO: [e76c28cc-5980-41ef-89e6-fb9f827ed003] NF registred [Heartbeat:10s] (../src/udr/nf-sm.c:198)
Open5GS daemon v2.4.4

08/13 14:57:14.587: [app] INFO: Configuration: '/open5gs/install/etc/open5gs/udr.yaml' (../lib/app/ogs-init.c:129)
08/13 14:57:14.587: [app] INFO: File Logging: '/open5gs/install/var/log/open5gs/udr.log' (../lib/app/ogs-init.c:132)
08/13 14:57:14.659: [dbi] INFO: MongoDB URI: 'mongodb://localhost/open5gs' (../lib/dbi/ogs-mongoc.c:130)
08/13 14:57:14.662: [sbi] INFO: nghttp2_server() [127.0.0.20]:7777 (../lib/sbi/nghttp2-server.c:144)
08/13 14:57:14.681: [app] INFO: UDR initialize...done (../src/udr/app.c:31)
08/13 14:57:14.696: [udr] INFO: [53ab61bc-5984-41ef-ab69-51b9cc20395c] NF registred [Heartbeat:10s] (../src/udr/nf-sm.c:198)
Open5GS daemon v2.4.4

08/13 15:01:29.390: [app] INFO: Configuration: '/open5gs/install/etc/open5gs/udr.yaml' (../lib/app/ogs-init.c:129)
08/13 15:01:29.390: [app] INFO: File Logging: '/open5gs/install/var/log/open5gs/udr.log' (../lib/app/ogs-init.c:132)
08/13 15:01:29.435: [dbi] INFO: MongoDB URI: 'mongodb://localhost/open5gs' (../lib/dbi/ogs-mongoc.c:130)
08/13 15:01:29.436: [sbi] INFO: nghttp2_server() [127.0.0.20]:7777 (../lib/sbi/nghttp2-server.c:144)
08/13 15:01:29.441: [app] INFO: UDR initialize...done (../src/udr/app.c:31)
08/13 15:01:29.445: [udr] INFO: [eb8ab4ce-5984-41ef-a3d6-fb549482b6cb] NF registred [Heartbeat:10s] (../src/udr/nf-sm.c:198)
Open5GS daemon v2.4.4

08/13 15:03:46.218: [app] INFO: Configuration: '/open5gs/install/etc/open5gs/udr.yaml' (../lib/app/ogs-init.c:129)
08/13 15:03:46.219: [app] INFO: File Logging: '/open5gs/install/var/log/open5gs/udr.log' (../lib/app/ogs-init.c:132)
08/13 15:03:46.252: [dbi] INFO: MongoDB URI: 'mongodb://localhost/open5gs' (../lib/dbi/ogs-mongoc.c:130)
08/13 15:03:46.253: [sbi] INFO: nghttp2_server() [127.0.0.20]:7777 (../lib/sbi/nghttp2-server.c:144)
08/13 15:03:46.255: [app] INFO: UDR initialize...done (../src/udr/app.c:31)
08/13 15:03:46.271: [udr] INFO: [3d174410-5985-41ef-8ea1-47a2b8d21f31] NF registred [Heartbeat:10s] (../src/udr/nf-sm.c:198)
Open5GS daemon v2.4.4

08/13 15:05:49.690: [app] INFO: Configuration: '/open5gs/install/etc/open5gs/udr.yaml' (../lib/app/ogs-init.c:129)
08/13 15:05:49.690: [app] INFO: File Logging: '/open5gs/install/var/log/open5gs/udr.log' (../lib/app/ogs-init.c:132)
08/13 15:05:49.725: [dbi] INFO: MongoDB URI: 'mongodb://localhost/open5gs' (../lib/dbi/ogs-mongoc.c:130)
08/13 15:05:49.726: [sbi] INFO: nghttp2_server() [127.0.0.20]:7777 (../lib/sbi/nghttp2-server.c:144)
08/13 15:05:49.739: [app] INFO: UDR initialize...done (../src/udr/app.c:31)
08/13 15:05:49.745: [udr] INFO: [86af0946-5985-41ef-ada8-997de47411e8] NF registred [Heartbeat:10s] (../src/udr/nf-sm.c:198)
Open5GS daemon v2.4.4

08/13 15:06:47.365: [app] INFO: Configuration: '/open5gs/install/etc/open5gs/udr.yaml' (../lib/app/ogs-init.c:129)
08/13 15:06:47.366: [app] INFO: File Logging: '/open5gs/install/var/log/open5gs/udr.log' (../lib/app/ogs-init.c:132)
08/13 15:06:47.395: [dbi] INFO: MongoDB URI: 'mongodb://localhost/open5gs' (../lib/dbi/ogs-mongoc.c:130)
08/13 15:06:47.395: [sbi] INFO: nghttp2_server() [127.0.0.20]:7777 (../lib/sbi/nghttp2-server.c:144)
08/13 15:06:47.411: [app] INFO: UDR initialize...done (../src/udr/app.c:31)
08/13 15:06:47.458: [udr] INFO: [a90fccf0-5985-41ef-992d-7d2e23ee5679] NF registred [Heartbeat:10s] (../src/udr/nf-sm.c:198)
Open5GS daemon v2.4.4

08/13 15:09:52.674: [app] INFO: Configuration: '/open5gs/install/etc/open5gs/udr.yaml' (../lib/app/ogs-init.c:129)
08/13 15:09:52.674: [app] INFO: File Logging: '/open5gs/install/var/log/open5gs/udr.log' (../lib/app/ogs-init.c:132)
08/13 15:09:52.735: [dbi] INFO: MongoDB URI: 'mongodb://localhost/open5gs' (../lib/dbi/ogs-mongoc.c:130)
08/13 15:09:52.735: [sbi] INFO: nghttp2_server() [127.0.0.20]:7777 (../lib/sbi/nghttp2-server.c:144)
08/13 15:09:52.748: [app] INFO: UDR initialize...done (../src/udr/app.c:31)
08/13 15:09:52.750: [udr] INFO: [17855ac4-5986-41ef-a752-7d739af1e700] NF registred [Heartbeat:10s] (../src/udr/nf-sm.c:198)
Open5GS daemon v2.4.4

08/13 15:15:11.749: [app] INFO: Configuration: '/open5gs/install/etc/open5gs/udr.yaml' (../lib/app/ogs-init.c:129)
08/13 15:15:11.750: [app] INFO: File Logging: '/open5gs/install/var/log/open5gs/udr.log' (../lib/app/ogs-init.c:132)
08/13 15:15:11.758: [dbi] INFO: MongoDB URI: 'mongodb://localhost/open5gs' (../lib/dbi/ogs-mongoc.c:130)
08/13 15:15:11.759: [sbi] INFO: nghttp2_server() [127.0.0.20]:7777 (../lib/sbi/nghttp2-server.c:144)
08/13 15:15:11.759: [app] INFO: UDR initialize...done (../src/udr/app.c:31)
08/13 15:15:11.771: [udr] INFO: [d5b2a29a-5986-41ef-b591-fb227312b712] NF registred [Heartbeat:10s] (../src/udr/nf-sm.c:198)
Open5GS daemon v2.4.4

08/13 15:37:21.975: [app] INFO: Configuration: '/open5gs/install/etc/open5gs/udr.yaml' (../lib/app/ogs-init.c:129)
08/13 15:37:21.976: [app] INFO: File Logging: '/open5gs/install/var/log/open5gs/udr.log' (../lib/app/ogs-init.c:132)
08/13 15:37:22.070: [dbi] INFO: MongoDB URI: 'mongodb://localhost/open5gs' (../lib/dbi/ogs-mongoc.c:130)
08/13 15:37:22.071: [sbi] INFO: nghttp2_server() [127.0.0.20]:7777 (../lib/sbi/nghttp2-server.c:144)
08/13 15:37:22.114: [app] INFO: UDR initialize...done (../src/udr/app.c:31)
08/13 15:37:22.169: [udr] INFO: [ee93fbc6-5989-41ef-81f2-31a7b73ceb1d] NF registred [Heartbeat:10s] (../src/udr/nf-sm.c:198)
Open5GS daemon v2.4.4

08/13 15:47:01.721: [app] INFO: Configuration: '/open5gs/install/etc/open5gs/udr.yaml' (../lib/app/ogs-init.c:129)
08/13 15:47:01.722: [app] INFO: File Logging: '/open5gs/install/var/log/open5gs/udr.log' (../lib/app/ogs-init.c:132)
08/13 15:47:01.738: [dbi] INFO: MongoDB URI: 'mongodb://localhost/open5gs' (../lib/dbi/ogs-mongoc.c:130)
08/13 15:47:01.739: [sbi] INFO: nghttp2_server() [127.0.0.20]:7777 (../lib/sbi/nghttp2-server.c:144)
08/13 15:47:01.750: [app] INFO: UDR initialize...done (../src/udr/app.c:31)
08/13 15:47:01.759: [udr] INFO: [482167f4-598b-41ef-9274-53fcf96ff3e5] NF registred [Heartbeat:10s] (../src/udr/nf-sm.c:198)
08/13 15:58:51.060: [app] INFO: SIGHUP received (../src/main.c:58)
Open5GS daemon v2.4.4

08/13 15:59:07.362: [app] INFO: Configuration: '/open5gs/install/etc/open5gs/udr.yaml' (../lib/app/ogs-init.c:129)
08/13 15:59:07.363: [app] INFO: File Logging: '/open5gs/install/var/log/open5gs/udr.log' (../lib/app/ogs-init.c:132)
08/13 15:59:07.389: [dbi] INFO: MongoDB URI: 'mongodb://localhost/open5gs' (../lib/dbi/ogs-mongoc.c:130)
08/13 15:59:07.389: [sbi] INFO: nghttp2_server() [127.0.0.20]:7777 (../lib/sbi/nghttp2-server.c:144)
08/13 15:59:07.403: [app] INFO: UDR initialize...done (../src/udr/app.c:31)
08/13 15:59:07.403: [udr] INFO: [f8a5855a-598c-41ef-b1ad-b7904bf37860] NF registred [Heartbeat:10s] (../src/udr/nf-sm.c:198)
Open5GS daemon v2.4.4

08/13 16:04:15.731: [app] INFO: Configuration: '/open5gs/install/etc/open5gs/udr.yaml' (../lib/app/ogs-init.c:129)
08/13 16:04:15.732: [app] INFO: File Logging: '/open5gs/install/var/log/open5gs/udr.log' (../lib/app/ogs-init.c:132)
08/13 16:04:15.746: [dbi] INFO: MongoDB URI: 'mongodb://localhost/open5gs' (../lib/dbi/ogs-mongoc.c:130)
08/13 16:04:15.747: [sbi] INFO: nghttp2_server() [127.0.0.20]:7777 (../lib/sbi/nghttp2-server.c:144)
08/13 16:04:15.748: [app] INFO: UDR initialize...done (../src/udr/app.c:31)
08/13 16:04:15.754: [udr] INFO: [b072d016-598d-41ef-9dc4-1bf8fa2a8cec] NF registred [Heartbeat:10s] (../src/udr/nf-sm.c:198)
Open5GS daemon v2.4.4

08/14 08:25:05.279: [app] INFO: Configuration: '/open5gs/install/etc/open5gs/udr.yaml' (../lib/app/ogs-init.c:129)
08/14 08:25:05.279: [app] INFO: File Logging: '/open5gs/install/var/log/open5gs/udr.log' (../lib/app/ogs-init.c:132)
08/14 08:25:05.310: [dbi] INFO: MongoDB URI: 'mongodb://localhost/open5gs' (../lib/dbi/ogs-mongoc.c:130)
08/14 08:25:05.318: [sbi] INFO: nghttp2_server() [127.0.0.20]:7777 (../lib/sbi/nghttp2-server.c:144)
08/14 08:25:05.322: [app] INFO: UDR initialize...done (../src/udr/app.c:31)
08/14 08:25:05.331: [udr] INFO: [b583d5a8-5a16-41ef-a02f-e74d7b7ca6b6] NF registred [Heartbeat:10s] (../src/udr/nf-sm.c:198)
Open5GS daemon v2.4.4

08/14 08:58:56.821: [app] INFO: Configuration: '/open5gs/install/etc/open5gs/udr.yaml' (../lib/app/ogs-init.c:129)
08/14 08:58:56.821: [app] INFO: File Logging: '/open5gs/install/var/log/open5gs/udr.log' (../lib/app/ogs-init.c:132)
08/14 08:58:56.911: [dbi] WARNING: Failed to connect to server [mongodb://localhost/open5gs] (../lib/dbi/ogs-mongoc.c:122)
08/14 08:58:56.912: [app] WARNING: Failed to intialize UDR (../src/udr/app.c:28)
Open5GS daemon v2.4.4

08/14 09:01:18.547: [app] INFO: Configuration: '/open5gs/install/etc/open5gs/udr.yaml' (../lib/app/ogs-init.c:129)
08/14 09:01:18.547: [app] INFO: File Logging: '/open5gs/install/var/log/open5gs/udr.log' (../lib/app/ogs-init.c:132)
08/14 09:01:18.585: [dbi] INFO: MongoDB URI: 'mongodb://localhost/open5gs' (../lib/dbi/ogs-mongoc.c:130)
08/14 09:01:18.587: [sbi] INFO: nghttp2_server() [127.0.0.20]:7777 (../lib/sbi/nghttp2-server.c:144)
08/14 09:01:18.595: [app] INFO: UDR initialize...done (../src/udr/app.c:31)
08/14 09:01:18.598: [udr] INFO: [c4e17e42-5a1b-41ef-be66-69292572eb84] NF registred [Heartbeat:10s] (../src/udr/nf-sm.c:198)
Open5GS daemon v2.4.4

08/14 09:02:40.740: [app] INFO: Configuration: '/open5gs/install/etc/open5gs/udr.yaml' (../lib/app/ogs-init.c:129)
08/14 09:02:40.740: [app] INFO: File Logging: '/open5gs/install/var/log/open5gs/udr.log' (../lib/app/ogs-init.c:132)
08/14 09:02:40.751: [dbi] INFO: MongoDB URI: 'mongodb://localhost/open5gs' (../lib/dbi/ogs-mongoc.c:130)
08/14 09:02:40.752: [sbi] INFO: nghttp2_server() [127.0.0.20]:7777 (../lib/sbi/nghttp2-server.c:144)
08/14 09:02:40.761: [app] INFO: UDR initialize...done (../src/udr/app.c:31)
08/14 09:02:40.778: [udr] INFO: [f5ded5b2-5a1b-41ef-a7e7-67d7a831f619] NF registred [Heartbeat:10s] (../src/udr/nf-sm.c:198)
Open5GS daemon v2.4.4

08/14 09:24:12.767: [app] INFO: Configuration: '/open5gs/install/etc/open5gs/udr.yaml' (../lib/app/ogs-init.c:129)
08/14 09:24:12.769: [app] INFO: File Logging: '/open5gs/install/var/log/open5gs/udr.log' (../lib/app/ogs-init.c:132)
08/14 09:24:12.827: [dbi] WARNING: Failed to connect to server [mongodb://localhost/open5gs] (../lib/dbi/ogs-mongoc.c:122)
08/14 09:24:12.829: [app] WARNING: Failed to intialize UDR (../src/udr/app.c:28)
Open5GS daemon v2.4.4

08/14 09:54:49.334: [app] INFO: Configuration: '/open5gs/install/etc/open5gs/udr.yaml' (../lib/app/ogs-init.c:129)
08/14 09:54:49.350: [app] INFO: File Logging: '/open5gs/install/var/log/open5gs/udr.log' (../lib/app/ogs-init.c:132)
08/14 09:54:49.394: [dbi] WARNING: Failed to connect to server [mongodb://localhost/open5gs] (../lib/dbi/ogs-mongoc.c:122)
08/14 09:54:49.397: [app] WARNING: Failed to intialize UDR (../src/udr/app.c:28)
Open5GS daemon v2.4.4

08/14 14:14:37.374: [app] INFO: Configuration: '/open5gs/install/etc/open5gs/udr.yaml' (../lib/app/ogs-init.c:129)
08/14 14:14:37.376: [app] INFO: File Logging: '/open5gs/install/var/log/open5gs/udr.log' (../lib/app/ogs-init.c:132)
08/14 14:14:37.452: [dbi] WARNING: Failed to connect to server [mongodb://localhost/open5gs] (../lib/dbi/ogs-mongoc.c:122)
08/14 14:14:37.467: [app] WARNING: Failed to intialize UDR (../src/udr/app.c:28)
Open5GS daemon v2.4.4

08/14 14:19:23.822: [app] INFO: Configuration: '/open5gs/install/etc/open5gs/udr.yaml' (../lib/app/ogs-init.c:129)
08/14 14:19:23.822: [app] INFO: File Logging: '/open5gs/install/var/log/open5gs/udr.log' (../lib/app/ogs-init.c:132)
08/14 14:19:23.873: [dbi] INFO: MongoDB URI: 'mongodb://localhost/open5gs' (../lib/dbi/ogs-mongoc.c:130)
08/14 14:19:23.873: [sbi] INFO: nghttp2_server() [127.0.0.20]:7777 (../lib/sbi/nghttp2-server.c:144)
08/14 14:19:23.879: [app] INFO: UDR initialize...done (../src/udr/app.c:31)
08/14 14:19:23.887: [udr] INFO: [3497d2d2-5a48-41ef-9c21-df81e15661bf] NF registred [Heartbeat:10s] (../src/udr/nf-sm.c:198)
08/14 14:20:34.737: [app] INFO: SIGHUP received (../src/main.c:58)
Open5GS daemon v2.4.4

08/14 14:22:41.483: [app] INFO: Configuration: '/open5gs/install/etc/open5gs/udr.yaml' (../lib/app/ogs-init.c:129)
08/14 14:22:41.483: [app] INFO: File Logging: '/open5gs/install/var/log/open5gs/udr.log' (../lib/app/ogs-init.c:132)
08/14 14:22:41.598: [dbi] INFO: MongoDB URI: 'mongodb://localhost/open5gs' (../lib/dbi/ogs-mongoc.c:130)
08/14 14:22:41.599: [sbi] INFO: nghttp2_server() [127.0.0.20]:7777 (../lib/sbi/nghttp2-server.c:144)
08/14 14:22:41.612: [app] INFO: UDR initialize...done (../src/udr/app.c:31)
08/14 14:22:41.615: [udr] INFO: [aa67e754-5a48-41ef-b954-f943ccebc589] NF registred [Heartbeat:10s] (../src/udr/nf-sm.c:198)
08/14 14:24:23.128: [app] INFO: SIGHUP received (../src/main.c:58)
Open5GS daemon v2.4.4

08/14 14:27:14.713: [app] INFO: Configuration: '/open5gs/install/etc/open5gs/udr.yaml' (../lib/app/ogs-init.c:129)
08/14 14:27:14.714: [app] INFO: File Logging: '/open5gs/install/var/log/open5gs/udr.log' (../lib/app/ogs-init.c:132)
08/14 14:27:14.723: [dbi] INFO: MongoDB URI: 'mongodb://localhost/open5gs' (../lib/dbi/ogs-mongoc.c:130)
08/14 14:27:14.724: [sbi] INFO: nghttp2_server() [127.0.0.20]:7777 (../lib/sbi/nghttp2-server.c:144)
08/14 14:27:14.726: [app] INFO: UDR initialize...done (../src/udr/app.c:31)
08/14 14:27:14.735: [udr] INFO: [4d43a210-5a49-41ef-8aed-917370be964e] NF registred [Heartbeat:10s] (../src/udr/nf-sm.c:198)
08/14 14:32:43.544: [app] INFO: SIGHUP received (../src/main.c:58)
Open5GS daemon v2.4.4

08/14 14:36:02.499: [app] INFO: Configuration: '/open5gs/install/etc/open5gs/udr.yaml' (../lib/app/ogs-init.c:129)
08/14 14:36:02.502: [app] INFO: File Logging: '/open5gs/install/var/log/open5gs/udr.log' (../lib/app/ogs-init.c:132)
08/14 14:36:02.540: [dbi] INFO: MongoDB URI: 'mongodb://localhost/open5gs' (../lib/dbi/ogs-mongoc.c:130)
08/14 14:36:02.541: [sbi] INFO: nghttp2_server() [127.0.0.20]:7777 (../lib/sbi/nghttp2-server.c:144)
08/14 14:36:02.553: [app] INFO: UDR initialize...done (../src/udr/app.c:31)
08/14 14:36:02.567: [udr] INFO: [87da517a-5a4a-41ef-a0f0-4dc84b8cff0c] NF registred [Heartbeat:10s] (../src/udr/nf-sm.c:198)
Open5GS daemon v2.4.4

08/14 14:40:34.740: [app] INFO: Configuration: '/open5gs/install/etc/open5gs/udr.yaml' (../lib/app/ogs-init.c:129)
08/14 14:40:34.742: [app] INFO: File Logging: '/open5gs/install/var/log/open5gs/udr.log' (../lib/app/ogs-init.c:132)
08/14 14:40:34.754: [dbi] INFO: MongoDB URI: 'mongodb://localhost/open5gs' (../lib/dbi/ogs-mongoc.c:130)
08/14 14:40:34.756: [sbi] INFO: nghttp2_server() [127.0.0.20]:7777 (../lib/sbi/nghttp2-server.c:144)
08/14 14:40:34.758: [app] INFO: UDR initialize...done (../src/udr/app.c:31)
08/14 14:40:34.763: [udr] INFO: [2a1ea0d0-5a4b-41ef-87a8-f3535df4f006] NF registred [Heartbeat:10s] (../src/udr/nf-sm.c:198)
Open5GS daemon v2.4.4

08/14 14:43:02.147: [app] INFO: Configuration: '/open5gs/install/etc/open5gs/udr.yaml' (../lib/app/ogs-init.c:129)
08/14 14:43:02.147: [app] INFO: File Logging: '/open5gs/install/var/log/open5gs/udr.log' (../lib/app/ogs-init.c:132)
08/14 14:43:02.158: [dbi] INFO: MongoDB URI: 'mongodb://localhost/open5gs' (../lib/dbi/ogs-mongoc.c:130)
08/14 14:43:02.162: [sbi] INFO: nghttp2_server() [127.0.0.20]:7777 (../lib/sbi/nghttp2-server.c:144)
08/14 14:43:02.165: [app] INFO: UDR initialize...done (../src/udr/app.c:31)
08/14 14:43:02.171: [udr] INFO: [81fa8efe-5a4b-41ef-816d-9d3263e07405] NF registred [Heartbeat:10s] (../src/udr/nf-sm.c:198)
Open5GS daemon v2.4.4

08/14 14:44:34.144: [app] INFO: Configuration: '/open5gs/install/etc/open5gs/udr.yaml' (../lib/app/ogs-init.c:129)
08/14 14:44:34.144: [app] INFO: File Logging: '/open5gs/install/var/log/open5gs/udr.log' (../lib/app/ogs-init.c:132)
08/14 14:44:34.199: [dbi] INFO: MongoDB URI: 'mongodb://localhost/open5gs' (../lib/dbi/ogs-mongoc.c:130)
08/14 14:44:34.202: [sbi] INFO: nghttp2_server() [127.0.0.20]:7777 (../lib/sbi/nghttp2-server.c:144)
08/14 14:44:34.206: [app] INFO: UDR initialize...done (../src/udr/app.c:31)
08/14 14:44:34.231: [udr] INFO: [b8d01d5e-5a4b-41ef-aa5c-f5fa7a125900] NF registred [Heartbeat:10s] (../src/udr/nf-sm.c:198)
Open5GS daemon v2.4.4

08/14 14:45:34.140: [app] INFO: Configuration: '/open5gs/install/etc/open5gs/udr.yaml' (../lib/app/ogs-init.c:129)
08/14 14:45:34.140: [app] INFO: File Logging: '/open5gs/install/var/log/open5gs/udr.log' (../lib/app/ogs-init.c:132)
08/14 14:45:34.167: [dbi] INFO: MongoDB URI: 'mongodb://localhost/open5gs' (../lib/dbi/ogs-mongoc.c:130)
08/14 14:45:34.167: [sbi] INFO: nghttp2_server() [127.0.0.20]:7777 (../lib/sbi/nghttp2-server.c:144)
08/14 14:45:34.168: [app] INFO: UDR initialize...done (../src/udr/app.c:31)
08/14 14:45:34.178: [udr] INFO: [dc941a7e-5a4b-41ef-a3c0-5391e7670cd4] NF registred [Heartbeat:10s] (../src/udr/nf-sm.c:198)
Open5GS daemon v2.4.4

08/14 14:48:14.731: [app] INFO: Configuration: '/open5gs/install/etc/open5gs/udr.yaml' (../lib/app/ogs-init.c:129)
08/14 14:48:14.731: [app] INFO: File Logging: '/open5gs/install/var/log/open5gs/udr.log' (../lib/app/ogs-init.c:132)
08/14 14:48:14.773: [dbi] INFO: MongoDB URI: 'mongodb://localhost/open5gs' (../lib/dbi/ogs-mongoc.c:130)
08/14 14:48:14.774: [sbi] INFO: nghttp2_server() [127.0.0.20]:7777 (../lib/sbi/nghttp2-server.c:144)
08/14 14:48:14.776: [app] INFO: UDR initialize...done (../src/udr/app.c:31)
08/14 14:48:14.785: [udr] INFO: [3c4ae650-5a4c-41ef-8f9c-375cc3699ad3] NF registred [Heartbeat:10s] (../src/udr/nf-sm.c:198)
08/14 14:50:30.439: [app] INFO: SIGHUP received (../src/main.c:58)
Open5GS daemon v2.4.4

08/14 14:51:20.732: [app] INFO: Configuration: '/open5gs/install/etc/open5gs/udr.yaml' (../lib/app/ogs-init.c:129)
08/14 14:51:20.733: [app] INFO: File Logging: '/open5gs/install/var/log/open5gs/udr.log' (../lib/app/ogs-init.c:132)
08/14 14:51:20.760: [dbi] INFO: MongoDB URI: 'mongodb://localhost/open5gs' (../lib/dbi/ogs-mongoc.c:130)
08/14 14:51:20.760: [sbi] INFO: nghttp2_server() [127.0.0.20]:7777 (../lib/sbi/nghttp2-server.c:144)
08/14 14:51:20.761: [app] INFO: UDR initialize...done (../src/udr/app.c:31)
08/14 14:51:20.768: [udr] INFO: [ab2985cc-5a4c-41ef-ae7d-4b40107f5ae1] NF registred [Heartbeat:10s] (../src/udr/nf-sm.c:198)
08/14 14:54:58.704: [app] INFO: SIGHUP received (../src/main.c:58)
Open5GS daemon v2.4.4

08/14 14:55:23.824: [app] INFO: Configuration: '/open5gs/install/etc/open5gs/udr.yaml' (../lib/app/ogs-init.c:129)
08/14 14:55:23.825: [app] INFO: File Logging: '/open5gs/install/var/log/open5gs/udr.log' (../lib/app/ogs-init.c:132)
08/14 14:55:23.840: [dbi] INFO: MongoDB URI: 'mongodb://localhost/open5gs' (../lib/dbi/ogs-mongoc.c:130)
08/14 14:55:23.841: [sbi] INFO: nghttp2_server() [127.0.0.20]:7777 (../lib/sbi/nghttp2-server.c:144)
08/14 14:55:23.842: [app] INFO: UDR initialize...done (../src/udr/app.c:31)
08/14 14:55:23.852: [udr] INFO: [3c0d7c06-5a4d-41ef-8aef-f54f95874833] NF registred [Heartbeat:10s] (../src/udr/nf-sm.c:198)
Open5GS daemon v2.4.4

08/15 12:14:20.120: [app] INFO: Configuration: '/open5gs/install/etc/open5gs/udr.yaml' (../lib/app/ogs-init.c:129)
08/15 12:14:20.122: [app] INFO: File Logging: '/open5gs/install/var/log/open5gs/udr.log' (../lib/app/ogs-init.c:132)
08/15 12:14:20.211: [dbi] WARNING: Failed to connect to server [mongodb://localhost/open5gs] (../lib/dbi/ogs-mongoc.c:122)
08/15 12:14:20.212: [app] WARNING: Failed to intialize UDR (../src/udr/app.c:28)
Open5GS daemon v2.4.4

08/15 12:16:51.662: [app] INFO: Configuration: '/open5gs/install/etc/open5gs/udr.yaml' (../lib/app/ogs-init.c:129)
08/15 12:16:51.662: [app] INFO: File Logging: '/open5gs/install/var/log/open5gs/udr.log' (../lib/app/ogs-init.c:132)
08/15 12:16:51.682: [dbi] INFO: MongoDB URI: 'mongodb://localhost/open5gs' (../lib/dbi/ogs-mongoc.c:130)
08/15 12:16:51.683: [sbi] INFO: nghttp2_server() [127.0.0.20]:7777 (../lib/sbi/nghttp2-server.c:144)
08/15 12:16:51.686: [app] INFO: UDR initialize...done (../src/udr/app.c:31)
08/15 12:16:51.708: [udr] INFO: [40c632de-5b00-41ef-822c-eb8c86c82141] NF registred [Heartbeat:10s] (../src/udr/nf-sm.c:198)
08/15 12:17:12.062: [app] INFO: SIGHUP received (../src/main.c:58)
Open5GS daemon v2.4.4

08/15 12:17:40.885: [app] INFO: Configuration: '/open5gs/install/etc/open5gs/udr.yaml' (../lib/app/ogs-init.c:129)
08/15 12:17:40.888: [app] INFO: File Logging: '/open5gs/install/var/log/open5gs/udr.log' (../lib/app/ogs-init.c:132)
08/15 12:17:40.932: [dbi] INFO: MongoDB URI: 'mongodb://localhost/open5gs' (../lib/dbi/ogs-mongoc.c:130)
08/15 12:17:40.932: [sbi] INFO: nghttp2_server() [127.0.0.20]:7777 (../lib/sbi/nghttp2-server.c:144)
08/15 12:17:40.934: [app] INFO: UDR initialize...done (../src/udr/app.c:31)
08/15 12:17:40.940: [udr] INFO: [5e1e4b78-5b00-41ef-a72d-b74fd3f529bf] NF registred [Heartbeat:10s] (../src/udr/nf-sm.c:198)
Open5GS daemon v2.4.4

08/15 12:23:09.606: [app] INFO: Configuration: '/open5gs/install/etc/open5gs/udr.yaml' (../lib/app/ogs-init.c:129)
08/15 12:23:09.606: [app] INFO: File Logging: '/open5gs/install/var/log/open5gs/udr.log' (../lib/app/ogs-init.c:132)
08/15 12:23:09.689: [dbi] INFO: MongoDB URI: 'mongodb://localhost/open5gs' (../lib/dbi/ogs-mongoc.c:130)
08/15 12:23:09.689: [sbi] INFO: nghttp2_server() [127.0.0.20]:7777 (../lib/sbi/nghttp2-server.c:144)
08/15 12:23:09.693: [app] INFO: UDR initialize...done (../src/udr/app.c:31)
08/15 12:23:09.705: [udr] INFO: [220cd676-5b01-41ef-a867-c195c55c24b1] NF registred [Heartbeat:10s] (../src/udr/nf-sm.c:198)
Open5GS daemon v2.4.4

08/15 12:31:00.149: [app] INFO: Configuration: '/open5gs/install/etc/open5gs/udr.yaml' (../lib/app/ogs-init.c:129)
08/15 12:31:00.149: [app] INFO: File Logging: '/open5gs/install/var/log/open5gs/udr.log' (../lib/app/ogs-init.c:132)
08/15 12:31:00.178: [dbi] INFO: MongoDB URI: 'mongodb://localhost/open5gs' (../lib/dbi/ogs-mongoc.c:130)
08/15 12:31:00.182: [sbi] INFO: nghttp2_server() [127.0.0.20]:7777 (../lib/sbi/nghttp2-server.c:144)
08/15 12:31:00.188: [app] INFO: UDR initialize...done (../src/udr/app.c:31)
08/15 12:31:00.199: [udr] INFO: [3a837880-5b02-41ef-9861-13298b78bf3b] NF registred [Heartbeat:10s] (../src/udr/nf-sm.c:198)
Open5GS daemon v2.4.4

08/15 12:33:15.346: [app] INFO: Configuration: '/open5gs/install/etc/open5gs/udr.yaml' (../lib/app/ogs-init.c:129)
08/15 12:33:15.346: [app] INFO: File Logging: '/open5gs/install/var/log/open5gs/udr.log' (../lib/app/ogs-init.c:132)
08/15 12:33:15.385: [dbi] INFO: MongoDB URI: 'mongodb://localhost/open5gs' (../lib/dbi/ogs-mongoc.c:130)
08/15 12:33:15.386: [sbi] INFO: nghttp2_server() [127.0.0.20]:7777 (../lib/sbi/nghttp2-server.c:144)
08/15 12:33:15.392: [udr] INFO: [8b18991a-5b02-41ef-9e9e-1764ed19266f] NF registred [Heartbeat:10s] (../src/udr/nf-sm.c:198)
08/15 12:33:15.395: [app] INFO: UDR initialize...done (../src/udr/app.c:31)
Open5GS daemon v2.4.4

08/15 12:35:38.051: [app] INFO: Configuration: '/open5gs/install/etc/open5gs/udr.yaml' (../lib/app/ogs-init.c:129)
08/15 12:35:38.051: [app] INFO: File Logging: '/open5gs/install/var/log/open5gs/udr.log' (../lib/app/ogs-init.c:132)
08/15 12:35:38.091: [dbi] INFO: MongoDB URI: 'mongodb://localhost/open5gs' (../lib/dbi/ogs-mongoc.c:130)
08/15 12:35:38.097: [sbi] INFO: nghttp2_server() [127.0.0.20]:7777 (../lib/sbi/nghttp2-server.c:144)
08/15 12:35:38.098: [app] INFO: UDR initialize...done (../src/udr/app.c:31)
08/15 12:35:38.121: [udr] INFO: [e02876e6-5b02-41ef-b2a7-1be863fe54c7] NF registred [Heartbeat:10s] (../src/udr/nf-sm.c:198)
Open5GS daemon v2.4.4

08/15 12:37:25.203: [app] INFO: Configuration: '/open5gs/install/etc/open5gs/udr.yaml' (../lib/app/ogs-init.c:129)
08/15 12:37:25.204: [app] INFO: File Logging: '/open5gs/install/var/log/open5gs/udr.log' (../lib/app/ogs-init.c:132)
08/15 12:37:25.233: [dbi] INFO: MongoDB URI: 'mongodb://localhost/open5gs' (../lib/dbi/ogs-mongoc.c:130)
08/15 12:37:25.233: [sbi] INFO: nghttp2_server() [127.0.0.20]:7777 (../lib/sbi/nghttp2-server.c:144)
08/15 12:37:25.239: [app] INFO: UDR initialize...done (../src/udr/app.c:31)
08/15 12:37:25.270: [udr] INFO: [2005e9ec-5b03-41ef-9459-33479f6b095a] NF registred [Heartbeat:10s] (../src/udr/nf-sm.c:198)
Open5GS daemon v2.4.4

08/15 12:38:42.158: [app] INFO: Configuration: '/open5gs/install/etc/open5gs/udr.yaml' (../lib/app/ogs-init.c:129)
08/15 12:38:42.164: [app] INFO: File Logging: '/open5gs/install/var/log/open5gs/udr.log' (../lib/app/ogs-init.c:132)
08/15 12:38:42.234: [dbi] INFO: MongoDB URI: 'mongodb://localhost/open5gs' (../lib/dbi/ogs-mongoc.c:130)
08/15 12:38:42.235: [sbi] INFO: nghttp2_server() [127.0.0.20]:7777 (../lib/sbi/nghttp2-server.c:144)
08/15 12:38:42.236: [app] INFO: UDR initialize...done (../src/udr/app.c:31)
08/15 12:38:42.290: [udr] INFO: [4de86b46-5b03-41ef-a495-eb53766d7f95] NF registred [Heartbeat:10s] (../src/udr/nf-sm.c:198)
08/15 12:40:53.398: [app] INFO: SIGHUP received (../src/main.c:58)
Open5GS daemon v2.4.4

08/15 12:41:08.160: [app] INFO: Configuration: '/open5gs/install/etc/open5gs/udr.yaml' (../lib/app/ogs-init.c:129)
08/15 12:41:08.161: [app] INFO: File Logging: '/open5gs/install/var/log/open5gs/udr.log' (../lib/app/ogs-init.c:132)
08/15 12:41:08.204: [dbi] INFO: MongoDB URI: 'mongodb://localhost/open5gs' (../lib/dbi/ogs-mongoc.c:130)
08/15 12:41:08.205: [sbi] INFO: nghttp2_server() [127.0.0.20]:7777 (../lib/sbi/nghttp2-server.c:144)
08/15 12:41:08.222: [app] INFO: UDR initialize...done (../src/udr/app.c:31)
08/15 12:41:08.254: [udr] INFO: [a4ea9338-5b03-41ef-9da8-2f3d3c12badc] NF registred [Heartbeat:10s] (../src/udr/nf-sm.c:198)
08/15 12:45:35.502: [app] INFO: SIGHUP received (../src/main.c:58)
Open5GS daemon v2.4.4

08/15 12:46:53.652: [app] INFO: Configuration: '/open5gs/install/etc/open5gs/udr.yaml' (../lib/app/ogs-init.c:129)
08/15 12:46:53.653: [app] INFO: File Logging: '/open5gs/install/var/log/open5gs/udr.log' (../lib/app/ogs-init.c:132)
08/15 12:46:53.692: [dbi] INFO: MongoDB URI: 'mongodb://localhost/open5gs' (../lib/dbi/ogs-mongoc.c:130)
08/15 12:46:53.693: [sbi] INFO: nghttp2_server() [127.0.0.20]:7777 (../lib/sbi/nghttp2-server.c:144)
08/15 12:46:53.696: [app] INFO: UDR initialize...done (../src/udr/app.c:31)
08/15 12:46:53.702: [udr] INFO: [72d89e0c-5b04-41ef-a580-ab2e7f2f4c11] NF registred [Heartbeat:10s] (../src/udr/nf-sm.c:198)
08/15 12:55:46.671: [app] INFO: SIGHUP received (../src/main.c:58)
Open5GS daemon v2.4.4

08/15 12:56:29.975: [app] INFO: Configuration: '/open5gs/install/etc/open5gs/udr.yaml' (../lib/app/ogs-init.c:129)
08/15 12:56:29.976: [app] INFO: File Logging: '/open5gs/install/var/log/open5gs/udr.log' (../lib/app/ogs-init.c:132)
08/15 12:56:30.001: [dbi] INFO: MongoDB URI: 'mongodb://localhost/open5gs' (../lib/dbi/ogs-mongoc.c:130)
08/15 12:56:30.002: [sbi] INFO: nghttp2_server() [127.0.0.20]:7777 (../lib/sbi/nghttp2-server.c:144)
08/15 12:56:30.013: [app] INFO: UDR initialize...done (../src/udr/app.c:31)
08/15 12:56:30.018: [udr] INFO: [ca5f2c1c-5b05-41ef-988e-7bbf52022774] NF registred [Heartbeat:10s] (../src/udr/nf-sm.c:198)
Open5GS daemon v2.4.4

08/15 13:03:00.692: [app] INFO: Configuration: '/open5gs/install/etc/open5gs/udr.yaml' (../lib/app/ogs-init.c:129)
08/15 13:03:00.693: [app] INFO: File Logging: '/open5gs/install/var/log/open5gs/udr.log' (../lib/app/ogs-init.c:132)
08/15 13:03:00.720: [dbi] INFO: MongoDB URI: 'mongodb://localhost/open5gs' (../lib/dbi/ogs-mongoc.c:130)
08/15 13:03:00.725: [sbi] INFO: nghttp2_server() [127.0.0.20]:7777 (../lib/sbi/nghttp2-server.c:144)
08/15 13:03:00.739: [app] INFO: UDR initialize...done (../src/udr/app.c:31)
08/15 13:03:00.751: [udr] INFO: [b33fa3f8-5b06-41ef-b069-c1e3b73a8717] NF registred [Heartbeat:10s] (../src/udr/nf-sm.c:198)
Open5GS daemon v2.4.4

08/15 13:15:37.928: [app] INFO: Configuration: '/open5gs/install/etc/open5gs/udr.yaml' (../lib/app/ogs-init.c:129)
08/15 13:15:37.928: [app] INFO: File Logging: '/open5gs/install/var/log/open5gs/udr.log' (../lib/app/ogs-init.c:132)
08/15 13:15:37.948: [dbi] INFO: MongoDB URI: 'mongodb://localhost/open5gs' (../lib/dbi/ogs-mongoc.c:130)
08/15 13:15:37.949: [sbi] INFO: nghttp2_server() [127.0.0.20]:7777 (../lib/sbi/nghttp2-server.c:144)
08/15 13:15:37.953: [app] INFO: UDR initialize...done (../src/udr/app.c:31)
08/15 13:15:37.959: [udr] INFO: [7697cb54-5b08-41ef-bdd0-e523365144eb] NF registred [Heartbeat:10s] (../src/udr/nf-sm.c:198)
08/15 13:17:20.949: [app] INFO: SIGHUP received (../src/main.c:58)
Open5GS daemon v2.4.4

08/15 13:19:57.824: [app] INFO: Configuration: '/open5gs/install/etc/open5gs/udr.yaml' (../lib/app/ogs-init.c:129)
08/15 13:19:57.826: [app] INFO: File Logging: '/open5gs/install/var/log/open5gs/udr.log' (../lib/app/ogs-init.c:132)
08/15 13:19:57.848: [dbi] INFO: MongoDB URI: 'mongodb://localhost/open5gs' (../lib/dbi/ogs-mongoc.c:130)
08/15 13:19:57.850: [sbi] INFO: nghttp2_server() [127.0.0.20]:7777 (../lib/sbi/nghttp2-server.c:144)
08/15 13:19:57.853: [app] INFO: UDR initialize...done (../src/udr/app.c:31)
08/15 13:19:57.877: [udr] INFO: [118175e8-5b09-41ef-9f6a-a33901d61066] NF registred [Heartbeat:10s] (../src/udr/nf-sm.c:198)
Open5GS daemon v2.4.4

08/16 09:14:25.895: [app] INFO: Configuration: '/open5gs/install/etc/open5gs/udr.yaml' (../lib/app/ogs-init.c:129)
08/16 09:14:25.895: [app] INFO: File Logging: '/open5gs/install/var/log/open5gs/udr.log' (../lib/app/ogs-init.c:132)
08/16 09:14:25.959: [dbi] INFO: MongoDB URI: 'mongodb://localhost/open5gs' (../lib/dbi/ogs-mongoc.c:130)
08/16 09:14:25.960: [sbi] INFO: nghttp2_server() [127.0.0.20]:7777 (../lib/sbi/nghttp2-server.c:144)
08/16 09:14:25.995: [app] INFO: UDR initialize...done (../src/udr/app.c:31)
08/16 09:14:26.024: [udr] INFO: [ef00af3c-5baf-41ef-b616-f172b874a62e] NF registred [Heartbeat:10s] (../src/udr/nf-sm.c:198)
Open5GS daemon v2.4.4

08/16 09:31:46.877: [app] INFO: Configuration: '/open5gs/install/etc/open5gs/udr.yaml' (../lib/app/ogs-init.c:129)
08/16 09:31:46.879: [app] INFO: File Logging: '/open5gs/install/var/log/open5gs/udr.log' (../lib/app/ogs-init.c:132)
08/16 09:31:46.899: [dbi] INFO: MongoDB URI: 'mongodb://localhost/open5gs' (../lib/dbi/ogs-mongoc.c:130)
08/16 09:31:46.900: [sbi] INFO: nghttp2_server() [127.0.0.20]:7777 (../lib/sbi/nghttp2-server.c:144)
08/16 09:31:46.903: [app] INFO: UDR initialize...done (../src/udr/app.c:31)
08/16 09:31:46.906: [udr] INFO: [5b7a1534-5bb2-41ef-9ca5-a187b922be90] NF registred [Heartbeat:10s] (../src/udr/nf-sm.c:198)
Open5GS daemon v2.4.4

08/16 09:32:16.455: [app] INFO: Configuration: '/open5gs/install/etc/open5gs/udr.yaml' (../lib/app/ogs-init.c:129)
08/16 09:32:16.456: [app] INFO: File Logging: '/open5gs/install/var/log/open5gs/udr.log' (../lib/app/ogs-init.c:132)
08/16 09:32:16.468: [dbi] INFO: MongoDB URI: 'mongodb://localhost/open5gs' (../lib/dbi/ogs-mongoc.c:130)
08/16 09:32:16.469: [sbi] INFO: nghttp2_server() [127.0.0.20]:7777 (../lib/sbi/nghttp2-server.c:144)
08/16 09:32:16.473: [app] INFO: UDR initialize...done (../src/udr/app.c:31)
08/16 09:32:16.481: [udr] INFO: [6d1b3476-5bb2-41ef-8f96-ff5e10060684] NF registred [Heartbeat:10s] (../src/udr/nf-sm.c:198)
Open5GS daemon v2.4.4

08/16 09:34:13.630: [app] INFO: Configuration: '/open5gs/install/etc/open5gs/udr.yaml' (../lib/app/ogs-init.c:129)
08/16 09:34:13.630: [app] INFO: File Logging: '/open5gs/install/var/log/open5gs/udr.log' (../lib/app/ogs-init.c:132)
08/16 09:34:13.661: [dbi] INFO: MongoDB URI: 'mongodb://localhost/open5gs' (../lib/dbi/ogs-mongoc.c:130)
08/16 09:34:13.662: [sbi] INFO: nghttp2_server() [127.0.0.20]:7777 (../lib/sbi/nghttp2-server.c:144)
08/16 09:34:13.664: [app] INFO: UDR initialize...done (../src/udr/app.c:31)
08/16 09:34:13.671: [udr] INFO: [b2f3136a-5bb2-41ef-a870-5bdb48fde9d6] NF registred [Heartbeat:10s] (../src/udr/nf-sm.c:198)
Open5GS daemon v2.4.4

08/16 11:32:06.982: [app] INFO: Configuration: '/open5gs/install/etc/open5gs/udr.yaml' (../lib/app/ogs-init.c:129)
08/16 11:32:06.989: [app] INFO: File Logging: '/open5gs/install/var/log/open5gs/udr.log' (../lib/app/ogs-init.c:132)
08/16 11:32:07.009: [dbi] INFO: MongoDB URI: 'mongodb://localhost/open5gs' (../lib/dbi/ogs-mongoc.c:130)
08/16 11:32:07.011: [sbi] INFO: nghttp2_server() [127.0.0.20]:7777 (../lib/sbi/nghttp2-server.c:144)
08/16 11:32:07.012: [app] INFO: UDR initialize...done (../src/udr/app.c:31)
08/16 11:32:07.035: [udr] INFO: [2affa26e-5bc3-41ef-8436-53f4c28f70cf] NF registred [Heartbeat:10s] (../src/udr/nf-sm.c:198)
Open5GS daemon v2.4.4

08/16 11:37:07.399: [app] INFO: Configuration: '/open5gs/install/etc/open5gs/udr.yaml' (../lib/app/ogs-init.c:129)
08/16 11:37:07.408: [app] INFO: File Logging: '/open5gs/install/var/log/open5gs/udr.log' (../lib/app/ogs-init.c:132)
08/16 11:37:07.457: [dbi] INFO: MongoDB URI: 'mongodb://localhost/open5gs' (../lib/dbi/ogs-mongoc.c:130)
08/16 11:37:07.458: [sbi] INFO: nghttp2_server() [127.0.0.20]:7777 (../lib/sbi/nghttp2-server.c:144)
08/16 11:37:07.470: [app] INFO: UDR initialize...done (../src/udr/app.c:31)
08/16 11:37:07.485: [udr] INFO: [de10eed0-5bc3-41ef-af9c-57e5b3f9af44] NF registred [Heartbeat:10s] (../src/udr/nf-sm.c:198)
08/16 11:39:10.334: [app] INFO: SIGHUP received (../src/main.c:58)
Open5GS daemon v2.4.4

08/16 11:43:49.037: [app] INFO: Configuration: '/open5gs/install/etc/open5gs/udr.yaml' (../lib/app/ogs-init.c:129)
08/16 11:43:49.042: [app] INFO: File Logging: '/open5gs/install/var/log/open5gs/udr.log' (../lib/app/ogs-init.c:132)
08/16 11:43:49.057: [dbi] INFO: MongoDB URI: 'mongodb://localhost/open5gs' (../lib/dbi/ogs-mongoc.c:130)
08/16 11:43:49.058: [sbi] INFO: nghttp2_server() [127.0.0.20]:7777 (../lib/sbi/nghttp2-server.c:144)
08/16 11:43:49.066: [app] INFO: UDR initialize...done (../src/udr/app.c:31)
08/16 11:43:49.086: [udr] INFO: [cd745e8a-5bc4-41ef-a0a0-23dd7c6d1b67] NF registred [Heartbeat:10s] (../src/udr/nf-sm.c:198)
Open5GS daemon v2.4.4

08/16 11:45:17.159: [app] INFO: Configuration: '/open5gs/install/etc/open5gs/udr.yaml' (../lib/app/ogs-init.c:129)
08/16 11:45:17.160: [app] INFO: File Logging: '/open5gs/install/var/log/open5gs/udr.log' (../lib/app/ogs-init.c:132)
08/16 11:45:17.186: [dbi] INFO: MongoDB URI: 'mongodb://localhost/open5gs' (../lib/dbi/ogs-mongoc.c:130)
08/16 11:45:17.188: [sbi] INFO: nghttp2_server() [127.0.0.20]:7777 (../lib/sbi/nghttp2-server.c:144)
08/16 11:45:17.189: [app] INFO: UDR initialize...done (../src/udr/app.c:31)
08/16 11:45:17.227: [udr] INFO: [01fa21e4-5bc5-41ef-a304-3375fd8858a6] NF registred [Heartbeat:10s] (../src/udr/nf-sm.c:198)
Open5GS daemon v2.4.4

08/16 11:46:52.048: [app] INFO: Configuration: '/open5gs/install/etc/open5gs/udr.yaml' (../lib/app/ogs-init.c:129)
08/16 11:46:52.050: [app] INFO: File Logging: '/open5gs/install/var/log/open5gs/udr.log' (../lib/app/ogs-init.c:132)
08/16 11:46:52.070: [dbi] INFO: MongoDB URI: 'mongodb://localhost/open5gs' (../lib/dbi/ogs-mongoc.c:130)
08/16 11:46:52.072: [sbi] INFO: nghttp2_server() [127.0.0.20]:7777 (../lib/sbi/nghttp2-server.c:144)
08/16 11:46:52.079: [app] INFO: UDR initialize...done (../src/udr/app.c:31)
08/16 11:46:52.085: [udr] INFO: [3a89e68e-5bc5-41ef-995b-ab5572801e1b] NF registred [Heartbeat:10s] (../src/udr/nf-sm.c:198)
Open5GS daemon v2.4.4

08/16 11:49:10.767: [app] INFO: Configuration: '/open5gs/install/etc/open5gs/udr.yaml' (../lib/app/ogs-init.c:129)
08/16 11:49:10.768: [app] INFO: File Logging: '/open5gs/install/var/log/open5gs/udr.log' (../lib/app/ogs-init.c:132)
08/16 11:49:10.779: [dbi] INFO: MongoDB URI: 'mongodb://localhost/open5gs' (../lib/dbi/ogs-mongoc.c:130)
08/16 11:49:10.780: [sbi] INFO: nghttp2_server() [127.0.0.20]:7777 (../lib/sbi/nghttp2-server.c:144)
08/16 11:49:10.782: [app] INFO: UDR initialize...done (../src/udr/app.c:31)
08/16 11:49:10.791: [udr] INFO: [8d380366-5bc5-41ef-b60b-fbdfeb4c308a] NF registred [Heartbeat:10s] (../src/udr/nf-sm.c:198)
Open5GS daemon v2.4.4

08/16 11:52:33.841: [app] INFO: Configuration: '/open5gs/install/etc/open5gs/udr.yaml' (../lib/app/ogs-init.c:129)
08/16 11:52:33.841: [app] INFO: File Logging: '/open5gs/install/var/log/open5gs/udr.log' (../lib/app/ogs-init.c:132)
08/16 11:52:33.862: [dbi] INFO: MongoDB URI: 'mongodb://localhost/open5gs' (../lib/dbi/ogs-mongoc.c:130)
08/16 11:52:33.862: [sbi] INFO: nghttp2_server() [127.0.0.20]:7777 (../lib/sbi/nghttp2-server.c:144)
08/16 11:52:33.863: [app] INFO: UDR initialize...done (../src/udr/app.c:31)
08/16 11:52:33.880: [udr] INFO: [064339a6-5bc6-41ef-9064-21276905d1a0] NF registred [Heartbeat:10s] (../src/udr/nf-sm.c:198)
Open5GS daemon v2.4.4

08/16 12:06:07.433: [app] INFO: Configuration: '/open5gs/install/etc/open5gs/udr.yaml' (../lib/app/ogs-init.c:129)
08/16 12:06:07.439: [app] INFO: File Logging: '/open5gs/install/var/log/open5gs/udr.log' (../lib/app/ogs-init.c:132)
08/16 12:06:07.509: [dbi] INFO: MongoDB URI: 'mongodb://localhost/open5gs' (../lib/dbi/ogs-mongoc.c:130)
08/16 12:06:07.512: [sbi] INFO: nghttp2_server() [127.0.0.20]:7777 (../lib/sbi/nghttp2-server.c:144)
08/16 12:06:07.516: [app] INFO: UDR initialize...done (../src/udr/app.c:31)
08/16 12:06:07.570: [udr] INFO: [eb348bc2-5bc7-41ef-b7fe-5dbf03e6c6d3] NF registred [Heartbeat:10s] (../src/udr/nf-sm.c:198)
Open5GS daemon v2.4.4

08/16 12:10:15.141: [app] INFO: Configuration: '/open5gs/install/etc/open5gs/udr.yaml' (../lib/app/ogs-init.c:129)
08/16 12:10:15.141: [app] INFO: File Logging: '/open5gs/install/var/log/open5gs/udr.log' (../lib/app/ogs-init.c:132)
08/16 12:10:15.150: [dbi] INFO: MongoDB URI: 'mongodb://localhost/open5gs' (../lib/dbi/ogs-mongoc.c:130)
08/16 12:10:15.151: [sbi] INFO: nghttp2_server() [127.0.0.20]:7777 (../lib/sbi/nghttp2-server.c:144)
08/16 12:10:15.152: [app] INFO: UDR initialize...done (../src/udr/app.c:31)
08/16 12:10:15.157: [udr] INFO: [7ed7ac2e-5bc8-41ef-af7f-4dd6a3da3fdd] NF registred [Heartbeat:10s] (../src/udr/nf-sm.c:198)
Open5GS daemon v2.4.4

08/16 12:11:03.495: [app] INFO: Configuration: '/open5gs/install/etc/open5gs/udr.yaml' (../lib/app/ogs-init.c:129)
08/16 12:11:03.496: [app] INFO: File Logging: '/open5gs/install/var/log/open5gs/udr.log' (../lib/app/ogs-init.c:132)
08/16 12:11:03.521: [dbi] INFO: MongoDB URI: 'mongodb://localhost/open5gs' (../lib/dbi/ogs-mongoc.c:130)
08/16 12:11:03.522: [sbi] INFO: nghttp2_server() [127.0.0.20]:7777 (../lib/sbi/nghttp2-server.c:144)
08/16 12:11:03.530: [app] INFO: UDR initialize...done (../src/udr/app.c:31)
08/16 12:11:03.577: [udr] INFO: [9ba9f4d8-5bc8-41ef-99e4-47f3cdb1ee1a] NF registred [Heartbeat:10s] (../src/udr/nf-sm.c:198)
Open5GS daemon v2.4.4

08/16 12:13:53.580: [app] INFO: Configuration: '/open5gs/install/etc/open5gs/udr.yaml' (../lib/app/ogs-init.c:129)
08/16 12:13:53.582: [app] INFO: File Logging: '/open5gs/install/var/log/open5gs/udr.log' (../lib/app/ogs-init.c:132)
08/16 12:13:53.595: [dbi] INFO: MongoDB URI: 'mongodb://localhost/open5gs' (../lib/dbi/ogs-mongoc.c:130)
08/16 12:13:53.596: [sbi] INFO: nghttp2_server() [127.0.0.20]:7777 (../lib/sbi/nghttp2-server.c:144)
08/16 12:13:53.599: [app] INFO: UDR initialize...done (../src/udr/app.c:31)
08/16 12:13:53.605: [udr] INFO: [010b5268-5bc9-41ef-930c-99dfefc63ccf] NF registred [Heartbeat:10s] (../src/udr/nf-sm.c:198)
Open5GS daemon v2.4.4

08/16 12:22:54.234: [app] INFO: Configuration: '/open5gs/install/etc/open5gs/udr.yaml' (../lib/app/ogs-init.c:129)
08/16 12:22:54.234: [app] INFO: File Logging: '/open5gs/install/var/log/open5gs/udr.log' (../lib/app/ogs-init.c:132)
08/16 12:22:54.242: [dbi] INFO: MongoDB URI: 'mongodb://localhost/open5gs' (../lib/dbi/ogs-mongoc.c:130)
08/16 12:22:54.243: [sbi] INFO: nghttp2_server() [127.0.0.20]:7777 (../lib/sbi/nghttp2-server.c:144)
08/16 12:22:54.243: [app] INFO: UDR initialize...done (../src/udr/app.c:31)
08/16 12:22:54.256: [udr] INFO: [434c22be-5bca-41ef-b6b3-d53a48eeceeb] NF registred [Heartbeat:10s] (../src/udr/nf-sm.c:198)
Open5GS daemon v2.4.4

08/16 12:25:38.597: [app] INFO: Configuration: '/open5gs/install/etc/open5gs/udr.yaml' (../lib/app/ogs-init.c:129)
08/16 12:25:38.600: [app] INFO: File Logging: '/open5gs/install/var/log/open5gs/udr.log' (../lib/app/ogs-init.c:132)
08/16 12:25:38.634: [dbi] INFO: MongoDB URI: 'mongodb://localhost/open5gs' (../lib/dbi/ogs-mongoc.c:130)
08/16 12:25:38.634: [sbi] INFO: nghttp2_server() [127.0.0.20]:7777 (../lib/sbi/nghttp2-server.c:144)
08/16 12:25:38.665: [app] INFO: UDR initialize...done (../src/udr/app.c:31)
08/16 12:25:38.669: [udr] INFO: [a545d3c0-5bca-41ef-8c1b-bbb338f28f74] NF registred [Heartbeat:10s] (../src/udr/nf-sm.c:198)
Open5GS daemon v2.4.4

08/16 12:28:11.749: [app] INFO: Configuration: '/open5gs/install/etc/open5gs/udr.yaml' (../lib/app/ogs-init.c:129)
08/16 12:28:11.750: [app] INFO: File Logging: '/open5gs/install/var/log/open5gs/udr.log' (../lib/app/ogs-init.c:132)
08/16 12:28:11.774: [dbi] INFO: MongoDB URI: 'mongodb://localhost/open5gs' (../lib/dbi/ogs-mongoc.c:130)
08/16 12:28:11.775: [sbi] INFO: nghttp2_server() [127.0.0.20]:7777 (../lib/sbi/nghttp2-server.c:144)
08/16 12:28:11.782: [app] INFO: UDR initialize...done (../src/udr/app.c:31)
08/16 12:28:11.795: [udr] INFO: [008d8372-5bcb-41ef-ab18-6f3c6f3deb80] NF registred [Heartbeat:10s] (../src/udr/nf-sm.c:198)
08/16 12:30:05.508: [app] INFO: SIGHUP received (../src/main.c:58)
Open5GS daemon v2.4.4

08/16 12:30:26.770: [app] INFO: Configuration: '/open5gs/install/etc/open5gs/udr.yaml' (../lib/app/ogs-init.c:129)
08/16 12:30:26.770: [app] INFO: File Logging: '/open5gs/install/var/log/open5gs/udr.log' (../lib/app/ogs-init.c:132)
08/16 12:30:26.784: [dbi] INFO: MongoDB URI: 'mongodb://localhost/open5gs' (../lib/dbi/ogs-mongoc.c:130)
08/16 12:30:26.784: [sbi] INFO: nghttp2_server() [127.0.0.20]:7777 (../lib/sbi/nghttp2-server.c:144)
08/16 12:30:26.787: [app] INFO: UDR initialize...done (../src/udr/app.c:31)
08/16 12:30:26.807: [udr] INFO: [5107a814-5bcb-41ef-86b4-7f08c17aded2] NF registred [Heartbeat:10s] (../src/udr/nf-sm.c:198)
Open5GS daemon v2.4.4

08/16 12:35:04.607: [app] INFO: Configuration: '/open5gs/install/etc/open5gs/udr.yaml' (../lib/app/ogs-init.c:129)
08/16 12:35:04.608: [app] INFO: File Logging: '/open5gs/install/var/log/open5gs/udr.log' (../lib/app/ogs-init.c:132)
08/16 12:35:04.632: [dbi] INFO: MongoDB URI: 'mongodb://localhost/open5gs' (../lib/dbi/ogs-mongoc.c:130)
08/16 12:35:04.632: [sbi] INFO: nghttp2_server() [127.0.0.20]:7777 (../lib/sbi/nghttp2-server.c:144)
08/16 12:35:04.633: [app] INFO: UDR initialize...done (../src/udr/app.c:31)
08/16 12:35:04.640: [udr] INFO: [f6a49b2e-5bcb-41ef-8d09-d97cbd8220bd] NF registred [Heartbeat:10s] (../src/udr/nf-sm.c:198)
Open5GS daemon v2.4.4

08/16 12:40:45.999: [app] INFO: Configuration: '/open5gs/install/etc/open5gs/udr.yaml' (../lib/app/ogs-init.c:129)
08/16 12:40:46.013: [app] INFO: File Logging: '/open5gs/install/var/log/open5gs/udr.log' (../lib/app/ogs-init.c:132)
08/16 12:40:46.044: [dbi] INFO: MongoDB URI: 'mongodb://localhost/open5gs' (../lib/dbi/ogs-mongoc.c:130)
08/16 12:40:46.045: [sbi] INFO: nghttp2_server() [127.0.0.20]:7777 (../lib/sbi/nghttp2-server.c:144)
08/16 12:40:46.051: [app] INFO: UDR initialize...done (../src/udr/app.c:31)
08/16 12:40:46.056: [udr] INFO: [c22194aa-5bcc-41ef-b44c-39c22a990559] NF registred [Heartbeat:10s] (../src/udr/nf-sm.c:198)
Open5GS daemon v2.4.4

08/16 12:41:53.965: [app] INFO: Configuration: '/open5gs/install/etc/open5gs/udr.yaml' (../lib/app/ogs-init.c:129)
08/16 12:41:53.965: [app] INFO: File Logging: '/open5gs/install/var/log/open5gs/udr.log' (../lib/app/ogs-init.c:132)
08/16 12:41:54.020: [dbi] INFO: MongoDB URI: 'mongodb://localhost/open5gs' (../lib/dbi/ogs-mongoc.c:130)
08/16 12:41:54.021: [sbi] INFO: nghttp2_server() [127.0.0.20]:7777 (../lib/sbi/nghttp2-server.c:144)
08/16 12:41:54.024: [app] INFO: UDR initialize...done (../src/udr/app.c:31)
08/16 12:41:54.049: [udr] INFO: [eaa55cf4-5bcc-41ef-a246-5792edc40183] NF registred [Heartbeat:10s] (../src/udr/nf-sm.c:198)
Open5GS daemon v2.4.4

08/16 12:42:57.272: [app] INFO: Configuration: '/open5gs/install/etc/open5gs/udr.yaml' (../lib/app/ogs-init.c:129)
08/16 12:42:57.273: [app] INFO: File Logging: '/open5gs/install/var/log/open5gs/udr.log' (../lib/app/ogs-init.c:132)
08/16 12:42:57.292: [dbi] INFO: MongoDB URI: 'mongodb://localhost/open5gs' (../lib/dbi/ogs-mongoc.c:130)
08/16 12:42:57.292: [sbi] INFO: nghttp2_server() [127.0.0.20]:7777 (../lib/sbi/nghttp2-server.c:144)
08/16 12:42:57.319: [app] INFO: UDR initialize...done (../src/udr/app.c:31)
08/16 12:42:57.321: [udr] INFO: [105d38ae-5bcd-41ef-9586-ef29e9a0a1f9] NF registred [Heartbeat:10s] (../src/udr/nf-sm.c:198)
Open5GS daemon v2.4.4

08/16 12:46:18.736: [app] INFO: Configuration: '/open5gs/install/etc/open5gs/udr.yaml' (../lib/app/ogs-init.c:129)
08/16 12:46:18.737: [app] INFO: File Logging: '/open5gs/install/var/log/open5gs/udr.log' (../lib/app/ogs-init.c:132)
08/16 12:46:18.773: [dbi] INFO: MongoDB URI: 'mongodb://localhost/open5gs' (../lib/dbi/ogs-mongoc.c:130)
08/16 12:46:18.775: [sbi] INFO: nghttp2_server() [127.0.0.20]:7777 (../lib/sbi/nghttp2-server.c:144)
08/16 12:46:18.778: [app] INFO: UDR initialize...done (../src/udr/app.c:31)
08/16 12:46:18.781: [udr] INFO: [8872d8bc-5bcd-41ef-934b-11458bd4de59] NF registred [Heartbeat:10s] (../src/udr/nf-sm.c:198)
Open5GS daemon v2.4.4

08/16 13:01:09.019: [app] INFO: Configuration: '/open5gs/install/etc/open5gs/udr.yaml' (../lib/app/ogs-init.c:129)
08/16 13:01:09.020: [app] INFO: File Logging: '/open5gs/install/var/log/open5gs/udr.log' (../lib/app/ogs-init.c:132)
08/16 13:01:09.052: [dbi] INFO: MongoDB URI: 'mongodb://localhost/open5gs' (../lib/dbi/ogs-mongoc.c:130)
08/16 13:01:09.053: [sbi] INFO: nghttp2_server() [127.0.0.20]:7777 (../lib/sbi/nghttp2-server.c:144)
08/16 13:01:09.060: [app] INFO: UDR initialize...done (../src/udr/app.c:31)
08/16 13:01:09.064: [udr] INFO: [9b18d870-5bcf-41ef-a536-8983eed38714] NF registred [Heartbeat:10s] (../src/udr/nf-sm.c:198)
Open5GS daemon v2.4.4

08/18 08:25:17.135: [app] INFO: Configuration: '/open5gs/install/etc/open5gs/udr.yaml' (../lib/app/ogs-init.c:129)
08/18 08:25:17.136: [app] INFO: File Logging: '/open5gs/install/var/log/open5gs/udr.log' (../lib/app/ogs-init.c:132)
08/18 08:25:17.206: [dbi] INFO: MongoDB URI: 'mongodb://localhost/open5gs' (../lib/dbi/ogs-mongoc.c:130)
08/18 08:25:17.208: [sbi] INFO: nghttp2_server() [127.0.0.20]:7777 (../lib/sbi/nghttp2-server.c:144)
08/18 08:25:17.209: [app] INFO: UDR initialize...done (../src/udr/app.c:31)
08/18 08:25:17.214: [udr] INFO: [663b8f18-5d3b-41ef-8b49-7b1db61be85b] NF registred [Heartbeat:10s] (../src/udr/nf-sm.c:198)
08/18 08:26:28.435: [app] INFO: SIGHUP received (../src/main.c:58)
Open5GS daemon v2.4.4

08/18 08:26:52.463: [app] INFO: Configuration: '/open5gs/install/etc/open5gs/udr.yaml' (../lib/app/ogs-init.c:129)
08/18 08:26:52.463: [app] INFO: File Logging: '/open5gs/install/var/log/open5gs/udr.log' (../lib/app/ogs-init.c:132)
08/18 08:26:52.485: [dbi] INFO: MongoDB URI: 'mongodb://localhost/open5gs' (../lib/dbi/ogs-mongoc.c:130)
08/18 08:26:52.485: [sbi] INFO: nghttp2_server() [127.0.0.20]:7777 (../lib/sbi/nghttp2-server.c:144)
08/18 08:26:52.489: [app] INFO: UDR initialize...done (../src/udr/app.c:31)
08/18 08:26:52.540: [udr] INFO: [9f0cdfd6-5d3b-41ef-84d4-dd9d7145524a] NF registred [Heartbeat:10s] (../src/udr/nf-sm.c:198)
Open5GS daemon v2.4.4

08/18 08:28:10.682: [app] INFO: Configuration: '/open5gs/install/etc/open5gs/udr.yaml' (../lib/app/ogs-init.c:129)
08/18 08:28:10.686: [app] INFO: File Logging: '/open5gs/install/var/log/open5gs/udr.log' (../lib/app/ogs-init.c:132)
08/18 08:28:10.712: [dbi] INFO: MongoDB URI: 'mongodb://localhost/open5gs' (../lib/dbi/ogs-mongoc.c:130)
08/18 08:28:10.713: [sbi] INFO: nghttp2_server() [127.0.0.20]:7777 (../lib/sbi/nghttp2-server.c:144)
08/18 08:28:10.714: [app] INFO: UDR initialize...done (../src/udr/app.c:31)
08/18 08:28:10.746: [udr] INFO: [cdacc16c-5d3b-41ef-9347-a5c171f590d7] NF registred [Heartbeat:10s] (../src/udr/nf-sm.c:198)
Open5GS daemon v2.4.4

08/18 08:45:48.473: [app] INFO: Configuration: '/open5gs/install/etc/open5gs/udr.yaml' (../lib/app/ogs-init.c:129)
08/18 08:45:48.476: [app] INFO: File Logging: '/open5gs/install/var/log/open5gs/udr.log' (../lib/app/ogs-init.c:132)
08/18 08:45:48.523: [dbi] INFO: MongoDB URI: 'mongodb://localhost/open5gs' (../lib/dbi/ogs-mongoc.c:130)
08/18 08:45:48.524: [sbi] INFO: nghttp2_server() [127.0.0.20]:7777 (../lib/sbi/nghttp2-server.c:144)
08/18 08:45:48.526: [app] INFO: UDR initialize...done (../src/udr/app.c:31)
08/18 08:45:48.546: [udr] INFO: [442b53a6-5d3e-41ef-9b7e-fff532457f8b] NF registred [Heartbeat:10s] (../src/udr/nf-sm.c:198)
08/18 08:46:08.540: [app] INFO: SIGHUP received (../src/main.c:58)
Open5GS daemon v2.4.4

08/18 08:46:34.354: [app] INFO: Configuration: '/open5gs/install/etc/open5gs/udr.yaml' (../lib/app/ogs-init.c:129)
08/18 08:46:34.354: [app] INFO: File Logging: '/open5gs/install/var/log/open5gs/udr.log' (../lib/app/ogs-init.c:132)
08/18 08:46:34.424: [dbi] INFO: MongoDB URI: 'mongodb://localhost/open5gs' (../lib/dbi/ogs-mongoc.c:130)
08/18 08:46:34.425: [sbi] INFO: nghttp2_server() [127.0.0.20]:7777 (../lib/sbi/nghttp2-server.c:144)
08/18 08:46:34.443: [app] INFO: UDR initialize...done (../src/udr/app.c:31)
08/18 08:46:34.447: [udr] INFO: [5f859300-5d3e-41ef-b8e9-fd0da193daf9] NF registred [Heartbeat:10s] (../src/udr/nf-sm.c:198)
Open5GS daemon v2.4.4

08/18 08:50:44.528: [app] INFO: Configuration: '/open5gs/install/etc/open5gs/udr.yaml' (../lib/app/ogs-init.c:129)
08/18 08:50:44.532: [app] INFO: File Logging: '/open5gs/install/var/log/open5gs/udr.log' (../lib/app/ogs-init.c:132)
08/18 08:50:44.576: [dbi] INFO: MongoDB URI: 'mongodb://localhost/open5gs' (../lib/dbi/ogs-mongoc.c:130)
08/18 08:50:44.576: [sbi] INFO: nghttp2_server() [127.0.0.20]:7777 (../lib/sbi/nghttp2-server.c:144)
08/18 08:50:44.578: [app] INFO: UDR initialize...done (../src/udr/app.c:31)
08/18 08:50:44.585: [udr] INFO: [f4a15104-5d3e-41ef-b489-19ac621e5bc8] NF registred [Heartbeat:10s] (../src/udr/nf-sm.c:198)
Open5GS daemon v2.4.4

08/18 08:55:18.246: [app] INFO: Configuration: '/open5gs/install/etc/open5gs/udr.yaml' (../lib/app/ogs-init.c:129)
08/18 08:55:18.246: [app] INFO: File Logging: '/open5gs/install/var/log/open5gs/udr.log' (../lib/app/ogs-init.c:132)
08/18 08:55:18.336: [dbi] INFO: MongoDB URI: 'mongodb://localhost/open5gs' (../lib/dbi/ogs-mongoc.c:130)
08/18 08:55:18.337: [sbi] INFO: nghttp2_server() [127.0.0.20]:7777 (../lib/sbi/nghttp2-server.c:144)
08/18 08:55:18.376: [app] INFO: UDR initialize...done (../src/udr/app.c:31)
08/18 08:55:18.415: [udr] INFO: [97cba636-5d3f-41ef-b920-9775730e037b] NF registred [Heartbeat:10s] (../src/udr/nf-sm.c:198)
Open5GS daemon v2.4.4

08/18 08:58:06.245: [app] INFO: Configuration: '/open5gs/install/etc/open5gs/udr.yaml' (../lib/app/ogs-init.c:129)
08/18 08:58:06.245: [app] INFO: File Logging: '/open5gs/install/var/log/open5gs/udr.log' (../lib/app/ogs-init.c:132)
08/18 08:58:06.273: [dbi] INFO: MongoDB URI: 'mongodb://localhost/open5gs' (../lib/dbi/ogs-mongoc.c:130)
08/18 08:58:06.275: [sbi] INFO: nghttp2_server() [127.0.0.20]:7777 (../lib/sbi/nghttp2-server.c:144)
08/18 08:58:06.289: [app] INFO: UDR initialize...done (../src/udr/app.c:31)
08/18 08:58:06.296: [udr] INFO: [fbe96d2e-5d3f-41ef-aa64-1f03815bd294] NF registred [Heartbeat:10s] (../src/udr/nf-sm.c:198)
Open5GS daemon v2.4.4

08/18 14:13:58.412: [app] INFO: Configuration: '/open5gs/install/etc/open5gs/udr.yaml' (../lib/app/ogs-init.c:129)
08/18 14:13:58.413: [app] INFO: File Logging: '/open5gs/install/var/log/open5gs/udr.log' (../lib/app/ogs-init.c:132)
08/18 14:13:58.457: [dbi] INFO: MongoDB URI: 'mongodb://localhost/open5gs' (../lib/dbi/ogs-mongoc.c:130)
08/18 14:13:58.461: [sbi] INFO: nghttp2_server() [127.0.0.20]:7777 (../lib/sbi/nghttp2-server.c:144)
08/18 14:13:58.464: [app] INFO: UDR initialize...done (../src/udr/app.c:31)
08/18 14:13:58.471: [udr] INFO: [1c4987b2-5d6c-41ef-a9b4-3dd266714931] NF registred [Heartbeat:10s] (../src/udr/nf-sm.c:198)
Open5GS daemon v2.4.4

08/18 14:15:43.769: [app] INFO: Configuration: '/open5gs/install/etc/open5gs/udr.yaml' (../lib/app/ogs-init.c:129)
08/18 14:15:43.772: [app] INFO: File Logging: '/open5gs/install/var/log/open5gs/udr.log' (../lib/app/ogs-init.c:132)
08/18 14:15:43.813: [dbi] INFO: MongoDB URI: 'mongodb://localhost/open5gs' (../lib/dbi/ogs-mongoc.c:130)
08/18 14:15:43.819: [sbi] INFO: nghttp2_server() [127.0.0.20]:7777 (../lib/sbi/nghttp2-server.c:144)
08/18 14:15:43.825: [app] INFO: UDR initialize...done (../src/udr/app.c:31)
08/18 14:15:43.843: [udr] INFO: [5b15cda2-5d6c-41ef-84e9-9384f3be2594] NF registred [Heartbeat:10s] (../src/udr/nf-sm.c:198)
Open5GS daemon v2.4.4

08/18 14:17:09.832: [app] INFO: Configuration: '/open5gs/install/etc/open5gs/udr.yaml' (../lib/app/ogs-init.c:129)
08/18 14:17:09.835: [app] INFO: File Logging: '/open5gs/install/var/log/open5gs/udr.log' (../lib/app/ogs-init.c:132)
08/18 14:17:09.848: [dbi] INFO: MongoDB URI: 'mongodb://localhost/open5gs' (../lib/dbi/ogs-mongoc.c:130)
08/18 14:17:09.848: [sbi] INFO: nghttp2_server() [127.0.0.20]:7777 (../lib/sbi/nghttp2-server.c:144)
08/18 14:17:09.851: [app] INFO: UDR initialize...done (../src/udr/app.c:31)
08/18 14:17:09.866: [udr] INFO: [8e61c206-5d6c-41ef-a99a-abc77b722062] NF registred [Heartbeat:10s] (../src/udr/nf-sm.c:198)
08/18 14:24:18.944: [app] INFO: SIGHUP received (../src/main.c:58)
Open5GS daemon v2.4.4

08/18 14:24:37.030: [app] INFO: Configuration: '/open5gs/install/etc/open5gs/udr.yaml' (../lib/app/ogs-init.c:129)
08/18 14:24:37.055: [app] INFO: File Logging: '/open5gs/install/var/log/open5gs/udr.log' (../lib/app/ogs-init.c:132)
08/18 14:24:37.100: [dbi] INFO: MongoDB URI: 'mongodb://localhost/open5gs' (../lib/dbi/ogs-mongoc.c:130)
08/18 14:24:37.101: [sbi] INFO: nghttp2_server() [127.0.0.20]:7777 (../lib/sbi/nghttp2-server.c:144)
08/18 14:24:37.106: [app] INFO: UDR initialize...done (../src/udr/app.c:31)
08/18 14:24:37.134: [udr] INFO: [98f1dc46-5d6d-41ef-ba20-cd79b7b5cd10] NF registred [Heartbeat:10s] (../src/udr/nf-sm.c:198)
Open5GS daemon v2.4.4

08/18 14:27:20.053: [app] INFO: Configuration: '/open5gs/install/etc/open5gs/udr.yaml' (../lib/app/ogs-init.c:129)
08/18 14:27:20.053: [app] INFO: File Logging: '/open5gs/install/var/log/open5gs/udr.log' (../lib/app/ogs-init.c:132)
08/18 14:27:20.071: [dbi] INFO: MongoDB URI: 'mongodb://localhost/open5gs' (../lib/dbi/ogs-mongoc.c:130)
08/18 14:27:20.072: [sbi] INFO: nghttp2_server() [127.0.0.20]:7777 (../lib/sbi/nghttp2-server.c:144)
08/18 14:27:20.077: [app] INFO: UDR initialize...done (../src/udr/app.c:31)
08/18 14:27:20.105: [udr] INFO: [fa19c7f4-5d6d-41ef-990b-b153889c3683] NF registred [Heartbeat:10s] (../src/udr/nf-sm.c:198)
Open5GS daemon v2.4.4

08/18 14:29:01.204: [app] INFO: Configuration: '/open5gs/install/etc/open5gs/udr.yaml' (../lib/app/ogs-init.c:129)
08/18 14:29:01.211: [app] INFO: File Logging: '/open5gs/install/var/log/open5gs/udr.log' (../lib/app/ogs-init.c:132)
08/18 14:29:01.274: [dbi] INFO: MongoDB URI: 'mongodb://localhost/open5gs' (../lib/dbi/ogs-mongoc.c:130)
08/18 14:29:01.276: [sbi] INFO: nghttp2_server() [127.0.0.20]:7777 (../lib/sbi/nghttp2-server.c:144)
08/18 14:29:01.278: [app] INFO: UDR initialize...done (../src/udr/app.c:31)
08/18 14:29:01.288: [udr] INFO: [3665e79c-5d6e-41ef-8937-4987e2e33d95] NF registred [Heartbeat:10s] (../src/udr/nf-sm.c:198)
08/18 14:36:59.851: [app] INFO: SIGHUP received (../src/main.c:58)
Open5GS daemon v2.4.4

08/18 14:37:18.856: [app] INFO: Configuration: '/open5gs/install/etc/open5gs/udr.yaml' (../lib/app/ogs-init.c:129)
08/18 14:37:18.857: [app] INFO: File Logging: '/open5gs/install/var/log/open5gs/udr.log' (../lib/app/ogs-init.c:132)
08/18 14:37:18.938: [dbi] INFO: MongoDB URI: 'mongodb://localhost/open5gs' (../lib/dbi/ogs-mongoc.c:130)
08/18 14:37:18.940: [sbi] INFO: nghttp2_server() [127.0.0.20]:7777 (../lib/sbi/nghttp2-server.c:144)
08/18 14:37:18.952: [app] INFO: UDR initialize...done (../src/udr/app.c:31)
08/18 14:37:18.987: [udr] INFO: [5f03adf0-5d6f-41ef-bdbb-f54072914e59] NF registred [Heartbeat:10s] (../src/udr/nf-sm.c:198)
08/18 14:40:06.061: [app] INFO: SIGHUP received (../src/main.c:58)
Open5GS daemon v2.4.4

08/18 14:40:23.218: [app] INFO: Configuration: '/open5gs/install/etc/open5gs/udr.yaml' (../lib/app/ogs-init.c:129)
08/18 14:40:23.219: [app] INFO: File Logging: '/open5gs/install/var/log/open5gs/udr.log' (../lib/app/ogs-init.c:132)
08/18 14:40:23.254: [dbi] INFO: MongoDB URI: 'mongodb://localhost/open5gs' (../lib/dbi/ogs-mongoc.c:130)
08/18 14:40:23.256: [sbi] INFO: nghttp2_server() [127.0.0.20]:7777 (../lib/sbi/nghttp2-server.c:144)
08/18 14:40:23.261: [app] INFO: UDR initialize...done (../src/udr/app.c:31)
08/18 14:40:23.301: [udr] INFO: [cce83cfa-5d6f-41ef-b6cd-ef328c34f335] NF registred [Heartbeat:10s] (../src/udr/nf-sm.c:198)
Open5GS daemon v2.4.4

08/18 14:41:38.771: [app] INFO: Configuration: '/open5gs/install/etc/open5gs/udr.yaml' (../lib/app/ogs-init.c:129)
08/18 14:41:38.803: [app] INFO: File Logging: '/open5gs/install/var/log/open5gs/udr.log' (../lib/app/ogs-init.c:132)
08/18 14:41:38.837: [dbi] INFO: MongoDB URI: 'mongodb://localhost/open5gs' (../lib/dbi/ogs-mongoc.c:130)
08/18 14:41:38.840: [sbi] INFO: nghttp2_server() [127.0.0.20]:7777 (../lib/sbi/nghttp2-server.c:144)
08/18 14:41:38.845: [app] INFO: UDR initialize...done (../src/udr/app.c:31)
08/18 14:41:38.854: [udr] INFO: [f9f6b622-5d6f-41ef-950e-41b78478e6fb] NF registred [Heartbeat:10s] (../src/udr/nf-sm.c:198)
08/18 14:43:22.124: [app] INFO: SIGHUP received (../src/main.c:58)
Open5GS daemon v2.4.4

08/18 14:46:19.970: [app] INFO: Configuration: '/open5gs/install/etc/open5gs/udr.yaml' (../lib/app/ogs-init.c:129)
08/18 14:46:19.973: [app] INFO: File Logging: '/open5gs/install/var/log/open5gs/udr.log' (../lib/app/ogs-init.c:132)
08/18 14:46:20.011: [dbi] INFO: MongoDB URI: 'mongodb://localhost/open5gs' (../lib/dbi/ogs-mongoc.c:130)
08/18 14:46:20.016: [sbi] INFO: nghttp2_server() [127.0.0.20]:7777 (../lib/sbi/nghttp2-server.c:144)
08/18 14:46:20.017: [app] INFO: UDR initialize...done (../src/udr/app.c:31)
08/18 14:46:20.057: [udr] INFO: [a18c507c-5d70-41ef-99cd-35bdc522dabc] NF registred [Heartbeat:10s] (../src/udr/nf-sm.c:198)
Open5GS daemon v2.4.4

08/19 11:56:54.037: [app] INFO: Configuration: '/open5gs/install/etc/open5gs/udr.yaml' (../lib/app/ogs-init.c:129)
08/19 11:56:54.037: [app] INFO: File Logging: '/open5gs/install/var/log/open5gs/udr.log' (../lib/app/ogs-init.c:132)
08/19 11:56:54.049: [dbi] INFO: MongoDB URI: 'mongodb://localhost/open5gs' (../lib/dbi/ogs-mongoc.c:130)
08/19 11:56:54.051: [sbi] INFO: nghttp2_server() [127.0.0.20]:7777 (../lib/sbi/nghttp2-server.c:144)
08/19 11:56:54.054: [app] INFO: UDR initialize...done (../src/udr/app.c:31)
08/19 11:56:54.076: [udr] INFO: [20973970-5e22-41ef-9563-5f208663db6e] NF registred [Heartbeat:10s] (../src/udr/nf-sm.c:198)
Open5GS daemon v2.4.4

08/19 11:58:24.313: [app] INFO: Configuration: '/open5gs/install/etc/open5gs/udr.yaml' (../lib/app/ogs-init.c:129)
08/19 11:58:24.314: [app] INFO: File Logging: '/open5gs/install/var/log/open5gs/udr.log' (../lib/app/ogs-init.c:132)
08/19 11:58:24.353: [dbi] INFO: MongoDB URI: 'mongodb://localhost/open5gs' (../lib/dbi/ogs-mongoc.c:130)
08/19 11:58:24.357: [sbi] INFO: nghttp2_server() [127.0.0.20]:7777 (../lib/sbi/nghttp2-server.c:144)
08/19 11:58:24.372: [app] INFO: UDR initialize...done (../src/udr/app.c:31)
08/19 11:58:24.404: [udr] INFO: [56667bd8-5e22-41ef-b88f-e9918d052eda] NF registred [Heartbeat:10s] (../src/udr/nf-sm.c:198)
Open5GS daemon v2.4.4

08/19 12:01:34.641: [app] INFO: Configuration: '/open5gs/install/etc/open5gs/udr.yaml' (../lib/app/ogs-init.c:129)
08/19 12:01:34.644: [app] INFO: File Logging: '/open5gs/install/var/log/open5gs/udr.log' (../lib/app/ogs-init.c:132)
08/19 12:01:34.724: [dbi] INFO: MongoDB URI: 'mongodb://localhost/open5gs' (../lib/dbi/ogs-mongoc.c:130)
08/19 12:01:34.743: [sbi] INFO: nghttp2_server() [127.0.0.20]:7777 (../lib/sbi/nghttp2-server.c:144)
08/19 12:01:34.748: [app] INFO: UDR initialize...done (../src/udr/app.c:31)
08/19 12:01:34.756: [udr] INFO: [c7d7f698-5e22-41ef-9dd4-c784eade9f04] NF registred [Heartbeat:10s] (../src/udr/nf-sm.c:198)
Open5GS daemon v2.4.4

08/19 12:06:32.029: [app] INFO: Configuration: '/open5gs/install/etc/open5gs/udr.yaml' (../lib/app/ogs-init.c:129)
08/19 12:06:32.029: [app] INFO: File Logging: '/open5gs/install/var/log/open5gs/udr.log' (../lib/app/ogs-init.c:132)
08/19 12:06:32.078: [dbi] INFO: MongoDB URI: 'mongodb://localhost/open5gs' (../lib/dbi/ogs-mongoc.c:130)
08/19 12:06:32.078: [sbi] INFO: nghttp2_server() [127.0.0.20]:7777 (../lib/sbi/nghttp2-server.c:144)
08/19 12:06:32.081: [app] INFO: UDR initialize...done (../src/udr/app.c:31)
08/19 12:06:32.159: [udr] INFO: [7918f010-5e23-41ef-9861-078dec60a110] NF registred [Heartbeat:10s] (../src/udr/nf-sm.c:198)
Open5GS daemon v2.4.4

08/19 12:08:52.228: [app] INFO: Configuration: '/open5gs/install/etc/open5gs/udr.yaml' (../lib/app/ogs-init.c:129)
08/19 12:08:52.229: [app] INFO: File Logging: '/open5gs/install/var/log/open5gs/udr.log' (../lib/app/ogs-init.c:132)
08/19 12:08:52.263: [dbi] INFO: MongoDB URI: 'mongodb://localhost/open5gs' (../lib/dbi/ogs-mongoc.c:130)
08/19 12:08:52.268: [sbi] INFO: nghttp2_server() [127.0.0.20]:7777 (../lib/sbi/nghttp2-server.c:144)
08/19 12:08:52.295: [app] INFO: UDR initialize...done (../src/udr/app.c:31)
08/19 12:08:52.311: [udr] INFO: [cca9cdb2-5e23-41ef-9fbb-098e1d747faa] NF registred [Heartbeat:10s] (../src/udr/nf-sm.c:198)
Open5GS daemon v2.4.4

08/19 12:34:09.763: [app] INFO: Configuration: '/open5gs/install/etc/open5gs/udr.yaml' (../lib/app/ogs-init.c:129)
08/19 12:34:09.764: [app] INFO: File Logging: '/open5gs/install/var/log/open5gs/udr.log' (../lib/app/ogs-init.c:132)
08/19 12:34:09.811: [dbi] INFO: MongoDB URI: 'mongodb://localhost/open5gs' (../lib/dbi/ogs-mongoc.c:130)
08/19 12:34:09.812: [sbi] INFO: nghttp2_server() [127.0.0.20]:7777 (../lib/sbi/nghttp2-server.c:144)
08/19 12:34:09.830: [app] INFO: UDR initialize...done (../src/udr/app.c:31)
08/19 12:34:09.838: [udr] INFO: [55300ce8-5e27-41ef-88d5-dd09177840e2] NF registred [Heartbeat:10s] (../src/udr/nf-sm.c:198)
Open5GS daemon v2.4.4

08/19 12:36:12.404: [app] INFO: Configuration: '/open5gs/install/etc/open5gs/udr.yaml' (../lib/app/ogs-init.c:129)
08/19 12:36:12.405: [app] INFO: File Logging: '/open5gs/install/var/log/open5gs/udr.log' (../lib/app/ogs-init.c:132)
08/19 12:36:12.445: [dbi] INFO: MongoDB URI: 'mongodb://localhost/open5gs' (../lib/dbi/ogs-mongoc.c:130)
08/19 12:36:12.449: [sbi] INFO: nghttp2_server() [127.0.0.20]:7777 (../lib/sbi/nghttp2-server.c:144)
08/19 12:36:12.460: [app] INFO: UDR initialize...done (../src/udr/app.c:31)
08/19 12:36:12.463: [udr] INFO: [9e48a368-5e27-41ef-8918-3d7e403bcffd] NF registred [Heartbeat:10s] (../src/udr/nf-sm.c:198)
08/19 12:36:57.997: [app] INFO: SIGHUP received (../src/main.c:58)
Open5GS daemon v2.4.4

08/19 12:39:36.479: [app] INFO: Configuration: '/open5gs/install/etc/open5gs/udr.yaml' (../lib/app/ogs-init.c:129)
08/19 12:39:36.479: [app] INFO: File Logging: '/open5gs/install/var/log/open5gs/udr.log' (../lib/app/ogs-init.c:132)
08/19 12:39:36.503: [dbi] INFO: MongoDB URI: 'mongodb://localhost/open5gs' (../lib/dbi/ogs-mongoc.c:130)
08/19 12:39:36.504: [sbi] INFO: nghttp2_server() [127.0.0.20]:7777 (../lib/sbi/nghttp2-server.c:144)
08/19 12:39:36.505: [app] INFO: UDR initialize...done (../src/udr/app.c:31)
08/19 12:39:36.508: [udr] INFO: [17ec9be8-5e28-41ef-8683-eb85f9bd52de] NF registred [Heartbeat:10s] (../src/udr/nf-sm.c:198)
Open5GS daemon v2.4.4

08/19 12:48:33.591: [app] INFO: Configuration: '/open5gs/install/etc/open5gs/udr.yaml' (../lib/app/ogs-init.c:129)
08/19 12:48:33.591: [app] INFO: File Logging: '/open5gs/install/var/log/open5gs/udr.log' (../lib/app/ogs-init.c:132)
08/19 12:48:33.612: [dbi] INFO: MongoDB URI: 'mongodb://localhost/open5gs' (../lib/dbi/ogs-mongoc.c:130)
08/19 12:48:33.612: [sbi] INFO: nghttp2_server() [127.0.0.20]:7777 (../lib/sbi/nghttp2-server.c:144)
08/19 12:48:33.614: [app] INFO: UDR initialize...done (../src/udr/app.c:31)
08/19 12:48:33.633: [udr] INFO: [5810b8ca-5e29-41ef-92e3-1f909f19d5bd] NF registred [Heartbeat:10s] (../src/udr/nf-sm.c:198)
Open5GS daemon v2.4.4

08/19 12:56:28.976: [app] INFO: Configuration: '/open5gs/install/etc/open5gs/udr.yaml' (../lib/app/ogs-init.c:129)
08/19 12:56:28.976: [app] INFO: File Logging: '/open5gs/install/var/log/open5gs/udr.log' (../lib/app/ogs-init.c:132)
08/19 12:56:29.010: [dbi] INFO: MongoDB URI: 'mongodb://localhost/open5gs' (../lib/dbi/ogs-mongoc.c:130)
08/19 12:56:29.012: [sbi] INFO: nghttp2_server() [127.0.0.20]:7777 (../lib/sbi/nghttp2-server.c:144)
08/19 12:56:29.015: [app] INFO: UDR initialize...done (../src/udr/app.c:31)
08/19 12:56:29.030: [udr] INFO: [736b7b0e-5e2a-41ef-ada6-713eaafee24e] NF registred [Heartbeat:10s] (../src/udr/nf-sm.c:198)
Open5GS daemon v2.4.4

08/19 13:00:08.221: [app] INFO: Configuration: '/open5gs/install/etc/open5gs/udr.yaml' (../lib/app/ogs-init.c:129)
08/19 13:00:08.222: [app] INFO: File Logging: '/open5gs/install/var/log/open5gs/udr.log' (../lib/app/ogs-init.c:132)
08/19 13:00:08.252: [dbi] INFO: MongoDB URI: 'mongodb://localhost/open5gs' (../lib/dbi/ogs-mongoc.c:130)
08/19 13:00:08.253: [sbi] INFO: nghttp2_server() [127.0.0.20]:7777 (../lib/sbi/nghttp2-server.c:144)
08/19 13:00:08.259: [app] INFO: UDR initialize...done (../src/udr/app.c:31)
08/19 13:00:08.266: [udr] INFO: [f618cd54-5e2a-41ef-96b5-89a66b5255e4] NF registred [Heartbeat:10s] (../src/udr/nf-sm.c:198)
Open5GS daemon v2.4.4

08/19 13:05:47.068: [app] INFO: Configuration: '/open5gs/install/etc/open5gs/udr.yaml' (../lib/app/ogs-init.c:129)
08/19 13:05:47.068: [app] INFO: File Logging: '/open5gs/install/var/log/open5gs/udr.log' (../lib/app/ogs-init.c:132)
08/19 13:05:47.113: [dbi] INFO: MongoDB URI: 'mongodb://localhost/open5gs' (../lib/dbi/ogs-mongoc.c:130)
08/19 13:05:47.114: [sbi] INFO: nghttp2_server() [127.0.0.20]:7777 (../lib/sbi/nghttp2-server.c:144)
08/19 13:05:47.123: [app] INFO: UDR initialize...done (../src/udr/app.c:31)
08/19 13:05:47.127: [udr] INFO: [c010c418-5e2b-41ef-8efe-1518586b7b04] NF registred [Heartbeat:10s] (../src/udr/nf-sm.c:198)
08/19 13:08:07.005: [app] INFO: SIGHUP received (../src/main.c:58)
Open5GS daemon v2.4.4

08/19 13:09:26.316: [app] INFO: Configuration: '/open5gs/install/etc/open5gs/udr.yaml' (../lib/app/ogs-init.c:129)
08/19 13:09:26.317: [app] INFO: File Logging: '/open5gs/install/var/log/open5gs/udr.log' (../lib/app/ogs-init.c:132)
08/19 13:09:26.344: [dbi] INFO: MongoDB URI: 'mongodb://localhost/open5gs' (../lib/dbi/ogs-mongoc.c:130)
08/19 13:09:26.346: [sbi] INFO: nghttp2_server() [127.0.0.20]:7777 (../lib/sbi/nghttp2-server.c:144)
08/19 13:09:26.348: [app] INFO: UDR initialize...done (../src/udr/app.c:31)
08/19 13:09:26.371: [udr] INFO: [42c0a59a-5e2c-41ef-81c8-2b3e21eb855c] NF registred [Heartbeat:10s] (../src/udr/nf-sm.c:198)
Open5GS daemon v2.4.4

08/19 13:10:15.770: [app] INFO: Configuration: '/open5gs/install/etc/open5gs/udr.yaml' (../lib/app/ogs-init.c:129)
08/19 13:10:15.770: [app] INFO: File Logging: '/open5gs/install/var/log/open5gs/udr.log' (../lib/app/ogs-init.c:132)
08/19 13:10:15.791: [dbi] INFO: MongoDB URI: 'mongodb://localhost/open5gs' (../lib/dbi/ogs-mongoc.c:130)
08/19 13:10:15.791: [sbi] INFO: nghttp2_server() [127.0.0.20]:7777 (../lib/sbi/nghttp2-server.c:144)
08/19 13:10:15.815: [app] INFO: UDR initialize...done (../src/udr/app.c:31)
08/19 13:10:15.815: [udr] INFO: [6039518a-5e2c-41ef-a2de-33a4cf0b6050] NF registred [Heartbeat:10s] (../src/udr/nf-sm.c:198)
Open5GS daemon v2.4.4

08/19 13:17:56.834: [app] INFO: Configuration: '/open5gs/install/etc/open5gs/udr.yaml' (../lib/app/ogs-init.c:129)
08/19 13:17:56.835: [app] INFO: File Logging: '/open5gs/install/var/log/open5gs/udr.log' (../lib/app/ogs-init.c:132)
08/19 13:17:56.936: [dbi] INFO: MongoDB URI: 'mongodb://localhost/open5gs' (../lib/dbi/ogs-mongoc.c:130)
08/19 13:17:56.959: [sbi] INFO: nghttp2_server() [127.0.0.20]:7777 (../lib/sbi/nghttp2-server.c:144)
08/19 13:17:56.981: [app] INFO: UDR initialize...done (../src/udr/app.c:31)
08/19 13:17:57.011: [udr] INFO: [730af344-5e2d-41ef-bceb-c18bb5ba55be] NF registred [Heartbeat:10s] (../src/udr/nf-sm.c:198)
Open5GS daemon v2.4.4

08/19 13:18:40.046: [app] INFO: Configuration: '/open5gs/install/etc/open5gs/udr.yaml' (../lib/app/ogs-init.c:129)
08/19 13:18:40.055: [app] INFO: File Logging: '/open5gs/install/var/log/open5gs/udr.log' (../lib/app/ogs-init.c:132)
08/19 13:18:40.163: [dbi] INFO: MongoDB URI: 'mongodb://localhost/open5gs' (../lib/dbi/ogs-mongoc.c:130)
08/19 13:18:40.165: [sbi] INFO: nghttp2_server() [127.0.0.20]:7777 (../lib/sbi/nghttp2-server.c:144)
08/19 13:18:40.180: [app] INFO: UDR initialize...done (../src/udr/app.c:31)
08/19 13:18:40.189: [udr] INFO: [8ccd5236-5e2d-41ef-b600-e551c769b2d2] NF registred [Heartbeat:10s] (../src/udr/nf-sm.c:198)
Open5GS daemon v2.4.4

08/19 13:20:59.857: [app] INFO: Configuration: '/open5gs/install/etc/open5gs/udr.yaml' (../lib/app/ogs-init.c:129)
08/19 13:20:59.859: [app] INFO: File Logging: '/open5gs/install/var/log/open5gs/udr.log' (../lib/app/ogs-init.c:132)
08/19 13:20:59.888: [dbi] INFO: MongoDB URI: 'mongodb://localhost/open5gs' (../lib/dbi/ogs-mongoc.c:130)
08/19 13:20:59.889: [sbi] INFO: nghttp2_server() [127.0.0.20]:7777 (../lib/sbi/nghttp2-server.c:144)
08/19 13:20:59.890: [app] INFO: UDR initialize...done (../src/udr/app.c:31)
08/19 13:20:59.904: [udr] INFO: [e0219c80-5e2d-41ef-9fc1-ed8eb85ea629] NF registred [Heartbeat:10s] (../src/udr/nf-sm.c:198)
08/19 13:30:25.055: [app] INFO: SIGHUP received (../src/main.c:58)
Open5GS daemon v2.4.4

08/19 13:33:21.169: [app] INFO: Configuration: '/open5gs/install/etc/open5gs/udr.yaml' (../lib/app/ogs-init.c:129)
08/19 13:33:21.171: [app] INFO: File Logging: '/open5gs/install/var/log/open5gs/udr.log' (../lib/app/ogs-init.c:132)
08/19 13:33:21.245: [dbi] INFO: MongoDB URI: 'mongodb://localhost/open5gs' (../lib/dbi/ogs-mongoc.c:130)
08/19 13:33:21.248: [sbi] INFO: nghttp2_server() [127.0.0.20]:7777 (../lib/sbi/nghttp2-server.c:144)
08/19 13:33:21.260: [app] INFO: UDR initialize...done (../src/udr/app.c:31)
08/19 13:33:21.279: [udr] INFO: [99fcc6a6-5e2f-41ef-b093-138a3dbca96f] NF registred [Heartbeat:10s] (../src/udr/nf-sm.c:198)
Open5GS daemon v2.4.4

08/19 13:45:10.711: [app] INFO: Configuration: '/open5gs/install/etc/open5gs/udr.yaml' (../lib/app/ogs-init.c:129)
08/19 13:45:10.720: [app] INFO: File Logging: '/open5gs/install/var/log/open5gs/udr.log' (../lib/app/ogs-init.c:132)
08/19 13:45:10.780: [dbi] INFO: MongoDB URI: 'mongodb://localhost/open5gs' (../lib/dbi/ogs-mongoc.c:130)
08/19 13:45:10.780: [sbi] INFO: nghttp2_server() [127.0.0.20]:7777 (../lib/sbi/nghttp2-server.c:144)
08/19 13:45:10.791: [udr] INFO: [40e96e78-5e31-41ef-993d-e9bebe8834ab] NF registred [Heartbeat:10s] (../src/udr/nf-sm.c:198)
08/19 13:45:10.795: [app] INFO: UDR initialize...done (../src/udr/app.c:31)
08/19 13:46:08.509: [app] INFO: SIGHUP received (../src/main.c:58)
Open5GS daemon v2.4.4

08/19 13:46:31.636: [app] INFO: Configuration: '/open5gs/install/etc/open5gs/udr.yaml' (../lib/app/ogs-init.c:129)
08/19 13:46:31.646: [app] INFO: File Logging: '/open5gs/install/var/log/open5gs/udr.log' (../lib/app/ogs-init.c:132)
08/19 13:46:31.708: [dbi] INFO: MongoDB URI: 'mongodb://localhost/open5gs' (../lib/dbi/ogs-mongoc.c:130)
08/19 13:46:31.713: [sbi] INFO: nghttp2_server() [127.0.0.20]:7777 (../lib/sbi/nghttp2-server.c:144)
08/19 13:46:31.718: [app] INFO: UDR initialize...done (../src/udr/app.c:31)
08/19 13:46:31.736: [udr] INFO: [71297baa-5e31-41ef-94e5-438193d7eb7e] NF registred [Heartbeat:10s] (../src/udr/nf-sm.c:198)
Open5GS daemon v2.4.4

08/19 14:21:50.040: [app] INFO: Configuration: '/open5gs/install/etc/open5gs/udr.yaml' (../lib/app/ogs-init.c:129)
08/19 14:21:50.040: [app] INFO: File Logging: '/open5gs/install/var/log/open5gs/udr.log' (../lib/app/ogs-init.c:132)
08/19 14:21:50.055: [dbi] INFO: MongoDB URI: 'mongodb://localhost/open5gs' (../lib/dbi/ogs-mongoc.c:130)
08/19 14:21:50.056: [sbi] INFO: nghttp2_server() [127.0.0.20]:7777 (../lib/sbi/nghttp2-server.c:144)
08/19 14:21:50.058: [app] INFO: UDR initialize...done (../src/udr/app.c:31)
08/19 14:21:50.066: [udr] INFO: [5fcf80a2-5e36-41ef-95c5-afc6603f9372] NF registred [Heartbeat:10s] (../src/udr/nf-sm.c:198)
Open5GS daemon v2.4.4

08/19 14:24:37.679: [app] INFO: Configuration: '/open5gs/install/etc/open5gs/udr.yaml' (../lib/app/ogs-init.c:129)
08/19 14:24:37.680: [app] INFO: File Logging: '/open5gs/install/var/log/open5gs/udr.log' (../lib/app/ogs-init.c:132)
08/19 14:24:37.733: [dbi] INFO: MongoDB URI: 'mongodb://localhost/open5gs' (../lib/dbi/ogs-mongoc.c:130)
08/19 14:24:37.734: [sbi] INFO: nghttp2_server() [127.0.0.20]:7777 (../lib/sbi/nghttp2-server.c:144)
08/19 14:24:37.738: [app] INFO: UDR initialize...done (../src/udr/app.c:31)
08/19 14:24:37.757: [udr] INFO: [c3baf3bc-5e36-41ef-8ee3-f9b110c761b2] NF registred [Heartbeat:10s] (../src/udr/nf-sm.c:198)
Open5GS daemon v2.4.4

08/19 14:27:11.992: [app] INFO: Configuration: '/open5gs/install/etc/open5gs/udr.yaml' (../lib/app/ogs-init.c:129)
08/19 14:27:11.992: [app] INFO: File Logging: '/open5gs/install/var/log/open5gs/udr.log' (../lib/app/ogs-init.c:132)
08/19 14:27:12.023: [dbi] INFO: MongoDB URI: 'mongodb://localhost/open5gs' (../lib/dbi/ogs-mongoc.c:130)
08/19 14:27:12.031: [sbi] INFO: nghttp2_server() [127.0.0.20]:7777 (../lib/sbi/nghttp2-server.c:144)
08/19 14:27:12.053: [app] INFO: UDR initialize...done (../src/udr/app.c:31)
08/19 14:27:12.062: [udr] INFO: [1fb5b468-5e37-41ef-8d43-a13b642f2887] NF registred [Heartbeat:10s] (../src/udr/nf-sm.c:198)
Open5GS daemon v2.4.4

08/19 14:32:41.930: [app] INFO: Configuration: '/open5gs/install/etc/open5gs/udr.yaml' (../lib/app/ogs-init.c:129)
08/19 14:32:41.933: [app] INFO: File Logging: '/open5gs/install/var/log/open5gs/udr.log' (../lib/app/ogs-init.c:132)
08/19 14:32:41.944: [dbi] INFO: MongoDB URI: 'mongodb://localhost/open5gs' (../lib/dbi/ogs-mongoc.c:130)
08/19 14:32:41.945: [sbi] INFO: nghttp2_server() [127.0.0.20]:7777 (../lib/sbi/nghttp2-server.c:144)
08/19 14:32:41.946: [app] INFO: UDR initialize...done (../src/udr/app.c:31)
08/19 14:32:41.969: [udr] INFO: [e45e1c9c-5e37-41ef-a3bb-776d8fa61cd4] NF registred [Heartbeat:10s] (../src/udr/nf-sm.c:198)
Open5GS daemon v2.4.4

08/19 14:36:25.429: [app] INFO: Configuration: '/open5gs/install/etc/open5gs/udr.yaml' (../lib/app/ogs-init.c:129)
08/19 14:36:25.496: [app] INFO: File Logging: '/open5gs/install/var/log/open5gs/udr.log' (../lib/app/ogs-init.c:132)
08/19 14:36:25.622: [dbi] INFO: MongoDB URI: 'mongodb://localhost/open5gs' (../lib/dbi/ogs-mongoc.c:130)
08/19 14:36:25.622: [sbi] INFO: nghttp2_server() [127.0.0.20]:7777 (../lib/sbi/nghttp2-server.c:144)
08/19 14:36:25.628: [app] INFO: UDR initialize...done (../src/udr/app.c:31)
08/19 14:36:25.633: [udr] INFO: [699f317a-5e38-41ef-a309-a9aaa42d1c9c] NF registred [Heartbeat:10s] (../src/udr/nf-sm.c:198)
Open5GS daemon v2.4.4

08/19 14:38:36.619: [app] INFO: Configuration: '/open5gs/install/etc/open5gs/udr.yaml' (../lib/app/ogs-init.c:129)
08/19 14:38:36.623: [app] INFO: File Logging: '/open5gs/install/var/log/open5gs/udr.log' (../lib/app/ogs-init.c:132)
08/19 14:38:36.637: [dbi] INFO: MongoDB URI: 'mongodb://localhost/open5gs' (../lib/dbi/ogs-mongoc.c:130)
08/19 14:38:36.639: [sbi] INFO: nghttp2_server() [127.0.0.20]:7777 (../lib/sbi/nghttp2-server.c:144)
08/19 14:38:36.641: [app] INFO: UDR initialize...done (../src/udr/app.c:31)
08/19 14:38:36.650: [udr] INFO: [b7c7f314-5e38-41ef-ba3e-4f1dcdd890f9] NF registred [Heartbeat:10s] (../src/udr/nf-sm.c:198)
Open5GS daemon v2.4.4

08/19 14:53:50.413: [app] INFO: Configuration: '/open5gs/install/etc/open5gs/udr.yaml' (../lib/app/ogs-init.c:129)
08/19 14:53:50.414: [app] INFO: File Logging: '/open5gs/install/var/log/open5gs/udr.log' (../lib/app/ogs-init.c:132)
08/19 14:53:50.456: [dbi] INFO: MongoDB URI: 'mongodb://localhost/open5gs' (../lib/dbi/ogs-mongoc.c:130)
08/19 14:53:50.456: [sbi] INFO: nghttp2_server() [127.0.0.20]:7777 (../lib/sbi/nghttp2-server.c:144)
08/19 14:53:50.484: [app] INFO: UDR initialize...done (../src/udr/app.c:31)
08/19 14:53:50.507: [udr] INFO: [d870ce68-5e3a-41ef-9f34-61e52b824e44] NF registred [Heartbeat:10s] (../src/udr/nf-sm.c:198)
Open5GS daemon v2.4.4

08/19 14:56:59.388: [app] INFO: Configuration: '/open5gs/install/etc/open5gs/udr.yaml' (../lib/app/ogs-init.c:129)
08/19 14:56:59.389: [app] INFO: File Logging: '/open5gs/install/var/log/open5gs/udr.log' (../lib/app/ogs-init.c:132)
08/19 14:56:59.423: [dbi] INFO: MongoDB URI: 'mongodb://localhost/open5gs' (../lib/dbi/ogs-mongoc.c:130)
08/19 14:56:59.424: [sbi] INFO: nghttp2_server() [127.0.0.20]:7777 (../lib/sbi/nghttp2-server.c:144)
08/19 14:56:59.438: [app] INFO: UDR initialize...done (../src/udr/app.c:31)
08/19 14:56:59.474: [udr] INFO: [49141c2e-5e3b-41ef-8e13-f331c48011ee] NF registred [Heartbeat:10s] (../src/udr/nf-sm.c:198)
Open5GS daemon v2.4.4

08/19 14:59:27.112: [app] INFO: Configuration: '/open5gs/install/etc/open5gs/udr.yaml' (../lib/app/ogs-init.c:129)
08/19 14:59:27.113: [app] INFO: File Logging: '/open5gs/install/var/log/open5gs/udr.log' (../lib/app/ogs-init.c:132)
08/19 14:59:27.121: [dbi] INFO: MongoDB URI: 'mongodb://localhost/open5gs' (../lib/dbi/ogs-mongoc.c:130)
08/19 14:59:27.122: [sbi] INFO: nghttp2_server() [127.0.0.20]:7777 (../lib/sbi/nghttp2-server.c:144)
08/19 14:59:27.123: [app] INFO: UDR initialize...done (../src/udr/app.c:31)
08/19 14:59:27.135: [udr] INFO: [a120e9f6-5e3b-41ef-b9fc-e9d86a2de95a] NF registred [Heartbeat:10s] (../src/udr/nf-sm.c:198)
